   1              		.cpu cortex-m4
   2              		.eabi_attribute 27, 1
   3              		.eabi_attribute 28, 1
   4              		.eabi_attribute 23, 1
   5              		.eabi_attribute 24, 1
   6              		.eabi_attribute 25, 1
   7              		.eabi_attribute 26, 1
   8              		.eabi_attribute 30, 6
   9              		.eabi_attribute 34, 1
  10              		.eabi_attribute 18, 4
  11              		.file	"main.c"
  12              		.text
  13              	.Ltext0:
  14              		.cfi_sections	.debug_frame
  15              		.comm	loop_count,2,2
  16              		.section	.text.main,"ax",%progbits
  17              		.align	1
  18              		.global	main
  19              		.syntax unified
  20              		.thumb
  21              		.thumb_func
  22              		.fpu fpv4-sp-d16
  24              	main:
  25              	.LFB0:
  26              		.file 1 "main.c"
   1:main.c        **** #include <stdint.h>
   2:main.c        **** 
   3:main.c        **** // #include "racerio.h"
   4:main.c        **** // #include "system.h"
   5:main.c        **** 
   6:main.c        **** // #include "rtt_debug.h"
   7:main.c        **** 
   8:main.c        **** // void Delay(volatile uint32_t nCount)
   9:main.c        **** // {
  10:main.c        **** //   for (; nCount != 0; nCount--)
  11:main.c        **** //     ;
  12:main.c        **** // }
  13:main.c        **** 
  14:main.c        **** uint16_t loop_count;
  15:main.c        **** 
  16:main.c        **** int main(void)
  17:main.c        **** {
  27              		.loc 1 17 0
  28              		.cfi_startproc
  29              		@ args = 0, pretend = 0, frame = 0
  30              		@ frame_needed = 0, uses_anonymous_args = 0
  31              		@ link register save eliminated.
  18:main.c        ****   //    LED_Init();
  19:main.c        ****   //  Motor_Init();
  20:main.c        ****   //  Encoder_Init();
  21:main.c        ****   //  Display_Init();
  22:main.c        ****   // Platform_Init();
  23:main.c        ****   // RACERIO_SetupDriver();
  24:main.c        ****   // //loop_count = 0;
  25:main.c        **** 
  26:main.c        ****   // // Setup tasks
  27:main.c        ****   // SetupSystemTask();
  28:main.c        **** 
  29:main.c        ****   // JLinkRTTPrintf(0, "RacerIO running\n", 0);
  30:main.c        **** 
  31:main.c        ****   // // Start RTOS scheduler
  32:main.c        ****   // vTaskStartScheduler();
  33:main.c        **** 
  34:main.c        ****   return 0;
  32              		.loc 1 34 0
  33 0000 0023     		movs	r3, #0
  35:main.c        **** }
  34              		.loc 1 35 0
  35 0002 1846     		mov	r0, r3
  36 0004 7047     		bx	lr
  37              		.cfi_endproc
  38              	.LFE0:
  40              		.text
  41              	.Letext0:
  42              		.file 2 "/home/rdu/Software/gcc-arm-none-eabi-7-2017-q4-major/arm-none-eabi/include/machine/_defau
  43              		.file 3 "/home/rdu/Software/gcc-arm-none-eabi-7-2017-q4-major/arm-none-eabi/include/sys/_stdint.h"
DEFINED SYMBOLS
                            *ABS*:0000000000000000 main.c
                            *COM*:0000000000000002 loop_count
     /tmp/cc0LjrAc.s:17     .text.main:0000000000000000 $t
     /tmp/cc0LjrAc.s:24     .text.main:0000000000000000 main

NO UNDEFINED SYMBOLS
