   1              		.cpu cortex-m4
   2              		.eabi_attribute 27, 1
   3              		.eabi_attribute 28, 1
   4              		.eabi_attribute 23, 1
   5              		.eabi_attribute 24, 1
   6              		.eabi_attribute 25, 1
   7              		.eabi_attribute 26, 1
   8              		.eabi_attribute 30, 6
   9              		.eabi_attribute 34, 1
  10              		.eabi_attribute 18, 4
  11              		.file	"stm32f4xx_rng.c"
  12              		.text
  13              	.Ltext0:
  14              		.cfi_sections	.debug_frame
  15              		.section	.text.RNG_DeInit,"ax",%progbits
  16              		.align	1
  17              		.global	RNG_DeInit
  18              		.syntax unified
  19              		.thumb
  20              		.thumb_func
  21              		.fpu fpv4-sp-d16
  23              	RNG_DeInit:
  24              	.LFB123:
  25              		.file 1 "/home/rdu/Workspace/project_templates/mcu/stm32_ws/src/libraries/STM32F4xx_StdPeriph_Driv
   1:/home/rdu/Workspace/project_templates/mcu/stm32_ws/src/libraries/STM32F4xx_StdPeriph_Driver/src/stm32f4xx_rng.c **** /**
   2:/home/rdu/Workspace/project_templates/mcu/stm32_ws/src/libraries/STM32F4xx_StdPeriph_Driver/src/stm32f4xx_rng.c ****   ******************************************************************************
   3:/home/rdu/Workspace/project_templates/mcu/stm32_ws/src/libraries/STM32F4xx_StdPeriph_Driver/src/stm32f4xx_rng.c ****   * @file    stm32f4xx_rng.c
   4:/home/rdu/Workspace/project_templates/mcu/stm32_ws/src/libraries/STM32F4xx_StdPeriph_Driver/src/stm32f4xx_rng.c ****   * @author  MCD Application Team
   5:/home/rdu/Workspace/project_templates/mcu/stm32_ws/src/libraries/STM32F4xx_StdPeriph_Driver/src/stm32f4xx_rng.c ****   * @version V1.8.0
   6:/home/rdu/Workspace/project_templates/mcu/stm32_ws/src/libraries/STM32F4xx_StdPeriph_Driver/src/stm32f4xx_rng.c ****   * @date    04-November-2016
   7:/home/rdu/Workspace/project_templates/mcu/stm32_ws/src/libraries/STM32F4xx_StdPeriph_Driver/src/stm32f4xx_rng.c ****   * @brief This file provides firmware functions to manage the following 
   8:/home/rdu/Workspace/project_templates/mcu/stm32_ws/src/libraries/STM32F4xx_StdPeriph_Driver/src/stm32f4xx_rng.c ****   *          functionalities of the Random Number Generator (RNG) peripheral:           
   9:/home/rdu/Workspace/project_templates/mcu/stm32_ws/src/libraries/STM32F4xx_StdPeriph_Driver/src/stm32f4xx_rng.c ****   *           + Initialization and Configuration 
  10:/home/rdu/Workspace/project_templates/mcu/stm32_ws/src/libraries/STM32F4xx_StdPeriph_Driver/src/stm32f4xx_rng.c ****   *           + Get 32 bit Random number      
  11:/home/rdu/Workspace/project_templates/mcu/stm32_ws/src/libraries/STM32F4xx_StdPeriph_Driver/src/stm32f4xx_rng.c ****   *           + Interrupts and flags management       
  12:/home/rdu/Workspace/project_templates/mcu/stm32_ws/src/libraries/STM32F4xx_StdPeriph_Driver/src/stm32f4xx_rng.c ****   *         
  13:/home/rdu/Workspace/project_templates/mcu/stm32_ws/src/libraries/STM32F4xx_StdPeriph_Driver/src/stm32f4xx_rng.c **** @verbatim
  14:/home/rdu/Workspace/project_templates/mcu/stm32_ws/src/libraries/STM32F4xx_StdPeriph_Driver/src/stm32f4xx_rng.c ****                                  
  15:/home/rdu/Workspace/project_templates/mcu/stm32_ws/src/libraries/STM32F4xx_StdPeriph_Driver/src/stm32f4xx_rng.c ****  ===================================================================      
  16:/home/rdu/Workspace/project_templates/mcu/stm32_ws/src/libraries/STM32F4xx_StdPeriph_Driver/src/stm32f4xx_rng.c ****                  ##### How to use this driver #####
  17:/home/rdu/Workspace/project_templates/mcu/stm32_ws/src/libraries/STM32F4xx_StdPeriph_Driver/src/stm32f4xx_rng.c ****  ===================================================================          
  18:/home/rdu/Workspace/project_templates/mcu/stm32_ws/src/libraries/STM32F4xx_StdPeriph_Driver/src/stm32f4xx_rng.c ****  [..]
  19:/home/rdu/Workspace/project_templates/mcu/stm32_ws/src/libraries/STM32F4xx_StdPeriph_Driver/src/stm32f4xx_rng.c ****    (#) Enable The RNG controller clock using 
  20:/home/rdu/Workspace/project_templates/mcu/stm32_ws/src/libraries/STM32F4xx_StdPeriph_Driver/src/stm32f4xx_rng.c ****        RCC_AHB2PeriphClockCmd(RCC_AHB2Periph_RNG, ENABLE) function.
  21:/home/rdu/Workspace/project_templates/mcu/stm32_ws/src/libraries/STM32F4xx_StdPeriph_Driver/src/stm32f4xx_rng.c ****                 
  22:/home/rdu/Workspace/project_templates/mcu/stm32_ws/src/libraries/STM32F4xx_StdPeriph_Driver/src/stm32f4xx_rng.c ****    (#) Activate the RNG peripheral using RNG_Cmd() function.
  23:/home/rdu/Workspace/project_templates/mcu/stm32_ws/src/libraries/STM32F4xx_StdPeriph_Driver/src/stm32f4xx_rng.c ****             
  24:/home/rdu/Workspace/project_templates/mcu/stm32_ws/src/libraries/STM32F4xx_StdPeriph_Driver/src/stm32f4xx_rng.c ****    (#) Wait until the 32 bit Random number Generator contains a valid  random data
  25:/home/rdu/Workspace/project_templates/mcu/stm32_ws/src/libraries/STM32F4xx_StdPeriph_Driver/src/stm32f4xx_rng.c ****       (using polling/interrupt mode). For more details, refer to "Interrupts and 
  26:/home/rdu/Workspace/project_templates/mcu/stm32_ws/src/libraries/STM32F4xx_StdPeriph_Driver/src/stm32f4xx_rng.c ****       flags management functions" module description.
  27:/home/rdu/Workspace/project_templates/mcu/stm32_ws/src/libraries/STM32F4xx_StdPeriph_Driver/src/stm32f4xx_rng.c ****              
  28:/home/rdu/Workspace/project_templates/mcu/stm32_ws/src/libraries/STM32F4xx_StdPeriph_Driver/src/stm32f4xx_rng.c ****    (#) Get the 32 bit Random number using RNG_GetRandomNumber() function
  29:/home/rdu/Workspace/project_templates/mcu/stm32_ws/src/libraries/STM32F4xx_StdPeriph_Driver/src/stm32f4xx_rng.c ****             
  30:/home/rdu/Workspace/project_templates/mcu/stm32_ws/src/libraries/STM32F4xx_StdPeriph_Driver/src/stm32f4xx_rng.c ****    (#) To get another 32 bit Random number, go to step 3.       
  31:/home/rdu/Workspace/project_templates/mcu/stm32_ws/src/libraries/STM32F4xx_StdPeriph_Driver/src/stm32f4xx_rng.c ****          
  32:/home/rdu/Workspace/project_templates/mcu/stm32_ws/src/libraries/STM32F4xx_StdPeriph_Driver/src/stm32f4xx_rng.c ****                 
  33:/home/rdu/Workspace/project_templates/mcu/stm32_ws/src/libraries/STM32F4xx_StdPeriph_Driver/src/stm32f4xx_rng.c **** @endverbatim
  34:/home/rdu/Workspace/project_templates/mcu/stm32_ws/src/libraries/STM32F4xx_StdPeriph_Driver/src/stm32f4xx_rng.c ****   *         
  35:/home/rdu/Workspace/project_templates/mcu/stm32_ws/src/libraries/STM32F4xx_StdPeriph_Driver/src/stm32f4xx_rng.c ****   ******************************************************************************
  36:/home/rdu/Workspace/project_templates/mcu/stm32_ws/src/libraries/STM32F4xx_StdPeriph_Driver/src/stm32f4xx_rng.c ****   * @attention
  37:/home/rdu/Workspace/project_templates/mcu/stm32_ws/src/libraries/STM32F4xx_StdPeriph_Driver/src/stm32f4xx_rng.c ****   *
  38:/home/rdu/Workspace/project_templates/mcu/stm32_ws/src/libraries/STM32F4xx_StdPeriph_Driver/src/stm32f4xx_rng.c ****   * <h2><center>&copy; COPYRIGHT 2016 STMicroelectronics</center></h2>
  39:/home/rdu/Workspace/project_templates/mcu/stm32_ws/src/libraries/STM32F4xx_StdPeriph_Driver/src/stm32f4xx_rng.c ****   *
  40:/home/rdu/Workspace/project_templates/mcu/stm32_ws/src/libraries/STM32F4xx_StdPeriph_Driver/src/stm32f4xx_rng.c ****   * Licensed under MCD-ST Liberty SW License Agreement V2, (the "License");
  41:/home/rdu/Workspace/project_templates/mcu/stm32_ws/src/libraries/STM32F4xx_StdPeriph_Driver/src/stm32f4xx_rng.c ****   * You may not use this file except in compliance with the License.
  42:/home/rdu/Workspace/project_templates/mcu/stm32_ws/src/libraries/STM32F4xx_StdPeriph_Driver/src/stm32f4xx_rng.c ****   * You may obtain a copy of the License at:
  43:/home/rdu/Workspace/project_templates/mcu/stm32_ws/src/libraries/STM32F4xx_StdPeriph_Driver/src/stm32f4xx_rng.c ****   *
  44:/home/rdu/Workspace/project_templates/mcu/stm32_ws/src/libraries/STM32F4xx_StdPeriph_Driver/src/stm32f4xx_rng.c ****   *        http://www.st.com/software_license_agreement_liberty_v2
  45:/home/rdu/Workspace/project_templates/mcu/stm32_ws/src/libraries/STM32F4xx_StdPeriph_Driver/src/stm32f4xx_rng.c ****   *
  46:/home/rdu/Workspace/project_templates/mcu/stm32_ws/src/libraries/STM32F4xx_StdPeriph_Driver/src/stm32f4xx_rng.c ****   * Unless required by applicable law or agreed to in writing, software 
  47:/home/rdu/Workspace/project_templates/mcu/stm32_ws/src/libraries/STM32F4xx_StdPeriph_Driver/src/stm32f4xx_rng.c ****   * distributed under the License is distributed on an "AS IS" BASIS, 
  48:/home/rdu/Workspace/project_templates/mcu/stm32_ws/src/libraries/STM32F4xx_StdPeriph_Driver/src/stm32f4xx_rng.c ****   * WITHOUT WARRANTIES OR CONDITIONS OF ANY KIND, either express or implied.
  49:/home/rdu/Workspace/project_templates/mcu/stm32_ws/src/libraries/STM32F4xx_StdPeriph_Driver/src/stm32f4xx_rng.c ****   * See the License for the specific language governing permissions and
  50:/home/rdu/Workspace/project_templates/mcu/stm32_ws/src/libraries/STM32F4xx_StdPeriph_Driver/src/stm32f4xx_rng.c ****   * limitations under the License.
  51:/home/rdu/Workspace/project_templates/mcu/stm32_ws/src/libraries/STM32F4xx_StdPeriph_Driver/src/stm32f4xx_rng.c ****   *
  52:/home/rdu/Workspace/project_templates/mcu/stm32_ws/src/libraries/STM32F4xx_StdPeriph_Driver/src/stm32f4xx_rng.c ****   ******************************************************************************  
  53:/home/rdu/Workspace/project_templates/mcu/stm32_ws/src/libraries/STM32F4xx_StdPeriph_Driver/src/stm32f4xx_rng.c ****   */
  54:/home/rdu/Workspace/project_templates/mcu/stm32_ws/src/libraries/STM32F4xx_StdPeriph_Driver/src/stm32f4xx_rng.c **** 
  55:/home/rdu/Workspace/project_templates/mcu/stm32_ws/src/libraries/STM32F4xx_StdPeriph_Driver/src/stm32f4xx_rng.c **** /* Includes ------------------------------------------------------------------*/
  56:/home/rdu/Workspace/project_templates/mcu/stm32_ws/src/libraries/STM32F4xx_StdPeriph_Driver/src/stm32f4xx_rng.c **** #include "stm32f4xx_rng.h"
  57:/home/rdu/Workspace/project_templates/mcu/stm32_ws/src/libraries/STM32F4xx_StdPeriph_Driver/src/stm32f4xx_rng.c **** #include "stm32f4xx_rcc.h"
  58:/home/rdu/Workspace/project_templates/mcu/stm32_ws/src/libraries/STM32F4xx_StdPeriph_Driver/src/stm32f4xx_rng.c **** 
  59:/home/rdu/Workspace/project_templates/mcu/stm32_ws/src/libraries/STM32F4xx_StdPeriph_Driver/src/stm32f4xx_rng.c **** /** @addtogroup STM32F4xx_StdPeriph_Driver
  60:/home/rdu/Workspace/project_templates/mcu/stm32_ws/src/libraries/STM32F4xx_StdPeriph_Driver/src/stm32f4xx_rng.c ****   * @{
  61:/home/rdu/Workspace/project_templates/mcu/stm32_ws/src/libraries/STM32F4xx_StdPeriph_Driver/src/stm32f4xx_rng.c ****   */
  62:/home/rdu/Workspace/project_templates/mcu/stm32_ws/src/libraries/STM32F4xx_StdPeriph_Driver/src/stm32f4xx_rng.c **** 
  63:/home/rdu/Workspace/project_templates/mcu/stm32_ws/src/libraries/STM32F4xx_StdPeriph_Driver/src/stm32f4xx_rng.c **** /** @defgroup RNG 
  64:/home/rdu/Workspace/project_templates/mcu/stm32_ws/src/libraries/STM32F4xx_StdPeriph_Driver/src/stm32f4xx_rng.c ****   * @brief RNG driver modules
  65:/home/rdu/Workspace/project_templates/mcu/stm32_ws/src/libraries/STM32F4xx_StdPeriph_Driver/src/stm32f4xx_rng.c ****   * @{
  66:/home/rdu/Workspace/project_templates/mcu/stm32_ws/src/libraries/STM32F4xx_StdPeriph_Driver/src/stm32f4xx_rng.c ****   */ 
  67:/home/rdu/Workspace/project_templates/mcu/stm32_ws/src/libraries/STM32F4xx_StdPeriph_Driver/src/stm32f4xx_rng.c **** #if defined(STM32F40_41xxx) || defined(STM32F427_437xx) || defined(STM32F410xx) || defined(STM32F41
  68:/home/rdu/Workspace/project_templates/mcu/stm32_ws/src/libraries/STM32F4xx_StdPeriph_Driver/src/stm32f4xx_rng.c **** /* Private typedef -----------------------------------------------------------*/
  69:/home/rdu/Workspace/project_templates/mcu/stm32_ws/src/libraries/STM32F4xx_StdPeriph_Driver/src/stm32f4xx_rng.c **** /* Private define ------------------------------------------------------------*/
  70:/home/rdu/Workspace/project_templates/mcu/stm32_ws/src/libraries/STM32F4xx_StdPeriph_Driver/src/stm32f4xx_rng.c **** /* Private macro -------------------------------------------------------------*/
  71:/home/rdu/Workspace/project_templates/mcu/stm32_ws/src/libraries/STM32F4xx_StdPeriph_Driver/src/stm32f4xx_rng.c **** /* Private variables ---------------------------------------------------------*/
  72:/home/rdu/Workspace/project_templates/mcu/stm32_ws/src/libraries/STM32F4xx_StdPeriph_Driver/src/stm32f4xx_rng.c **** /* Private function prototypes -----------------------------------------------*/
  73:/home/rdu/Workspace/project_templates/mcu/stm32_ws/src/libraries/STM32F4xx_StdPeriph_Driver/src/stm32f4xx_rng.c **** /* Private functions ---------------------------------------------------------*/
  74:/home/rdu/Workspace/project_templates/mcu/stm32_ws/src/libraries/STM32F4xx_StdPeriph_Driver/src/stm32f4xx_rng.c **** 
  75:/home/rdu/Workspace/project_templates/mcu/stm32_ws/src/libraries/STM32F4xx_StdPeriph_Driver/src/stm32f4xx_rng.c **** /** @defgroup RNG_Private_Functions
  76:/home/rdu/Workspace/project_templates/mcu/stm32_ws/src/libraries/STM32F4xx_StdPeriph_Driver/src/stm32f4xx_rng.c ****   * @{
  77:/home/rdu/Workspace/project_templates/mcu/stm32_ws/src/libraries/STM32F4xx_StdPeriph_Driver/src/stm32f4xx_rng.c ****   */ 
  78:/home/rdu/Workspace/project_templates/mcu/stm32_ws/src/libraries/STM32F4xx_StdPeriph_Driver/src/stm32f4xx_rng.c **** 
  79:/home/rdu/Workspace/project_templates/mcu/stm32_ws/src/libraries/STM32F4xx_StdPeriph_Driver/src/stm32f4xx_rng.c **** /** @defgroup RNG_Group1 Initialization and Configuration functions
  80:/home/rdu/Workspace/project_templates/mcu/stm32_ws/src/libraries/STM32F4xx_StdPeriph_Driver/src/stm32f4xx_rng.c ****  *  @brief    Initialization and Configuration functions 
  81:/home/rdu/Workspace/project_templates/mcu/stm32_ws/src/libraries/STM32F4xx_StdPeriph_Driver/src/stm32f4xx_rng.c ****  *
  82:/home/rdu/Workspace/project_templates/mcu/stm32_ws/src/libraries/STM32F4xx_StdPeriph_Driver/src/stm32f4xx_rng.c **** @verbatim    
  83:/home/rdu/Workspace/project_templates/mcu/stm32_ws/src/libraries/STM32F4xx_StdPeriph_Driver/src/stm32f4xx_rng.c ****  ===============================================================================
  84:/home/rdu/Workspace/project_templates/mcu/stm32_ws/src/libraries/STM32F4xx_StdPeriph_Driver/src/stm32f4xx_rng.c ****              ##### Initialization and Configuration functions #####
  85:/home/rdu/Workspace/project_templates/mcu/stm32_ws/src/libraries/STM32F4xx_StdPeriph_Driver/src/stm32f4xx_rng.c ****  ===============================================================================  
  86:/home/rdu/Workspace/project_templates/mcu/stm32_ws/src/libraries/STM32F4xx_StdPeriph_Driver/src/stm32f4xx_rng.c ****  [..] This section provides functions allowing to 
  87:/home/rdu/Workspace/project_templates/mcu/stm32_ws/src/libraries/STM32F4xx_StdPeriph_Driver/src/stm32f4xx_rng.c ****    (+) Initialize the RNG peripheral
  88:/home/rdu/Workspace/project_templates/mcu/stm32_ws/src/libraries/STM32F4xx_StdPeriph_Driver/src/stm32f4xx_rng.c ****    (+) Enable or disable the RNG peripheral
  89:/home/rdu/Workspace/project_templates/mcu/stm32_ws/src/libraries/STM32F4xx_StdPeriph_Driver/src/stm32f4xx_rng.c ****    
  90:/home/rdu/Workspace/project_templates/mcu/stm32_ws/src/libraries/STM32F4xx_StdPeriph_Driver/src/stm32f4xx_rng.c **** @endverbatim
  91:/home/rdu/Workspace/project_templates/mcu/stm32_ws/src/libraries/STM32F4xx_StdPeriph_Driver/src/stm32f4xx_rng.c ****   * @{
  92:/home/rdu/Workspace/project_templates/mcu/stm32_ws/src/libraries/STM32F4xx_StdPeriph_Driver/src/stm32f4xx_rng.c ****   */
  93:/home/rdu/Workspace/project_templates/mcu/stm32_ws/src/libraries/STM32F4xx_StdPeriph_Driver/src/stm32f4xx_rng.c **** 
  94:/home/rdu/Workspace/project_templates/mcu/stm32_ws/src/libraries/STM32F4xx_StdPeriph_Driver/src/stm32f4xx_rng.c **** /**
  95:/home/rdu/Workspace/project_templates/mcu/stm32_ws/src/libraries/STM32F4xx_StdPeriph_Driver/src/stm32f4xx_rng.c ****   * @brief  De-initializes the RNG peripheral registers to their default reset values.
  96:/home/rdu/Workspace/project_templates/mcu/stm32_ws/src/libraries/STM32F4xx_StdPeriph_Driver/src/stm32f4xx_rng.c ****   * @param  None
  97:/home/rdu/Workspace/project_templates/mcu/stm32_ws/src/libraries/STM32F4xx_StdPeriph_Driver/src/stm32f4xx_rng.c ****   * @retval None
  98:/home/rdu/Workspace/project_templates/mcu/stm32_ws/src/libraries/STM32F4xx_StdPeriph_Driver/src/stm32f4xx_rng.c ****   */
  99:/home/rdu/Workspace/project_templates/mcu/stm32_ws/src/libraries/STM32F4xx_StdPeriph_Driver/src/stm32f4xx_rng.c **** void RNG_DeInit(void)
 100:/home/rdu/Workspace/project_templates/mcu/stm32_ws/src/libraries/STM32F4xx_StdPeriph_Driver/src/stm32f4xx_rng.c **** {
  26              		.loc 1 100 0
  27              		.cfi_startproc
  28              		@ args = 0, pretend = 0, frame = 0
  29              		@ frame_needed = 0, uses_anonymous_args = 0
  30 0000 08B5     		push	{r3, lr}
  31              	.LCFI0:
  32              		.cfi_def_cfa_offset 8
  33              		.cfi_offset 3, -8
  34              		.cfi_offset 14, -4
 101:/home/rdu/Workspace/project_templates/mcu/stm32_ws/src/libraries/STM32F4xx_StdPeriph_Driver/src/stm32f4xx_rng.c **** #if defined(STM32F40_41xxx) || defined(STM32F427_437xx) || defined(STM32F429_439xx) || defined(STM3
 102:/home/rdu/Workspace/project_templates/mcu/stm32_ws/src/libraries/STM32F4xx_StdPeriph_Driver/src/stm32f4xx_rng.c ****   /* Enable RNG reset state */
 103:/home/rdu/Workspace/project_templates/mcu/stm32_ws/src/libraries/STM32F4xx_StdPeriph_Driver/src/stm32f4xx_rng.c ****   RCC_AHB2PeriphResetCmd(RCC_AHB2Periph_RNG, ENABLE);
  35              		.loc 1 103 0
  36 0002 0121     		movs	r1, #1
  37 0004 4020     		movs	r0, #64
  38 0006 FFF7FEFF 		bl	RCC_AHB2PeriphResetCmd
 104:/home/rdu/Workspace/project_templates/mcu/stm32_ws/src/libraries/STM32F4xx_StdPeriph_Driver/src/stm32f4xx_rng.c **** 
 105:/home/rdu/Workspace/project_templates/mcu/stm32_ws/src/libraries/STM32F4xx_StdPeriph_Driver/src/stm32f4xx_rng.c ****   /* Release RNG from reset state */
 106:/home/rdu/Workspace/project_templates/mcu/stm32_ws/src/libraries/STM32F4xx_StdPeriph_Driver/src/stm32f4xx_rng.c ****   RCC_AHB2PeriphResetCmd(RCC_AHB2Periph_RNG, DISABLE);
  39              		.loc 1 106 0
  40 000a 0021     		movs	r1, #0
  41 000c 4020     		movs	r0, #64
  42 000e FFF7FEFF 		bl	RCC_AHB2PeriphResetCmd
 107:/home/rdu/Workspace/project_templates/mcu/stm32_ws/src/libraries/STM32F4xx_StdPeriph_Driver/src/stm32f4xx_rng.c **** #endif /* STM32F40_41xxx || STM32F427_437xx || STM32F429_439xx || STM32F469_479xx */
 108:/home/rdu/Workspace/project_templates/mcu/stm32_ws/src/libraries/STM32F4xx_StdPeriph_Driver/src/stm32f4xx_rng.c **** #if defined(STM32F410xx)
 109:/home/rdu/Workspace/project_templates/mcu/stm32_ws/src/libraries/STM32F4xx_StdPeriph_Driver/src/stm32f4xx_rng.c ****    /* Enable RNG reset state */
 110:/home/rdu/Workspace/project_templates/mcu/stm32_ws/src/libraries/STM32F4xx_StdPeriph_Driver/src/stm32f4xx_rng.c ****   RCC_AHB1PeriphResetCmd(RCC_AHB1Periph_RNG, ENABLE);
 111:/home/rdu/Workspace/project_templates/mcu/stm32_ws/src/libraries/STM32F4xx_StdPeriph_Driver/src/stm32f4xx_rng.c **** 
 112:/home/rdu/Workspace/project_templates/mcu/stm32_ws/src/libraries/STM32F4xx_StdPeriph_Driver/src/stm32f4xx_rng.c ****   /* Release RNG from reset state */
 113:/home/rdu/Workspace/project_templates/mcu/stm32_ws/src/libraries/STM32F4xx_StdPeriph_Driver/src/stm32f4xx_rng.c ****   RCC_AHB1PeriphResetCmd(RCC_AHB1Periph_RNG, DISABLE); 
 114:/home/rdu/Workspace/project_templates/mcu/stm32_ws/src/libraries/STM32F4xx_StdPeriph_Driver/src/stm32f4xx_rng.c **** #endif /* STM32F410xx*/  
 115:/home/rdu/Workspace/project_templates/mcu/stm32_ws/src/libraries/STM32F4xx_StdPeriph_Driver/src/stm32f4xx_rng.c **** }
  43              		.loc 1 115 0
  44 0012 00BF     		nop
  45 0014 08BD     		pop	{r3, pc}
  46              		.cfi_endproc
  47              	.LFE123:
  49              		.section	.text.RNG_Cmd,"ax",%progbits
  50              		.align	1
  51              		.global	RNG_Cmd
  52              		.syntax unified
  53              		.thumb
  54              		.thumb_func
  55              		.fpu fpv4-sp-d16
  57              	RNG_Cmd:
  58              	.LFB124:
 116:/home/rdu/Workspace/project_templates/mcu/stm32_ws/src/libraries/STM32F4xx_StdPeriph_Driver/src/stm32f4xx_rng.c **** 
 117:/home/rdu/Workspace/project_templates/mcu/stm32_ws/src/libraries/STM32F4xx_StdPeriph_Driver/src/stm32f4xx_rng.c **** /**
 118:/home/rdu/Workspace/project_templates/mcu/stm32_ws/src/libraries/STM32F4xx_StdPeriph_Driver/src/stm32f4xx_rng.c ****   * @brief  Enables or disables the RNG peripheral.
 119:/home/rdu/Workspace/project_templates/mcu/stm32_ws/src/libraries/STM32F4xx_StdPeriph_Driver/src/stm32f4xx_rng.c ****   * @param  NewState: new state of the RNG peripheral.
 120:/home/rdu/Workspace/project_templates/mcu/stm32_ws/src/libraries/STM32F4xx_StdPeriph_Driver/src/stm32f4xx_rng.c ****   *          This parameter can be: ENABLE or DISABLE.
 121:/home/rdu/Workspace/project_templates/mcu/stm32_ws/src/libraries/STM32F4xx_StdPeriph_Driver/src/stm32f4xx_rng.c ****   * @retval None
 122:/home/rdu/Workspace/project_templates/mcu/stm32_ws/src/libraries/STM32F4xx_StdPeriph_Driver/src/stm32f4xx_rng.c ****   */
 123:/home/rdu/Workspace/project_templates/mcu/stm32_ws/src/libraries/STM32F4xx_StdPeriph_Driver/src/stm32f4xx_rng.c **** void RNG_Cmd(FunctionalState NewState)
 124:/home/rdu/Workspace/project_templates/mcu/stm32_ws/src/libraries/STM32F4xx_StdPeriph_Driver/src/stm32f4xx_rng.c **** {
  59              		.loc 1 124 0
  60              		.cfi_startproc
  61              		@ args = 0, pretend = 0, frame = 8
  62              		@ frame_needed = 0, uses_anonymous_args = 0
  63              		@ link register save eliminated.
  64 0000 82B0     		sub	sp, sp, #8
  65              	.LCFI1:
  66              		.cfi_def_cfa_offset 8
  67 0002 0346     		mov	r3, r0
  68 0004 8DF80730 		strb	r3, [sp, #7]
 125:/home/rdu/Workspace/project_templates/mcu/stm32_ws/src/libraries/STM32F4xx_StdPeriph_Driver/src/stm32f4xx_rng.c ****   /* Check the parameters */
 126:/home/rdu/Workspace/project_templates/mcu/stm32_ws/src/libraries/STM32F4xx_StdPeriph_Driver/src/stm32f4xx_rng.c ****   assert_param(IS_FUNCTIONAL_STATE(NewState));
 127:/home/rdu/Workspace/project_templates/mcu/stm32_ws/src/libraries/STM32F4xx_StdPeriph_Driver/src/stm32f4xx_rng.c **** 
 128:/home/rdu/Workspace/project_templates/mcu/stm32_ws/src/libraries/STM32F4xx_StdPeriph_Driver/src/stm32f4xx_rng.c ****   if (NewState != DISABLE)
  69              		.loc 1 128 0
  70 0008 9DF80730 		ldrb	r3, [sp, #7]	@ zero_extendqisi2
  71 000c 002B     		cmp	r3, #0
  72 000e 06D0     		beq	.L3
 129:/home/rdu/Workspace/project_templates/mcu/stm32_ws/src/libraries/STM32F4xx_StdPeriph_Driver/src/stm32f4xx_rng.c ****   {
 130:/home/rdu/Workspace/project_templates/mcu/stm32_ws/src/libraries/STM32F4xx_StdPeriph_Driver/src/stm32f4xx_rng.c ****     /* Enable the RNG */
 131:/home/rdu/Workspace/project_templates/mcu/stm32_ws/src/libraries/STM32F4xx_StdPeriph_Driver/src/stm32f4xx_rng.c ****     RNG->CR |= RNG_CR_RNGEN;
  73              		.loc 1 131 0
  74 0010 074B     		ldr	r3, .L6
  75 0012 1B68     		ldr	r3, [r3]
  76 0014 064A     		ldr	r2, .L6
  77 0016 43F00403 		orr	r3, r3, #4
  78 001a 1360     		str	r3, [r2]
 132:/home/rdu/Workspace/project_templates/mcu/stm32_ws/src/libraries/STM32F4xx_StdPeriph_Driver/src/stm32f4xx_rng.c ****   }
 133:/home/rdu/Workspace/project_templates/mcu/stm32_ws/src/libraries/STM32F4xx_StdPeriph_Driver/src/stm32f4xx_rng.c ****   else
 134:/home/rdu/Workspace/project_templates/mcu/stm32_ws/src/libraries/STM32F4xx_StdPeriph_Driver/src/stm32f4xx_rng.c ****   {
 135:/home/rdu/Workspace/project_templates/mcu/stm32_ws/src/libraries/STM32F4xx_StdPeriph_Driver/src/stm32f4xx_rng.c ****     /* Disable the RNG */
 136:/home/rdu/Workspace/project_templates/mcu/stm32_ws/src/libraries/STM32F4xx_StdPeriph_Driver/src/stm32f4xx_rng.c ****     RNG->CR &= ~RNG_CR_RNGEN;
 137:/home/rdu/Workspace/project_templates/mcu/stm32_ws/src/libraries/STM32F4xx_StdPeriph_Driver/src/stm32f4xx_rng.c ****   }
 138:/home/rdu/Workspace/project_templates/mcu/stm32_ws/src/libraries/STM32F4xx_StdPeriph_Driver/src/stm32f4xx_rng.c **** }
  79              		.loc 1 138 0
  80 001c 05E0     		b	.L5
  81              	.L3:
 136:/home/rdu/Workspace/project_templates/mcu/stm32_ws/src/libraries/STM32F4xx_StdPeriph_Driver/src/stm32f4xx_rng.c ****   }
  82              		.loc 1 136 0
  83 001e 044B     		ldr	r3, .L6
  84 0020 1B68     		ldr	r3, [r3]
  85 0022 034A     		ldr	r2, .L6
  86 0024 23F00403 		bic	r3, r3, #4
  87 0028 1360     		str	r3, [r2]
  88              	.L5:
  89              		.loc 1 138 0
  90 002a 00BF     		nop
  91 002c 02B0     		add	sp, sp, #8
  92              	.LCFI2:
  93              		.cfi_def_cfa_offset 0
  94              		@ sp needed
  95 002e 7047     		bx	lr
  96              	.L7:
  97              		.align	2
  98              	.L6:
  99 0030 00080650 		.word	1342572544
 100              		.cfi_endproc
 101              	.LFE124:
 103              		.section	.text.RNG_GetRandomNumber,"ax",%progbits
 104              		.align	1
 105              		.global	RNG_GetRandomNumber
 106              		.syntax unified
 107              		.thumb
 108              		.thumb_func
 109              		.fpu fpv4-sp-d16
 111              	RNG_GetRandomNumber:
 112              	.LFB125:
 139:/home/rdu/Workspace/project_templates/mcu/stm32_ws/src/libraries/STM32F4xx_StdPeriph_Driver/src/stm32f4xx_rng.c **** /**
 140:/home/rdu/Workspace/project_templates/mcu/stm32_ws/src/libraries/STM32F4xx_StdPeriph_Driver/src/stm32f4xx_rng.c ****   * @}
 141:/home/rdu/Workspace/project_templates/mcu/stm32_ws/src/libraries/STM32F4xx_StdPeriph_Driver/src/stm32f4xx_rng.c ****   */
 142:/home/rdu/Workspace/project_templates/mcu/stm32_ws/src/libraries/STM32F4xx_StdPeriph_Driver/src/stm32f4xx_rng.c **** 
 143:/home/rdu/Workspace/project_templates/mcu/stm32_ws/src/libraries/STM32F4xx_StdPeriph_Driver/src/stm32f4xx_rng.c **** /** @defgroup RNG_Group2 Get 32 bit Random number function
 144:/home/rdu/Workspace/project_templates/mcu/stm32_ws/src/libraries/STM32F4xx_StdPeriph_Driver/src/stm32f4xx_rng.c ****  *  @brief    Get 32 bit Random number function 
 145:/home/rdu/Workspace/project_templates/mcu/stm32_ws/src/libraries/STM32F4xx_StdPeriph_Driver/src/stm32f4xx_rng.c ****  *
 146:/home/rdu/Workspace/project_templates/mcu/stm32_ws/src/libraries/STM32F4xx_StdPeriph_Driver/src/stm32f4xx_rng.c **** 
 147:/home/rdu/Workspace/project_templates/mcu/stm32_ws/src/libraries/STM32F4xx_StdPeriph_Driver/src/stm32f4xx_rng.c **** @verbatim    
 148:/home/rdu/Workspace/project_templates/mcu/stm32_ws/src/libraries/STM32F4xx_StdPeriph_Driver/src/stm32f4xx_rng.c ****  ===============================================================================
 149:/home/rdu/Workspace/project_templates/mcu/stm32_ws/src/libraries/STM32F4xx_StdPeriph_Driver/src/stm32f4xx_rng.c ****                  ##### Get 32 bit Random number function #####
 150:/home/rdu/Workspace/project_templates/mcu/stm32_ws/src/libraries/STM32F4xx_StdPeriph_Driver/src/stm32f4xx_rng.c ****  ===============================================================================  
 151:/home/rdu/Workspace/project_templates/mcu/stm32_ws/src/libraries/STM32F4xx_StdPeriph_Driver/src/stm32f4xx_rng.c ****  [..] This section provides a function allowing to get the 32 bit Random number  
 152:/home/rdu/Workspace/project_templates/mcu/stm32_ws/src/libraries/STM32F4xx_StdPeriph_Driver/src/stm32f4xx_rng.c ****   
 153:/home/rdu/Workspace/project_templates/mcu/stm32_ws/src/libraries/STM32F4xx_StdPeriph_Driver/src/stm32f4xx_rng.c ****    (@)  Before to call this function you have to wait till DRDY flag is set,
 154:/home/rdu/Workspace/project_templates/mcu/stm32_ws/src/libraries/STM32F4xx_StdPeriph_Driver/src/stm32f4xx_rng.c ****         using RNG_GetFlagStatus(RNG_FLAG_DRDY) function. 
 155:/home/rdu/Workspace/project_templates/mcu/stm32_ws/src/libraries/STM32F4xx_StdPeriph_Driver/src/stm32f4xx_rng.c ****    
 156:/home/rdu/Workspace/project_templates/mcu/stm32_ws/src/libraries/STM32F4xx_StdPeriph_Driver/src/stm32f4xx_rng.c **** @endverbatim
 157:/home/rdu/Workspace/project_templates/mcu/stm32_ws/src/libraries/STM32F4xx_StdPeriph_Driver/src/stm32f4xx_rng.c ****   * @{
 158:/home/rdu/Workspace/project_templates/mcu/stm32_ws/src/libraries/STM32F4xx_StdPeriph_Driver/src/stm32f4xx_rng.c ****   */
 159:/home/rdu/Workspace/project_templates/mcu/stm32_ws/src/libraries/STM32F4xx_StdPeriph_Driver/src/stm32f4xx_rng.c **** 
 160:/home/rdu/Workspace/project_templates/mcu/stm32_ws/src/libraries/STM32F4xx_StdPeriph_Driver/src/stm32f4xx_rng.c **** 
 161:/home/rdu/Workspace/project_templates/mcu/stm32_ws/src/libraries/STM32F4xx_StdPeriph_Driver/src/stm32f4xx_rng.c **** /**
 162:/home/rdu/Workspace/project_templates/mcu/stm32_ws/src/libraries/STM32F4xx_StdPeriph_Driver/src/stm32f4xx_rng.c ****   * @brief  Returns a 32-bit random number.
 163:/home/rdu/Workspace/project_templates/mcu/stm32_ws/src/libraries/STM32F4xx_StdPeriph_Driver/src/stm32f4xx_rng.c ****   *   
 164:/home/rdu/Workspace/project_templates/mcu/stm32_ws/src/libraries/STM32F4xx_StdPeriph_Driver/src/stm32f4xx_rng.c ****   * @note   Before to call this function you have to wait till DRDY (data ready)
 165:/home/rdu/Workspace/project_templates/mcu/stm32_ws/src/libraries/STM32F4xx_StdPeriph_Driver/src/stm32f4xx_rng.c ****   *         flag is set, using RNG_GetFlagStatus(RNG_FLAG_DRDY) function.
 166:/home/rdu/Workspace/project_templates/mcu/stm32_ws/src/libraries/STM32F4xx_StdPeriph_Driver/src/stm32f4xx_rng.c ****   * @note   Each time the Random number data is read (using RNG_GetRandomNumber()
 167:/home/rdu/Workspace/project_templates/mcu/stm32_ws/src/libraries/STM32F4xx_StdPeriph_Driver/src/stm32f4xx_rng.c ****   *         function), the RNG_FLAG_DRDY flag is automatically cleared.
 168:/home/rdu/Workspace/project_templates/mcu/stm32_ws/src/libraries/STM32F4xx_StdPeriph_Driver/src/stm32f4xx_rng.c ****   * @note   In the case of a seed error, the generation of random numbers is 
 169:/home/rdu/Workspace/project_templates/mcu/stm32_ws/src/libraries/STM32F4xx_StdPeriph_Driver/src/stm32f4xx_rng.c ****   *         interrupted for as long as the SECS bit is '1'. If a number is 
 170:/home/rdu/Workspace/project_templates/mcu/stm32_ws/src/libraries/STM32F4xx_StdPeriph_Driver/src/stm32f4xx_rng.c ****   *         available in the RNG_DR register, it must not be used because it may 
 171:/home/rdu/Workspace/project_templates/mcu/stm32_ws/src/libraries/STM32F4xx_StdPeriph_Driver/src/stm32f4xx_rng.c ****   *         not have enough entropy. In this case, it is recommended to clear the 
 172:/home/rdu/Workspace/project_templates/mcu/stm32_ws/src/libraries/STM32F4xx_StdPeriph_Driver/src/stm32f4xx_rng.c ****   *         SEIS bit(using RNG_ClearFlag(RNG_FLAG_SECS) function), then disable 
 173:/home/rdu/Workspace/project_templates/mcu/stm32_ws/src/libraries/STM32F4xx_StdPeriph_Driver/src/stm32f4xx_rng.c ****   *         and enable the RNG peripheral (using RNG_Cmd() function) to 
 174:/home/rdu/Workspace/project_templates/mcu/stm32_ws/src/libraries/STM32F4xx_StdPeriph_Driver/src/stm32f4xx_rng.c ****   *         reinitialize and restart the RNG.
 175:/home/rdu/Workspace/project_templates/mcu/stm32_ws/src/libraries/STM32F4xx_StdPeriph_Driver/src/stm32f4xx_rng.c ****   * @note   In the case of a clock error, the RNG is no more able to generate 
 176:/home/rdu/Workspace/project_templates/mcu/stm32_ws/src/libraries/STM32F4xx_StdPeriph_Driver/src/stm32f4xx_rng.c ****   *         random numbers because the PLL48CLK clock is not correct. User have 
 177:/home/rdu/Workspace/project_templates/mcu/stm32_ws/src/libraries/STM32F4xx_StdPeriph_Driver/src/stm32f4xx_rng.c ****   *         to check that the clock controller is correctly configured to provide
 178:/home/rdu/Workspace/project_templates/mcu/stm32_ws/src/libraries/STM32F4xx_StdPeriph_Driver/src/stm32f4xx_rng.c ****   *         the RNG clock and clear the CEIS bit (using RNG_ClearFlag(RNG_FLAG_CECS) 
 179:/home/rdu/Workspace/project_templates/mcu/stm32_ws/src/libraries/STM32F4xx_StdPeriph_Driver/src/stm32f4xx_rng.c ****   *         function) . The clock error has no impact on the previously generated 
 180:/home/rdu/Workspace/project_templates/mcu/stm32_ws/src/libraries/STM32F4xx_StdPeriph_Driver/src/stm32f4xx_rng.c ****   *         random numbers, and the RNG_DR register contents can be used.
 181:/home/rdu/Workspace/project_templates/mcu/stm32_ws/src/libraries/STM32F4xx_StdPeriph_Driver/src/stm32f4xx_rng.c ****   *         
 182:/home/rdu/Workspace/project_templates/mcu/stm32_ws/src/libraries/STM32F4xx_StdPeriph_Driver/src/stm32f4xx_rng.c ****   * @param  None
 183:/home/rdu/Workspace/project_templates/mcu/stm32_ws/src/libraries/STM32F4xx_StdPeriph_Driver/src/stm32f4xx_rng.c ****   * @retval 32-bit random number.
 184:/home/rdu/Workspace/project_templates/mcu/stm32_ws/src/libraries/STM32F4xx_StdPeriph_Driver/src/stm32f4xx_rng.c ****   */
 185:/home/rdu/Workspace/project_templates/mcu/stm32_ws/src/libraries/STM32F4xx_StdPeriph_Driver/src/stm32f4xx_rng.c **** uint32_t RNG_GetRandomNumber(void)
 186:/home/rdu/Workspace/project_templates/mcu/stm32_ws/src/libraries/STM32F4xx_StdPeriph_Driver/src/stm32f4xx_rng.c **** {
 113              		.loc 1 186 0
 114              		.cfi_startproc
 115              		@ args = 0, pretend = 0, frame = 0
 116              		@ frame_needed = 0, uses_anonymous_args = 0
 117              		@ link register save eliminated.
 187:/home/rdu/Workspace/project_templates/mcu/stm32_ws/src/libraries/STM32F4xx_StdPeriph_Driver/src/stm32f4xx_rng.c ****   /* Return the 32 bit random number from the DR register */
 188:/home/rdu/Workspace/project_templates/mcu/stm32_ws/src/libraries/STM32F4xx_StdPeriph_Driver/src/stm32f4xx_rng.c ****   return RNG->DR;
 118              		.loc 1 188 0
 119 0000 014B     		ldr	r3, .L10
 120 0002 9B68     		ldr	r3, [r3, #8]
 189:/home/rdu/Workspace/project_templates/mcu/stm32_ws/src/libraries/STM32F4xx_StdPeriph_Driver/src/stm32f4xx_rng.c **** }
 121              		.loc 1 189 0
 122 0004 1846     		mov	r0, r3
 123 0006 7047     		bx	lr
 124              	.L11:
 125              		.align	2
 126              	.L10:
 127 0008 00080650 		.word	1342572544
 128              		.cfi_endproc
 129              	.LFE125:
 131              		.section	.text.RNG_ITConfig,"ax",%progbits
 132              		.align	1
 133              		.global	RNG_ITConfig
 134              		.syntax unified
 135              		.thumb
 136              		.thumb_func
 137              		.fpu fpv4-sp-d16
 139              	RNG_ITConfig:
 140              	.LFB126:
 190:/home/rdu/Workspace/project_templates/mcu/stm32_ws/src/libraries/STM32F4xx_StdPeriph_Driver/src/stm32f4xx_rng.c **** 
 191:/home/rdu/Workspace/project_templates/mcu/stm32_ws/src/libraries/STM32F4xx_StdPeriph_Driver/src/stm32f4xx_rng.c **** 
 192:/home/rdu/Workspace/project_templates/mcu/stm32_ws/src/libraries/STM32F4xx_StdPeriph_Driver/src/stm32f4xx_rng.c **** /**
 193:/home/rdu/Workspace/project_templates/mcu/stm32_ws/src/libraries/STM32F4xx_StdPeriph_Driver/src/stm32f4xx_rng.c ****   * @}
 194:/home/rdu/Workspace/project_templates/mcu/stm32_ws/src/libraries/STM32F4xx_StdPeriph_Driver/src/stm32f4xx_rng.c ****   */
 195:/home/rdu/Workspace/project_templates/mcu/stm32_ws/src/libraries/STM32F4xx_StdPeriph_Driver/src/stm32f4xx_rng.c **** 
 196:/home/rdu/Workspace/project_templates/mcu/stm32_ws/src/libraries/STM32F4xx_StdPeriph_Driver/src/stm32f4xx_rng.c **** /** @defgroup RNG_Group3 Interrupts and flags management functions
 197:/home/rdu/Workspace/project_templates/mcu/stm32_ws/src/libraries/STM32F4xx_StdPeriph_Driver/src/stm32f4xx_rng.c ****  *  @brief   Interrupts and flags management functions
 198:/home/rdu/Workspace/project_templates/mcu/stm32_ws/src/libraries/STM32F4xx_StdPeriph_Driver/src/stm32f4xx_rng.c ****  *
 199:/home/rdu/Workspace/project_templates/mcu/stm32_ws/src/libraries/STM32F4xx_StdPeriph_Driver/src/stm32f4xx_rng.c **** @verbatim   
 200:/home/rdu/Workspace/project_templates/mcu/stm32_ws/src/libraries/STM32F4xx_StdPeriph_Driver/src/stm32f4xx_rng.c ****  ===============================================================================
 201:/home/rdu/Workspace/project_templates/mcu/stm32_ws/src/libraries/STM32F4xx_StdPeriph_Driver/src/stm32f4xx_rng.c ****              ##### Interrupts and flags management functions #####
 202:/home/rdu/Workspace/project_templates/mcu/stm32_ws/src/libraries/STM32F4xx_StdPeriph_Driver/src/stm32f4xx_rng.c ****  ===============================================================================  
 203:/home/rdu/Workspace/project_templates/mcu/stm32_ws/src/libraries/STM32F4xx_StdPeriph_Driver/src/stm32f4xx_rng.c **** 
 204:/home/rdu/Workspace/project_templates/mcu/stm32_ws/src/libraries/STM32F4xx_StdPeriph_Driver/src/stm32f4xx_rng.c ****  [..] This section provides functions allowing to configure the RNG Interrupts and 
 205:/home/rdu/Workspace/project_templates/mcu/stm32_ws/src/libraries/STM32F4xx_StdPeriph_Driver/src/stm32f4xx_rng.c ****       to get the status and clear flags and Interrupts pending bits.
 206:/home/rdu/Workspace/project_templates/mcu/stm32_ws/src/libraries/STM32F4xx_StdPeriph_Driver/src/stm32f4xx_rng.c ****   
 207:/home/rdu/Workspace/project_templates/mcu/stm32_ws/src/libraries/STM32F4xx_StdPeriph_Driver/src/stm32f4xx_rng.c ****  [..] The RNG provides 3 Interrupts sources and 3 Flags:
 208:/home/rdu/Workspace/project_templates/mcu/stm32_ws/src/libraries/STM32F4xx_StdPeriph_Driver/src/stm32f4xx_rng.c ****   
 209:/home/rdu/Workspace/project_templates/mcu/stm32_ws/src/libraries/STM32F4xx_StdPeriph_Driver/src/stm32f4xx_rng.c ****  *** Flags : ***
 210:/home/rdu/Workspace/project_templates/mcu/stm32_ws/src/libraries/STM32F4xx_StdPeriph_Driver/src/stm32f4xx_rng.c ****  ===============
 211:/home/rdu/Workspace/project_templates/mcu/stm32_ws/src/libraries/STM32F4xx_StdPeriph_Driver/src/stm32f4xx_rng.c ****  [..] 
 212:/home/rdu/Workspace/project_templates/mcu/stm32_ws/src/libraries/STM32F4xx_StdPeriph_Driver/src/stm32f4xx_rng.c ****     (#) RNG_FLAG_DRDY :  In the case of the RNG_DR register contains valid 
 213:/home/rdu/Workspace/project_templates/mcu/stm32_ws/src/libraries/STM32F4xx_StdPeriph_Driver/src/stm32f4xx_rng.c ****         random data. it is cleared by reading the valid data(using 
 214:/home/rdu/Workspace/project_templates/mcu/stm32_ws/src/libraries/STM32F4xx_StdPeriph_Driver/src/stm32f4xx_rng.c ****         RNG_GetRandomNumber() function).
 215:/home/rdu/Workspace/project_templates/mcu/stm32_ws/src/libraries/STM32F4xx_StdPeriph_Driver/src/stm32f4xx_rng.c **** 
 216:/home/rdu/Workspace/project_templates/mcu/stm32_ws/src/libraries/STM32F4xx_StdPeriph_Driver/src/stm32f4xx_rng.c ****     (#) RNG_FLAG_CECS : In the case of a seed error detection. 
 217:/home/rdu/Workspace/project_templates/mcu/stm32_ws/src/libraries/STM32F4xx_StdPeriph_Driver/src/stm32f4xx_rng.c ****       
 218:/home/rdu/Workspace/project_templates/mcu/stm32_ws/src/libraries/STM32F4xx_StdPeriph_Driver/src/stm32f4xx_rng.c ****     (#) RNG_FLAG_SECS : In the case of a clock error detection.
 219:/home/rdu/Workspace/project_templates/mcu/stm32_ws/src/libraries/STM32F4xx_StdPeriph_Driver/src/stm32f4xx_rng.c ****               
 220:/home/rdu/Workspace/project_templates/mcu/stm32_ws/src/libraries/STM32F4xx_StdPeriph_Driver/src/stm32f4xx_rng.c ****  *** Interrupts ***
 221:/home/rdu/Workspace/project_templates/mcu/stm32_ws/src/libraries/STM32F4xx_StdPeriph_Driver/src/stm32f4xx_rng.c ****  ==================
 222:/home/rdu/Workspace/project_templates/mcu/stm32_ws/src/libraries/STM32F4xx_StdPeriph_Driver/src/stm32f4xx_rng.c ****  [..] If enabled, an RNG interrupt is pending :
 223:/home/rdu/Workspace/project_templates/mcu/stm32_ws/src/libraries/STM32F4xx_StdPeriph_Driver/src/stm32f4xx_rng.c ****     
 224:/home/rdu/Workspace/project_templates/mcu/stm32_ws/src/libraries/STM32F4xx_StdPeriph_Driver/src/stm32f4xx_rng.c ****    (#) In the case of the RNG_DR register contains valid random data. 
 225:/home/rdu/Workspace/project_templates/mcu/stm32_ws/src/libraries/STM32F4xx_StdPeriph_Driver/src/stm32f4xx_rng.c ****        This interrupt source is cleared once the RNG_DR register has been read 
 226:/home/rdu/Workspace/project_templates/mcu/stm32_ws/src/libraries/STM32F4xx_StdPeriph_Driver/src/stm32f4xx_rng.c ****        (using RNG_GetRandomNumber() function) until a new valid value is 
 227:/home/rdu/Workspace/project_templates/mcu/stm32_ws/src/libraries/STM32F4xx_StdPeriph_Driver/src/stm32f4xx_rng.c ****        computed; or 
 228:/home/rdu/Workspace/project_templates/mcu/stm32_ws/src/libraries/STM32F4xx_StdPeriph_Driver/src/stm32f4xx_rng.c ****    (#) In the case of a seed error : One of the following faulty sequences has 
 229:/home/rdu/Workspace/project_templates/mcu/stm32_ws/src/libraries/STM32F4xx_StdPeriph_Driver/src/stm32f4xx_rng.c ****        been detected:
 230:/home/rdu/Workspace/project_templates/mcu/stm32_ws/src/libraries/STM32F4xx_StdPeriph_Driver/src/stm32f4xx_rng.c ****        (++) More than 64 consecutive bits at the same value (0 or 1)
 231:/home/rdu/Workspace/project_templates/mcu/stm32_ws/src/libraries/STM32F4xx_StdPeriph_Driver/src/stm32f4xx_rng.c ****        (++) More than 32 consecutive alternance of 0 and 1 (0101010101...01)
 232:/home/rdu/Workspace/project_templates/mcu/stm32_ws/src/libraries/STM32F4xx_StdPeriph_Driver/src/stm32f4xx_rng.c ****        This interrupt source is cleared using RNG_ClearITPendingBit(RNG_IT_SEI)
 233:/home/rdu/Workspace/project_templates/mcu/stm32_ws/src/libraries/STM32F4xx_StdPeriph_Driver/src/stm32f4xx_rng.c ****        function; or
 234:/home/rdu/Workspace/project_templates/mcu/stm32_ws/src/libraries/STM32F4xx_StdPeriph_Driver/src/stm32f4xx_rng.c ****    (#) In the case of a clock error : the PLL48CLK (RNG peripheral clock source) 
 235:/home/rdu/Workspace/project_templates/mcu/stm32_ws/src/libraries/STM32F4xx_StdPeriph_Driver/src/stm32f4xx_rng.c ****        was not correctly detected (fPLL48CLK< fHCLK/16). This interrupt source is
 236:/home/rdu/Workspace/project_templates/mcu/stm32_ws/src/libraries/STM32F4xx_StdPeriph_Driver/src/stm32f4xx_rng.c ****        cleared using RNG_ClearITPendingBit(RNG_IT_CEI) function.
 237:/home/rdu/Workspace/project_templates/mcu/stm32_ws/src/libraries/STM32F4xx_StdPeriph_Driver/src/stm32f4xx_rng.c ****        -@- note In this case, User have to check that the clock controller is 
 238:/home/rdu/Workspace/project_templates/mcu/stm32_ws/src/libraries/STM32F4xx_StdPeriph_Driver/src/stm32f4xx_rng.c ****            correctly configured to provide the RNG clock. 
 239:/home/rdu/Workspace/project_templates/mcu/stm32_ws/src/libraries/STM32F4xx_StdPeriph_Driver/src/stm32f4xx_rng.c **** 
 240:/home/rdu/Workspace/project_templates/mcu/stm32_ws/src/libraries/STM32F4xx_StdPeriph_Driver/src/stm32f4xx_rng.c ****  *** Managing the RNG controller events : ***
 241:/home/rdu/Workspace/project_templates/mcu/stm32_ws/src/libraries/STM32F4xx_StdPeriph_Driver/src/stm32f4xx_rng.c ****  ============================================
 242:/home/rdu/Workspace/project_templates/mcu/stm32_ws/src/libraries/STM32F4xx_StdPeriph_Driver/src/stm32f4xx_rng.c ****  [..] The user should identify which mode will be used in his application to manage 
 243:/home/rdu/Workspace/project_templates/mcu/stm32_ws/src/libraries/STM32F4xx_StdPeriph_Driver/src/stm32f4xx_rng.c ****       the RNG controller events: Polling mode or Interrupt mode.
 244:/home/rdu/Workspace/project_templates/mcu/stm32_ws/src/libraries/STM32F4xx_StdPeriph_Driver/src/stm32f4xx_rng.c ****   
 245:/home/rdu/Workspace/project_templates/mcu/stm32_ws/src/libraries/STM32F4xx_StdPeriph_Driver/src/stm32f4xx_rng.c ****    (#) In the Polling Mode it is advised to use the following functions:
 246:/home/rdu/Workspace/project_templates/mcu/stm32_ws/src/libraries/STM32F4xx_StdPeriph_Driver/src/stm32f4xx_rng.c ****        (++) RNG_GetFlagStatus() : to check if flags events occur. 
 247:/home/rdu/Workspace/project_templates/mcu/stm32_ws/src/libraries/STM32F4xx_StdPeriph_Driver/src/stm32f4xx_rng.c ****        (++) RNG_ClearFlag()     : to clear the flags events.
 248:/home/rdu/Workspace/project_templates/mcu/stm32_ws/src/libraries/STM32F4xx_StdPeriph_Driver/src/stm32f4xx_rng.c ****   
 249:/home/rdu/Workspace/project_templates/mcu/stm32_ws/src/libraries/STM32F4xx_StdPeriph_Driver/src/stm32f4xx_rng.c ****        -@@- RNG_FLAG_DRDY can not be cleared by RNG_ClearFlag(). it is cleared only 
 250:/home/rdu/Workspace/project_templates/mcu/stm32_ws/src/libraries/STM32F4xx_StdPeriph_Driver/src/stm32f4xx_rng.c ****             by reading the Random number data.      
 251:/home/rdu/Workspace/project_templates/mcu/stm32_ws/src/libraries/STM32F4xx_StdPeriph_Driver/src/stm32f4xx_rng.c ****   
 252:/home/rdu/Workspace/project_templates/mcu/stm32_ws/src/libraries/STM32F4xx_StdPeriph_Driver/src/stm32f4xx_rng.c ****    (#)  In the Interrupt Mode it is advised to use the following functions:
 253:/home/rdu/Workspace/project_templates/mcu/stm32_ws/src/libraries/STM32F4xx_StdPeriph_Driver/src/stm32f4xx_rng.c ****         (++) RNG_ITConfig()       : to enable or disable the interrupt source.
 254:/home/rdu/Workspace/project_templates/mcu/stm32_ws/src/libraries/STM32F4xx_StdPeriph_Driver/src/stm32f4xx_rng.c ****         (++) RNG_GetITStatus()    : to check if Interrupt occurs.
 255:/home/rdu/Workspace/project_templates/mcu/stm32_ws/src/libraries/STM32F4xx_StdPeriph_Driver/src/stm32f4xx_rng.c ****         (++) RNG_ClearITPendingBit() : to clear the Interrupt pending Bit 
 256:/home/rdu/Workspace/project_templates/mcu/stm32_ws/src/libraries/STM32F4xx_StdPeriph_Driver/src/stm32f4xx_rng.c ****              (corresponding Flag). 
 257:/home/rdu/Workspace/project_templates/mcu/stm32_ws/src/libraries/STM32F4xx_StdPeriph_Driver/src/stm32f4xx_rng.c ****   
 258:/home/rdu/Workspace/project_templates/mcu/stm32_ws/src/libraries/STM32F4xx_StdPeriph_Driver/src/stm32f4xx_rng.c **** @endverbatim
 259:/home/rdu/Workspace/project_templates/mcu/stm32_ws/src/libraries/STM32F4xx_StdPeriph_Driver/src/stm32f4xx_rng.c ****   * @{
 260:/home/rdu/Workspace/project_templates/mcu/stm32_ws/src/libraries/STM32F4xx_StdPeriph_Driver/src/stm32f4xx_rng.c ****   */ 
 261:/home/rdu/Workspace/project_templates/mcu/stm32_ws/src/libraries/STM32F4xx_StdPeriph_Driver/src/stm32f4xx_rng.c **** 
 262:/home/rdu/Workspace/project_templates/mcu/stm32_ws/src/libraries/STM32F4xx_StdPeriph_Driver/src/stm32f4xx_rng.c **** /**
 263:/home/rdu/Workspace/project_templates/mcu/stm32_ws/src/libraries/STM32F4xx_StdPeriph_Driver/src/stm32f4xx_rng.c ****   * @brief  Enables or disables the RNG interrupt.
 264:/home/rdu/Workspace/project_templates/mcu/stm32_ws/src/libraries/STM32F4xx_StdPeriph_Driver/src/stm32f4xx_rng.c ****   * @note   The RNG provides 3 interrupt sources,
 265:/home/rdu/Workspace/project_templates/mcu/stm32_ws/src/libraries/STM32F4xx_StdPeriph_Driver/src/stm32f4xx_rng.c ****   *           - Computed data is ready event (DRDY), and           
 266:/home/rdu/Workspace/project_templates/mcu/stm32_ws/src/libraries/STM32F4xx_StdPeriph_Driver/src/stm32f4xx_rng.c ****   *           - Seed error Interrupt (SEI) and 
 267:/home/rdu/Workspace/project_templates/mcu/stm32_ws/src/libraries/STM32F4xx_StdPeriph_Driver/src/stm32f4xx_rng.c ****   *           - Clock error Interrupt (CEI), 
 268:/home/rdu/Workspace/project_templates/mcu/stm32_ws/src/libraries/STM32F4xx_StdPeriph_Driver/src/stm32f4xx_rng.c ****   *         all these interrupts sources are enabled by setting the IE bit in 
 269:/home/rdu/Workspace/project_templates/mcu/stm32_ws/src/libraries/STM32F4xx_StdPeriph_Driver/src/stm32f4xx_rng.c ****   *         CR register. However, each interrupt have its specific status bit
 270:/home/rdu/Workspace/project_templates/mcu/stm32_ws/src/libraries/STM32F4xx_StdPeriph_Driver/src/stm32f4xx_rng.c ****   *         (see RNG_GetITStatus() function) and clear bit except the DRDY event
 271:/home/rdu/Workspace/project_templates/mcu/stm32_ws/src/libraries/STM32F4xx_StdPeriph_Driver/src/stm32f4xx_rng.c ****   *         (see RNG_ClearITPendingBit() function).
 272:/home/rdu/Workspace/project_templates/mcu/stm32_ws/src/libraries/STM32F4xx_StdPeriph_Driver/src/stm32f4xx_rng.c ****   * @param  NewState: new state of the RNG interrupt.
 273:/home/rdu/Workspace/project_templates/mcu/stm32_ws/src/libraries/STM32F4xx_StdPeriph_Driver/src/stm32f4xx_rng.c ****   *          This parameter can be: ENABLE or DISABLE.
 274:/home/rdu/Workspace/project_templates/mcu/stm32_ws/src/libraries/STM32F4xx_StdPeriph_Driver/src/stm32f4xx_rng.c ****   * @retval None
 275:/home/rdu/Workspace/project_templates/mcu/stm32_ws/src/libraries/STM32F4xx_StdPeriph_Driver/src/stm32f4xx_rng.c ****   */
 276:/home/rdu/Workspace/project_templates/mcu/stm32_ws/src/libraries/STM32F4xx_StdPeriph_Driver/src/stm32f4xx_rng.c **** void RNG_ITConfig(FunctionalState NewState)
 277:/home/rdu/Workspace/project_templates/mcu/stm32_ws/src/libraries/STM32F4xx_StdPeriph_Driver/src/stm32f4xx_rng.c **** {
 141              		.loc 1 277 0
 142              		.cfi_startproc
 143              		@ args = 0, pretend = 0, frame = 8
 144              		@ frame_needed = 0, uses_anonymous_args = 0
 145              		@ link register save eliminated.
 146 0000 82B0     		sub	sp, sp, #8
 147              	.LCFI3:
 148              		.cfi_def_cfa_offset 8
 149 0002 0346     		mov	r3, r0
 150 0004 8DF80730 		strb	r3, [sp, #7]
 278:/home/rdu/Workspace/project_templates/mcu/stm32_ws/src/libraries/STM32F4xx_StdPeriph_Driver/src/stm32f4xx_rng.c ****   /* Check the parameters */
 279:/home/rdu/Workspace/project_templates/mcu/stm32_ws/src/libraries/STM32F4xx_StdPeriph_Driver/src/stm32f4xx_rng.c ****   assert_param(IS_FUNCTIONAL_STATE(NewState));
 280:/home/rdu/Workspace/project_templates/mcu/stm32_ws/src/libraries/STM32F4xx_StdPeriph_Driver/src/stm32f4xx_rng.c **** 
 281:/home/rdu/Workspace/project_templates/mcu/stm32_ws/src/libraries/STM32F4xx_StdPeriph_Driver/src/stm32f4xx_rng.c ****   if (NewState != DISABLE)
 151              		.loc 1 281 0
 152 0008 9DF80730 		ldrb	r3, [sp, #7]	@ zero_extendqisi2
 153 000c 002B     		cmp	r3, #0
 154 000e 06D0     		beq	.L13
 282:/home/rdu/Workspace/project_templates/mcu/stm32_ws/src/libraries/STM32F4xx_StdPeriph_Driver/src/stm32f4xx_rng.c ****   {
 283:/home/rdu/Workspace/project_templates/mcu/stm32_ws/src/libraries/STM32F4xx_StdPeriph_Driver/src/stm32f4xx_rng.c ****     /* Enable the RNG interrupt */
 284:/home/rdu/Workspace/project_templates/mcu/stm32_ws/src/libraries/STM32F4xx_StdPeriph_Driver/src/stm32f4xx_rng.c ****     RNG->CR |= RNG_CR_IE;
 155              		.loc 1 284 0
 156 0010 074B     		ldr	r3, .L16
 157 0012 1B68     		ldr	r3, [r3]
 158 0014 064A     		ldr	r2, .L16
 159 0016 43F00803 		orr	r3, r3, #8
 160 001a 1360     		str	r3, [r2]
 285:/home/rdu/Workspace/project_templates/mcu/stm32_ws/src/libraries/STM32F4xx_StdPeriph_Driver/src/stm32f4xx_rng.c ****   }
 286:/home/rdu/Workspace/project_templates/mcu/stm32_ws/src/libraries/STM32F4xx_StdPeriph_Driver/src/stm32f4xx_rng.c ****   else
 287:/home/rdu/Workspace/project_templates/mcu/stm32_ws/src/libraries/STM32F4xx_StdPeriph_Driver/src/stm32f4xx_rng.c ****   {
 288:/home/rdu/Workspace/project_templates/mcu/stm32_ws/src/libraries/STM32F4xx_StdPeriph_Driver/src/stm32f4xx_rng.c ****     /* Disable the RNG interrupt */
 289:/home/rdu/Workspace/project_templates/mcu/stm32_ws/src/libraries/STM32F4xx_StdPeriph_Driver/src/stm32f4xx_rng.c ****     RNG->CR &= ~RNG_CR_IE;
 290:/home/rdu/Workspace/project_templates/mcu/stm32_ws/src/libraries/STM32F4xx_StdPeriph_Driver/src/stm32f4xx_rng.c ****   }
 291:/home/rdu/Workspace/project_templates/mcu/stm32_ws/src/libraries/STM32F4xx_StdPeriph_Driver/src/stm32f4xx_rng.c **** }
 161              		.loc 1 291 0
 162 001c 05E0     		b	.L15
 163              	.L13:
 289:/home/rdu/Workspace/project_templates/mcu/stm32_ws/src/libraries/STM32F4xx_StdPeriph_Driver/src/stm32f4xx_rng.c ****   }
 164              		.loc 1 289 0
 165 001e 044B     		ldr	r3, .L16
 166 0020 1B68     		ldr	r3, [r3]
 167 0022 034A     		ldr	r2, .L16
 168 0024 23F00803 		bic	r3, r3, #8
 169 0028 1360     		str	r3, [r2]
 170              	.L15:
 171              		.loc 1 291 0
 172 002a 00BF     		nop
 173 002c 02B0     		add	sp, sp, #8
 174              	.LCFI4:
 175              		.cfi_def_cfa_offset 0
 176              		@ sp needed
 177 002e 7047     		bx	lr
 178              	.L17:
 179              		.align	2
 180              	.L16:
 181 0030 00080650 		.word	1342572544
 182              		.cfi_endproc
 183              	.LFE126:
 185              		.section	.text.RNG_GetFlagStatus,"ax",%progbits
 186              		.align	1
 187              		.global	RNG_GetFlagStatus
 188              		.syntax unified
 189              		.thumb
 190              		.thumb_func
 191              		.fpu fpv4-sp-d16
 193              	RNG_GetFlagStatus:
 194              	.LFB127:
 292:/home/rdu/Workspace/project_templates/mcu/stm32_ws/src/libraries/STM32F4xx_StdPeriph_Driver/src/stm32f4xx_rng.c **** 
 293:/home/rdu/Workspace/project_templates/mcu/stm32_ws/src/libraries/STM32F4xx_StdPeriph_Driver/src/stm32f4xx_rng.c **** /**
 294:/home/rdu/Workspace/project_templates/mcu/stm32_ws/src/libraries/STM32F4xx_StdPeriph_Driver/src/stm32f4xx_rng.c ****   * @brief  Checks whether the specified RNG flag is set or not.
 295:/home/rdu/Workspace/project_templates/mcu/stm32_ws/src/libraries/STM32F4xx_StdPeriph_Driver/src/stm32f4xx_rng.c ****   * @param  RNG_FLAG: specifies the RNG flag to check.
 296:/home/rdu/Workspace/project_templates/mcu/stm32_ws/src/libraries/STM32F4xx_StdPeriph_Driver/src/stm32f4xx_rng.c ****   *          This parameter can be one of the following values:
 297:/home/rdu/Workspace/project_templates/mcu/stm32_ws/src/libraries/STM32F4xx_StdPeriph_Driver/src/stm32f4xx_rng.c ****   *            @arg RNG_FLAG_DRDY: Data Ready flag.
 298:/home/rdu/Workspace/project_templates/mcu/stm32_ws/src/libraries/STM32F4xx_StdPeriph_Driver/src/stm32f4xx_rng.c ****   *            @arg RNG_FLAG_CECS: Clock Error Current flag.
 299:/home/rdu/Workspace/project_templates/mcu/stm32_ws/src/libraries/STM32F4xx_StdPeriph_Driver/src/stm32f4xx_rng.c ****   *            @arg RNG_FLAG_SECS: Seed Error Current flag.
 300:/home/rdu/Workspace/project_templates/mcu/stm32_ws/src/libraries/STM32F4xx_StdPeriph_Driver/src/stm32f4xx_rng.c ****   * @retval The new state of RNG_FLAG (SET or RESET).
 301:/home/rdu/Workspace/project_templates/mcu/stm32_ws/src/libraries/STM32F4xx_StdPeriph_Driver/src/stm32f4xx_rng.c ****   */
 302:/home/rdu/Workspace/project_templates/mcu/stm32_ws/src/libraries/STM32F4xx_StdPeriph_Driver/src/stm32f4xx_rng.c **** FlagStatus RNG_GetFlagStatus(uint8_t RNG_FLAG)
 303:/home/rdu/Workspace/project_templates/mcu/stm32_ws/src/libraries/STM32F4xx_StdPeriph_Driver/src/stm32f4xx_rng.c **** {
 195              		.loc 1 303 0
 196              		.cfi_startproc
 197              		@ args = 0, pretend = 0, frame = 16
 198              		@ frame_needed = 0, uses_anonymous_args = 0
 199              		@ link register save eliminated.
 200 0000 84B0     		sub	sp, sp, #16
 201              	.LCFI5:
 202              		.cfi_def_cfa_offset 16
 203 0002 0346     		mov	r3, r0
 204 0004 8DF80730 		strb	r3, [sp, #7]
 304:/home/rdu/Workspace/project_templates/mcu/stm32_ws/src/libraries/STM32F4xx_StdPeriph_Driver/src/stm32f4xx_rng.c ****   FlagStatus bitstatus = RESET;
 205              		.loc 1 304 0
 206 0008 0023     		movs	r3, #0
 207 000a 8DF80F30 		strb	r3, [sp, #15]
 305:/home/rdu/Workspace/project_templates/mcu/stm32_ws/src/libraries/STM32F4xx_StdPeriph_Driver/src/stm32f4xx_rng.c ****   /* Check the parameters */
 306:/home/rdu/Workspace/project_templates/mcu/stm32_ws/src/libraries/STM32F4xx_StdPeriph_Driver/src/stm32f4xx_rng.c ****   assert_param(IS_RNG_GET_FLAG(RNG_FLAG));
 307:/home/rdu/Workspace/project_templates/mcu/stm32_ws/src/libraries/STM32F4xx_StdPeriph_Driver/src/stm32f4xx_rng.c **** 
 308:/home/rdu/Workspace/project_templates/mcu/stm32_ws/src/libraries/STM32F4xx_StdPeriph_Driver/src/stm32f4xx_rng.c ****   /* Check the status of the specified RNG flag */
 309:/home/rdu/Workspace/project_templates/mcu/stm32_ws/src/libraries/STM32F4xx_StdPeriph_Driver/src/stm32f4xx_rng.c ****   if ((RNG->SR & RNG_FLAG) != (uint8_t)RESET)
 208              		.loc 1 309 0
 209 000e 094B     		ldr	r3, .L22
 210 0010 5A68     		ldr	r2, [r3, #4]
 211 0012 9DF80730 		ldrb	r3, [sp, #7]	@ zero_extendqisi2
 212 0016 1340     		ands	r3, r3, r2
 213 0018 002B     		cmp	r3, #0
 214 001a 03D0     		beq	.L19
 310:/home/rdu/Workspace/project_templates/mcu/stm32_ws/src/libraries/STM32F4xx_StdPeriph_Driver/src/stm32f4xx_rng.c ****   {
 311:/home/rdu/Workspace/project_templates/mcu/stm32_ws/src/libraries/STM32F4xx_StdPeriph_Driver/src/stm32f4xx_rng.c ****     /* RNG_FLAG is set */
 312:/home/rdu/Workspace/project_templates/mcu/stm32_ws/src/libraries/STM32F4xx_StdPeriph_Driver/src/stm32f4xx_rng.c ****     bitstatus = SET;
 215              		.loc 1 312 0
 216 001c 0123     		movs	r3, #1
 217 001e 8DF80F30 		strb	r3, [sp, #15]
 218 0022 02E0     		b	.L20
 219              	.L19:
 313:/home/rdu/Workspace/project_templates/mcu/stm32_ws/src/libraries/STM32F4xx_StdPeriph_Driver/src/stm32f4xx_rng.c ****   }
 314:/home/rdu/Workspace/project_templates/mcu/stm32_ws/src/libraries/STM32F4xx_StdPeriph_Driver/src/stm32f4xx_rng.c ****   else
 315:/home/rdu/Workspace/project_templates/mcu/stm32_ws/src/libraries/STM32F4xx_StdPeriph_Driver/src/stm32f4xx_rng.c ****   {
 316:/home/rdu/Workspace/project_templates/mcu/stm32_ws/src/libraries/STM32F4xx_StdPeriph_Driver/src/stm32f4xx_rng.c ****     /* RNG_FLAG is reset */
 317:/home/rdu/Workspace/project_templates/mcu/stm32_ws/src/libraries/STM32F4xx_StdPeriph_Driver/src/stm32f4xx_rng.c ****     bitstatus = RESET;
 220              		.loc 1 317 0
 221 0024 0023     		movs	r3, #0
 222 0026 8DF80F30 		strb	r3, [sp, #15]
 223              	.L20:
 318:/home/rdu/Workspace/project_templates/mcu/stm32_ws/src/libraries/STM32F4xx_StdPeriph_Driver/src/stm32f4xx_rng.c ****   }
 319:/home/rdu/Workspace/project_templates/mcu/stm32_ws/src/libraries/STM32F4xx_StdPeriph_Driver/src/stm32f4xx_rng.c ****   /* Return the RNG_FLAG status */
 320:/home/rdu/Workspace/project_templates/mcu/stm32_ws/src/libraries/STM32F4xx_StdPeriph_Driver/src/stm32f4xx_rng.c ****   return  bitstatus;
 224              		.loc 1 320 0
 225 002a 9DF80F30 		ldrb	r3, [sp, #15]	@ zero_extendqisi2
 321:/home/rdu/Workspace/project_templates/mcu/stm32_ws/src/libraries/STM32F4xx_StdPeriph_Driver/src/stm32f4xx_rng.c **** }
 226              		.loc 1 321 0
 227 002e 1846     		mov	r0, r3
 228 0030 04B0     		add	sp, sp, #16
 229              	.LCFI6:
 230              		.cfi_def_cfa_offset 0
 231              		@ sp needed
 232 0032 7047     		bx	lr
 233              	.L23:
 234              		.align	2
 235              	.L22:
 236 0034 00080650 		.word	1342572544
 237              		.cfi_endproc
 238              	.LFE127:
 240              		.section	.text.RNG_ClearFlag,"ax",%progbits
 241              		.align	1
 242              		.global	RNG_ClearFlag
 243              		.syntax unified
 244              		.thumb
 245              		.thumb_func
 246              		.fpu fpv4-sp-d16
 248              	RNG_ClearFlag:
 249              	.LFB128:
 322:/home/rdu/Workspace/project_templates/mcu/stm32_ws/src/libraries/STM32F4xx_StdPeriph_Driver/src/stm32f4xx_rng.c **** 
 323:/home/rdu/Workspace/project_templates/mcu/stm32_ws/src/libraries/STM32F4xx_StdPeriph_Driver/src/stm32f4xx_rng.c **** 
 324:/home/rdu/Workspace/project_templates/mcu/stm32_ws/src/libraries/STM32F4xx_StdPeriph_Driver/src/stm32f4xx_rng.c **** /**
 325:/home/rdu/Workspace/project_templates/mcu/stm32_ws/src/libraries/STM32F4xx_StdPeriph_Driver/src/stm32f4xx_rng.c ****   * @brief  Clears the RNG flags.
 326:/home/rdu/Workspace/project_templates/mcu/stm32_ws/src/libraries/STM32F4xx_StdPeriph_Driver/src/stm32f4xx_rng.c ****   * @param  RNG_FLAG: specifies the flag to clear. 
 327:/home/rdu/Workspace/project_templates/mcu/stm32_ws/src/libraries/STM32F4xx_StdPeriph_Driver/src/stm32f4xx_rng.c ****   *          This parameter can be any combination of the following values:
 328:/home/rdu/Workspace/project_templates/mcu/stm32_ws/src/libraries/STM32F4xx_StdPeriph_Driver/src/stm32f4xx_rng.c ****   *            @arg RNG_FLAG_CECS: Clock Error Current flag.
 329:/home/rdu/Workspace/project_templates/mcu/stm32_ws/src/libraries/STM32F4xx_StdPeriph_Driver/src/stm32f4xx_rng.c ****   *            @arg RNG_FLAG_SECS: Seed Error Current flag.
 330:/home/rdu/Workspace/project_templates/mcu/stm32_ws/src/libraries/STM32F4xx_StdPeriph_Driver/src/stm32f4xx_rng.c ****   * @note   RNG_FLAG_DRDY can not be cleared by RNG_ClearFlag() function. 
 331:/home/rdu/Workspace/project_templates/mcu/stm32_ws/src/libraries/STM32F4xx_StdPeriph_Driver/src/stm32f4xx_rng.c ****   *         This flag is cleared only by reading the Random number data (using 
 332:/home/rdu/Workspace/project_templates/mcu/stm32_ws/src/libraries/STM32F4xx_StdPeriph_Driver/src/stm32f4xx_rng.c ****   *         RNG_GetRandomNumber() function).                           
 333:/home/rdu/Workspace/project_templates/mcu/stm32_ws/src/libraries/STM32F4xx_StdPeriph_Driver/src/stm32f4xx_rng.c ****   * @retval None
 334:/home/rdu/Workspace/project_templates/mcu/stm32_ws/src/libraries/STM32F4xx_StdPeriph_Driver/src/stm32f4xx_rng.c ****   */
 335:/home/rdu/Workspace/project_templates/mcu/stm32_ws/src/libraries/STM32F4xx_StdPeriph_Driver/src/stm32f4xx_rng.c **** void RNG_ClearFlag(uint8_t RNG_FLAG)
 336:/home/rdu/Workspace/project_templates/mcu/stm32_ws/src/libraries/STM32F4xx_StdPeriph_Driver/src/stm32f4xx_rng.c **** {
 250              		.loc 1 336 0
 251              		.cfi_startproc
 252              		@ args = 0, pretend = 0, frame = 8
 253              		@ frame_needed = 0, uses_anonymous_args = 0
 254              		@ link register save eliminated.
 255 0000 82B0     		sub	sp, sp, #8
 256              	.LCFI7:
 257              		.cfi_def_cfa_offset 8
 258 0002 0346     		mov	r3, r0
 259 0004 8DF80730 		strb	r3, [sp, #7]
 337:/home/rdu/Workspace/project_templates/mcu/stm32_ws/src/libraries/STM32F4xx_StdPeriph_Driver/src/stm32f4xx_rng.c ****   /* Check the parameters */
 338:/home/rdu/Workspace/project_templates/mcu/stm32_ws/src/libraries/STM32F4xx_StdPeriph_Driver/src/stm32f4xx_rng.c ****   assert_param(IS_RNG_CLEAR_FLAG(RNG_FLAG));
 339:/home/rdu/Workspace/project_templates/mcu/stm32_ws/src/libraries/STM32F4xx_StdPeriph_Driver/src/stm32f4xx_rng.c ****   /* Clear the selected RNG flags */
 340:/home/rdu/Workspace/project_templates/mcu/stm32_ws/src/libraries/STM32F4xx_StdPeriph_Driver/src/stm32f4xx_rng.c ****   RNG->SR = ~(uint32_t)(((uint32_t)RNG_FLAG) << 4);
 260              		.loc 1 340 0
 261 0008 9DF80730 		ldrb	r3, [sp, #7]	@ zero_extendqisi2
 262 000c 1B01     		lsls	r3, r3, #4
 263 000e 034A     		ldr	r2, .L25
 264 0010 DB43     		mvns	r3, r3
 265 0012 5360     		str	r3, [r2, #4]
 341:/home/rdu/Workspace/project_templates/mcu/stm32_ws/src/libraries/STM32F4xx_StdPeriph_Driver/src/stm32f4xx_rng.c **** }
 266              		.loc 1 341 0
 267 0014 00BF     		nop
 268 0016 02B0     		add	sp, sp, #8
 269              	.LCFI8:
 270              		.cfi_def_cfa_offset 0
 271              		@ sp needed
 272 0018 7047     		bx	lr
 273              	.L26:
 274 001a 00BF     		.align	2
 275              	.L25:
 276 001c 00080650 		.word	1342572544
 277              		.cfi_endproc
 278              	.LFE128:
 280              		.section	.text.RNG_GetITStatus,"ax",%progbits
 281              		.align	1
 282              		.global	RNG_GetITStatus
 283              		.syntax unified
 284              		.thumb
 285              		.thumb_func
 286              		.fpu fpv4-sp-d16
 288              	RNG_GetITStatus:
 289              	.LFB129:
 342:/home/rdu/Workspace/project_templates/mcu/stm32_ws/src/libraries/STM32F4xx_StdPeriph_Driver/src/stm32f4xx_rng.c **** 
 343:/home/rdu/Workspace/project_templates/mcu/stm32_ws/src/libraries/STM32F4xx_StdPeriph_Driver/src/stm32f4xx_rng.c **** /**
 344:/home/rdu/Workspace/project_templates/mcu/stm32_ws/src/libraries/STM32F4xx_StdPeriph_Driver/src/stm32f4xx_rng.c ****   * @brief  Checks whether the specified RNG interrupt has occurred or not.
 345:/home/rdu/Workspace/project_templates/mcu/stm32_ws/src/libraries/STM32F4xx_StdPeriph_Driver/src/stm32f4xx_rng.c ****   * @param  RNG_IT: specifies the RNG interrupt source to check.
 346:/home/rdu/Workspace/project_templates/mcu/stm32_ws/src/libraries/STM32F4xx_StdPeriph_Driver/src/stm32f4xx_rng.c ****   *          This parameter can be one of the following values:
 347:/home/rdu/Workspace/project_templates/mcu/stm32_ws/src/libraries/STM32F4xx_StdPeriph_Driver/src/stm32f4xx_rng.c ****   *            @arg RNG_IT_CEI: Clock Error Interrupt.
 348:/home/rdu/Workspace/project_templates/mcu/stm32_ws/src/libraries/STM32F4xx_StdPeriph_Driver/src/stm32f4xx_rng.c ****   *            @arg RNG_IT_SEI: Seed Error Interrupt.                   
 349:/home/rdu/Workspace/project_templates/mcu/stm32_ws/src/libraries/STM32F4xx_StdPeriph_Driver/src/stm32f4xx_rng.c ****   * @retval The new state of RNG_IT (SET or RESET).
 350:/home/rdu/Workspace/project_templates/mcu/stm32_ws/src/libraries/STM32F4xx_StdPeriph_Driver/src/stm32f4xx_rng.c ****   */
 351:/home/rdu/Workspace/project_templates/mcu/stm32_ws/src/libraries/STM32F4xx_StdPeriph_Driver/src/stm32f4xx_rng.c **** ITStatus RNG_GetITStatus(uint8_t RNG_IT)
 352:/home/rdu/Workspace/project_templates/mcu/stm32_ws/src/libraries/STM32F4xx_StdPeriph_Driver/src/stm32f4xx_rng.c **** {
 290              		.loc 1 352 0
 291              		.cfi_startproc
 292              		@ args = 0, pretend = 0, frame = 16
 293              		@ frame_needed = 0, uses_anonymous_args = 0
 294              		@ link register save eliminated.
 295 0000 84B0     		sub	sp, sp, #16
 296              	.LCFI9:
 297              		.cfi_def_cfa_offset 16
 298 0002 0346     		mov	r3, r0
 299 0004 8DF80730 		strb	r3, [sp, #7]
 353:/home/rdu/Workspace/project_templates/mcu/stm32_ws/src/libraries/STM32F4xx_StdPeriph_Driver/src/stm32f4xx_rng.c ****   ITStatus bitstatus = RESET;
 300              		.loc 1 353 0
 301 0008 0023     		movs	r3, #0
 302 000a 8DF80F30 		strb	r3, [sp, #15]
 354:/home/rdu/Workspace/project_templates/mcu/stm32_ws/src/libraries/STM32F4xx_StdPeriph_Driver/src/stm32f4xx_rng.c ****   /* Check the parameters */
 355:/home/rdu/Workspace/project_templates/mcu/stm32_ws/src/libraries/STM32F4xx_StdPeriph_Driver/src/stm32f4xx_rng.c ****   assert_param(IS_RNG_GET_IT(RNG_IT));
 356:/home/rdu/Workspace/project_templates/mcu/stm32_ws/src/libraries/STM32F4xx_StdPeriph_Driver/src/stm32f4xx_rng.c **** 
 357:/home/rdu/Workspace/project_templates/mcu/stm32_ws/src/libraries/STM32F4xx_StdPeriph_Driver/src/stm32f4xx_rng.c ****   /* Check the status of the specified RNG interrupt */
 358:/home/rdu/Workspace/project_templates/mcu/stm32_ws/src/libraries/STM32F4xx_StdPeriph_Driver/src/stm32f4xx_rng.c ****   if ((RNG->SR & RNG_IT) != (uint8_t)RESET)
 303              		.loc 1 358 0
 304 000e 094B     		ldr	r3, .L31
 305 0010 5A68     		ldr	r2, [r3, #4]
 306 0012 9DF80730 		ldrb	r3, [sp, #7]	@ zero_extendqisi2
 307 0016 1340     		ands	r3, r3, r2
 308 0018 002B     		cmp	r3, #0
 309 001a 03D0     		beq	.L28
 359:/home/rdu/Workspace/project_templates/mcu/stm32_ws/src/libraries/STM32F4xx_StdPeriph_Driver/src/stm32f4xx_rng.c ****   {
 360:/home/rdu/Workspace/project_templates/mcu/stm32_ws/src/libraries/STM32F4xx_StdPeriph_Driver/src/stm32f4xx_rng.c ****     /* RNG_IT is set */
 361:/home/rdu/Workspace/project_templates/mcu/stm32_ws/src/libraries/STM32F4xx_StdPeriph_Driver/src/stm32f4xx_rng.c ****     bitstatus = SET;
 310              		.loc 1 361 0
 311 001c 0123     		movs	r3, #1
 312 001e 8DF80F30 		strb	r3, [sp, #15]
 313 0022 02E0     		b	.L29
 314              	.L28:
 362:/home/rdu/Workspace/project_templates/mcu/stm32_ws/src/libraries/STM32F4xx_StdPeriph_Driver/src/stm32f4xx_rng.c ****   }
 363:/home/rdu/Workspace/project_templates/mcu/stm32_ws/src/libraries/STM32F4xx_StdPeriph_Driver/src/stm32f4xx_rng.c ****   else
 364:/home/rdu/Workspace/project_templates/mcu/stm32_ws/src/libraries/STM32F4xx_StdPeriph_Driver/src/stm32f4xx_rng.c ****   {
 365:/home/rdu/Workspace/project_templates/mcu/stm32_ws/src/libraries/STM32F4xx_StdPeriph_Driver/src/stm32f4xx_rng.c ****     /* RNG_IT is reset */
 366:/home/rdu/Workspace/project_templates/mcu/stm32_ws/src/libraries/STM32F4xx_StdPeriph_Driver/src/stm32f4xx_rng.c ****     bitstatus = RESET;
 315              		.loc 1 366 0
 316 0024 0023     		movs	r3, #0
 317 0026 8DF80F30 		strb	r3, [sp, #15]
 318              	.L29:
 367:/home/rdu/Workspace/project_templates/mcu/stm32_ws/src/libraries/STM32F4xx_StdPeriph_Driver/src/stm32f4xx_rng.c ****   }
 368:/home/rdu/Workspace/project_templates/mcu/stm32_ws/src/libraries/STM32F4xx_StdPeriph_Driver/src/stm32f4xx_rng.c ****   /* Return the RNG_IT status */
 369:/home/rdu/Workspace/project_templates/mcu/stm32_ws/src/libraries/STM32F4xx_StdPeriph_Driver/src/stm32f4xx_rng.c ****   return bitstatus;
 319              		.loc 1 369 0
 320 002a 9DF80F30 		ldrb	r3, [sp, #15]	@ zero_extendqisi2
 370:/home/rdu/Workspace/project_templates/mcu/stm32_ws/src/libraries/STM32F4xx_StdPeriph_Driver/src/stm32f4xx_rng.c **** }
 321              		.loc 1 370 0
 322 002e 1846     		mov	r0, r3
 323 0030 04B0     		add	sp, sp, #16
 324              	.LCFI10:
 325              		.cfi_def_cfa_offset 0
 326              		@ sp needed
 327 0032 7047     		bx	lr
 328              	.L32:
 329              		.align	2
 330              	.L31:
 331 0034 00080650 		.word	1342572544
 332              		.cfi_endproc
 333              	.LFE129:
 335              		.section	.text.RNG_ClearITPendingBit,"ax",%progbits
 336              		.align	1
 337              		.global	RNG_ClearITPendingBit
 338              		.syntax unified
 339              		.thumb
 340              		.thumb_func
 341              		.fpu fpv4-sp-d16
 343              	RNG_ClearITPendingBit:
 344              	.LFB130:
 371:/home/rdu/Workspace/project_templates/mcu/stm32_ws/src/libraries/STM32F4xx_StdPeriph_Driver/src/stm32f4xx_rng.c **** 
 372:/home/rdu/Workspace/project_templates/mcu/stm32_ws/src/libraries/STM32F4xx_StdPeriph_Driver/src/stm32f4xx_rng.c **** 
 373:/home/rdu/Workspace/project_templates/mcu/stm32_ws/src/libraries/STM32F4xx_StdPeriph_Driver/src/stm32f4xx_rng.c **** /**
 374:/home/rdu/Workspace/project_templates/mcu/stm32_ws/src/libraries/STM32F4xx_StdPeriph_Driver/src/stm32f4xx_rng.c ****   * @brief  Clears the RNG interrupt pending bit(s).
 375:/home/rdu/Workspace/project_templates/mcu/stm32_ws/src/libraries/STM32F4xx_StdPeriph_Driver/src/stm32f4xx_rng.c ****   * @param  RNG_IT: specifies the RNG interrupt pending bit(s) to clear.
 376:/home/rdu/Workspace/project_templates/mcu/stm32_ws/src/libraries/STM32F4xx_StdPeriph_Driver/src/stm32f4xx_rng.c ****   *          This parameter can be any combination of the following values:
 377:/home/rdu/Workspace/project_templates/mcu/stm32_ws/src/libraries/STM32F4xx_StdPeriph_Driver/src/stm32f4xx_rng.c ****   *            @arg RNG_IT_CEI: Clock Error Interrupt.
 378:/home/rdu/Workspace/project_templates/mcu/stm32_ws/src/libraries/STM32F4xx_StdPeriph_Driver/src/stm32f4xx_rng.c ****   *            @arg RNG_IT_SEI: Seed Error Interrupt.
 379:/home/rdu/Workspace/project_templates/mcu/stm32_ws/src/libraries/STM32F4xx_StdPeriph_Driver/src/stm32f4xx_rng.c ****   * @retval None
 380:/home/rdu/Workspace/project_templates/mcu/stm32_ws/src/libraries/STM32F4xx_StdPeriph_Driver/src/stm32f4xx_rng.c ****   */
 381:/home/rdu/Workspace/project_templates/mcu/stm32_ws/src/libraries/STM32F4xx_StdPeriph_Driver/src/stm32f4xx_rng.c **** void RNG_ClearITPendingBit(uint8_t RNG_IT)
 382:/home/rdu/Workspace/project_templates/mcu/stm32_ws/src/libraries/STM32F4xx_StdPeriph_Driver/src/stm32f4xx_rng.c **** {
 345              		.loc 1 382 0
 346              		.cfi_startproc
 347              		@ args = 0, pretend = 0, frame = 8
 348              		@ frame_needed = 0, uses_anonymous_args = 0
 349              		@ link register save eliminated.
 350 0000 82B0     		sub	sp, sp, #8
 351              	.LCFI11:
 352              		.cfi_def_cfa_offset 8
 353 0002 0346     		mov	r3, r0
 354 0004 8DF80730 		strb	r3, [sp, #7]
 383:/home/rdu/Workspace/project_templates/mcu/stm32_ws/src/libraries/STM32F4xx_StdPeriph_Driver/src/stm32f4xx_rng.c ****   /* Check the parameters */
 384:/home/rdu/Workspace/project_templates/mcu/stm32_ws/src/libraries/STM32F4xx_StdPeriph_Driver/src/stm32f4xx_rng.c ****   assert_param(IS_RNG_IT(RNG_IT));
 385:/home/rdu/Workspace/project_templates/mcu/stm32_ws/src/libraries/STM32F4xx_StdPeriph_Driver/src/stm32f4xx_rng.c **** 
 386:/home/rdu/Workspace/project_templates/mcu/stm32_ws/src/libraries/STM32F4xx_StdPeriph_Driver/src/stm32f4xx_rng.c ****   /* Clear the selected RNG interrupt pending bit */
 387:/home/rdu/Workspace/project_templates/mcu/stm32_ws/src/libraries/STM32F4xx_StdPeriph_Driver/src/stm32f4xx_rng.c ****   RNG->SR = (uint8_t)~RNG_IT;
 355              		.loc 1 387 0
 356 0008 9DF80730 		ldrb	r3, [sp, #7]
 357 000c DB43     		mvns	r3, r3
 358 000e DAB2     		uxtb	r2, r3
 359 0010 024B     		ldr	r3, .L34
 360 0012 5A60     		str	r2, [r3, #4]
 388:/home/rdu/Workspace/project_templates/mcu/stm32_ws/src/libraries/STM32F4xx_StdPeriph_Driver/src/stm32f4xx_rng.c **** }
 361              		.loc 1 388 0
 362 0014 00BF     		nop
 363 0016 02B0     		add	sp, sp, #8
 364              	.LCFI12:
 365              		.cfi_def_cfa_offset 0
 366              		@ sp needed
 367 0018 7047     		bx	lr
 368              	.L35:
 369 001a 00BF     		.align	2
 370              	.L34:
 371 001c 00080650 		.word	1342572544
 372              		.cfi_endproc
 373              	.LFE130:
 375              		.text
 376              	.Letext0:
 377              		.file 2 "/home/rdu/Software/gcc-arm-none-eabi-7-2017-q4-major/arm-none-eabi/include/machine/_defau
 378              		.file 3 "/home/rdu/Software/gcc-arm-none-eabi-7-2017-q4-major/arm-none-eabi/include/sys/_stdint.h"
 379              		.file 4 "/home/rdu/Workspace/project_templates/mcu/stm32_ws/src/libraries/CMSIS/CMSIS_STM32F4/Incl
 380              		.file 5 "/home/rdu/Workspace/project_templates/mcu/stm32_ws/src/libraries/CMSIS/CMSIS_STM32F4/Devi
 381              		.file 6 "/home/rdu/Workspace/project_templates/mcu/stm32_ws/src/libraries/CMSIS/CMSIS_STM32F4/Devi
DEFINED SYMBOLS
                            *ABS*:0000000000000000 stm32f4xx_rng.c
     /tmp/ccHWv1Xy.s:16     .text.RNG_DeInit:0000000000000000 $t
     /tmp/ccHWv1Xy.s:23     .text.RNG_DeInit:0000000000000000 RNG_DeInit
     /tmp/ccHWv1Xy.s:50     .text.RNG_Cmd:0000000000000000 $t
     /tmp/ccHWv1Xy.s:57     .text.RNG_Cmd:0000000000000000 RNG_Cmd
     /tmp/ccHWv1Xy.s:99     .text.RNG_Cmd:0000000000000030 $d
     /tmp/ccHWv1Xy.s:104    .text.RNG_GetRandomNumber:0000000000000000 $t
     /tmp/ccHWv1Xy.s:111    .text.RNG_GetRandomNumber:0000000000000000 RNG_GetRandomNumber
     /tmp/ccHWv1Xy.s:127    .text.RNG_GetRandomNumber:0000000000000008 $d
     /tmp/ccHWv1Xy.s:132    .text.RNG_ITConfig:0000000000000000 $t
     /tmp/ccHWv1Xy.s:139    .text.RNG_ITConfig:0000000000000000 RNG_ITConfig
     /tmp/ccHWv1Xy.s:181    .text.RNG_ITConfig:0000000000000030 $d
     /tmp/ccHWv1Xy.s:186    .text.RNG_GetFlagStatus:0000000000000000 $t
     /tmp/ccHWv1Xy.s:193    .text.RNG_GetFlagStatus:0000000000000000 RNG_GetFlagStatus
     /tmp/ccHWv1Xy.s:236    .text.RNG_GetFlagStatus:0000000000000034 $d
     /tmp/ccHWv1Xy.s:241    .text.RNG_ClearFlag:0000000000000000 $t
     /tmp/ccHWv1Xy.s:248    .text.RNG_ClearFlag:0000000000000000 RNG_ClearFlag
     /tmp/ccHWv1Xy.s:276    .text.RNG_ClearFlag:000000000000001c $d
     /tmp/ccHWv1Xy.s:281    .text.RNG_GetITStatus:0000000000000000 $t
     /tmp/ccHWv1Xy.s:288    .text.RNG_GetITStatus:0000000000000000 RNG_GetITStatus
     /tmp/ccHWv1Xy.s:331    .text.RNG_GetITStatus:0000000000000034 $d
     /tmp/ccHWv1Xy.s:336    .text.RNG_ClearITPendingBit:0000000000000000 $t
     /tmp/ccHWv1Xy.s:343    .text.RNG_ClearITPendingBit:0000000000000000 RNG_ClearITPendingBit
     /tmp/ccHWv1Xy.s:371    .text.RNG_ClearITPendingBit:000000000000001c $d

UNDEFINED SYMBOLS
RCC_AHB2PeriphResetCmd
