   1              		.cpu cortex-m4
   2              		.eabi_attribute 27, 1
   3              		.eabi_attribute 28, 1
   4              		.eabi_attribute 23, 1
   5              		.eabi_attribute 24, 1
   6              		.eabi_attribute 25, 1
   7              		.eabi_attribute 26, 1
   8              		.eabi_attribute 30, 6
   9              		.eabi_attribute 34, 1
  10              		.eabi_attribute 18, 4
  11              		.file	"stm32f4xx_cec.c"
  12              		.text
  13              	.Ltext0:
  14              		.cfi_sections	.debug_frame
  15              	.Letext0:
  16              		.file 1 "/home/rdu/Software/gcc-arm-none-eabi-7-2017-q4-major/arm-none-eabi/include/machine/_defau
  17              		.file 2 "/home/rdu/Software/gcc-arm-none-eabi-7-2017-q4-major/arm-none-eabi/include/sys/_stdint.h"
  18              		.file 3 "/home/rdu/Workspace/project_templates/mcu/stm32_ws/src/libraries/CMSIS/CMSIS_STM32F4/Incl
  19              		.file 4 "/home/rdu/Workspace/project_templates/mcu/stm32_ws/src/libraries/CMSIS/CMSIS_STM32F4/Devi
DEFINED SYMBOLS
                            *ABS*:0000000000000000 stm32f4xx_cec.c

NO UNDEFINED SYMBOLS
