   1              		.cpu cortex-m4
   2              		.eabi_attribute 27, 1
   3              		.eabi_attribute 28, 1
   4              		.eabi_attribute 23, 1
   5              		.eabi_attribute 24, 1
   6              		.eabi_attribute 25, 1
   7              		.eabi_attribute 26, 1
   8              		.eabi_attribute 30, 6
   9              		.eabi_attribute 34, 1
  10              		.eabi_attribute 18, 4
  11              		.file	"stm32f4xx_wwdg.c"
  12              		.text
  13              	.Ltext0:
  14              		.cfi_sections	.debug_frame
  15              		.section	.text.WWDG_DeInit,"ax",%progbits
  16              		.align	1
  17              		.global	WWDG_DeInit
  18              		.syntax unified
  19              		.thumb
  20              		.thumb_func
  21              		.fpu fpv4-sp-d16
  23              	WWDG_DeInit:
  24              	.LFB123:
  25              		.file 1 "/home/rdu/Workspace/project_templates/mcu/stm32_ws/src/libraries/STM32F4xx_StdPeriph_Driv
   1:/home/rdu/Workspace/project_templates/mcu/stm32_ws/src/libraries/STM32F4xx_StdPeriph_Driver/src/stm32f4xx_wwdg.c **** /**
   2:/home/rdu/Workspace/project_templates/mcu/stm32_ws/src/libraries/STM32F4xx_StdPeriph_Driver/src/stm32f4xx_wwdg.c ****   ******************************************************************************
   3:/home/rdu/Workspace/project_templates/mcu/stm32_ws/src/libraries/STM32F4xx_StdPeriph_Driver/src/stm32f4xx_wwdg.c ****   * @file    stm32f4xx_wwdg.c
   4:/home/rdu/Workspace/project_templates/mcu/stm32_ws/src/libraries/STM32F4xx_StdPeriph_Driver/src/stm32f4xx_wwdg.c ****   * @author  MCD Application Team
   5:/home/rdu/Workspace/project_templates/mcu/stm32_ws/src/libraries/STM32F4xx_StdPeriph_Driver/src/stm32f4xx_wwdg.c ****   * @version V1.8.0
   6:/home/rdu/Workspace/project_templates/mcu/stm32_ws/src/libraries/STM32F4xx_StdPeriph_Driver/src/stm32f4xx_wwdg.c ****   * @date    04-November-2016
   7:/home/rdu/Workspace/project_templates/mcu/stm32_ws/src/libraries/STM32F4xx_StdPeriph_Driver/src/stm32f4xx_wwdg.c ****   * @brief   This file provides firmware functions to manage the following 
   8:/home/rdu/Workspace/project_templates/mcu/stm32_ws/src/libraries/STM32F4xx_StdPeriph_Driver/src/stm32f4xx_wwdg.c ****   *          functionalities of the Window watchdog (WWDG) peripheral:           
   9:/home/rdu/Workspace/project_templates/mcu/stm32_ws/src/libraries/STM32F4xx_StdPeriph_Driver/src/stm32f4xx_wwdg.c ****   *           + Prescaler, Refresh window and Counter configuration
  10:/home/rdu/Workspace/project_templates/mcu/stm32_ws/src/libraries/STM32F4xx_StdPeriph_Driver/src/stm32f4xx_wwdg.c ****   *           + WWDG activation
  11:/home/rdu/Workspace/project_templates/mcu/stm32_ws/src/libraries/STM32F4xx_StdPeriph_Driver/src/stm32f4xx_wwdg.c ****   *           + Interrupts and flags management
  12:/home/rdu/Workspace/project_templates/mcu/stm32_ws/src/libraries/STM32F4xx_StdPeriph_Driver/src/stm32f4xx_wwdg.c ****   *             
  13:/home/rdu/Workspace/project_templates/mcu/stm32_ws/src/libraries/STM32F4xx_StdPeriph_Driver/src/stm32f4xx_wwdg.c ****  @verbatim    
  14:/home/rdu/Workspace/project_templates/mcu/stm32_ws/src/libraries/STM32F4xx_StdPeriph_Driver/src/stm32f4xx_wwdg.c ****  ===============================================================================
  15:/home/rdu/Workspace/project_templates/mcu/stm32_ws/src/libraries/STM32F4xx_StdPeriph_Driver/src/stm32f4xx_wwdg.c ****                            ##### WWDG features #####
  16:/home/rdu/Workspace/project_templates/mcu/stm32_ws/src/libraries/STM32F4xx_StdPeriph_Driver/src/stm32f4xx_wwdg.c ****  ===============================================================================
  17:/home/rdu/Workspace/project_templates/mcu/stm32_ws/src/libraries/STM32F4xx_StdPeriph_Driver/src/stm32f4xx_wwdg.c ****     [..]                                      
  18:/home/rdu/Workspace/project_templates/mcu/stm32_ws/src/libraries/STM32F4xx_StdPeriph_Driver/src/stm32f4xx_wwdg.c ****         Once enabled the WWDG generates a system reset on expiry of a programmed
  19:/home/rdu/Workspace/project_templates/mcu/stm32_ws/src/libraries/STM32F4xx_StdPeriph_Driver/src/stm32f4xx_wwdg.c ****         time period, unless the program refreshes the counter (downcounter) 
  20:/home/rdu/Workspace/project_templates/mcu/stm32_ws/src/libraries/STM32F4xx_StdPeriph_Driver/src/stm32f4xx_wwdg.c ****         before to reach 0x3F value (i.e. a reset is generated when the counter
  21:/home/rdu/Workspace/project_templates/mcu/stm32_ws/src/libraries/STM32F4xx_StdPeriph_Driver/src/stm32f4xx_wwdg.c ****         value rolls over from 0x40 to 0x3F). 
  22:/home/rdu/Workspace/project_templates/mcu/stm32_ws/src/libraries/STM32F4xx_StdPeriph_Driver/src/stm32f4xx_wwdg.c ****         An MCU reset is also generated if the counter value is refreshed
  23:/home/rdu/Workspace/project_templates/mcu/stm32_ws/src/libraries/STM32F4xx_StdPeriph_Driver/src/stm32f4xx_wwdg.c ****         before the counter has reached the refresh window value. This 
  24:/home/rdu/Workspace/project_templates/mcu/stm32_ws/src/libraries/STM32F4xx_StdPeriph_Driver/src/stm32f4xx_wwdg.c ****         implies that the counter must be refreshed in a limited window.
  25:/home/rdu/Workspace/project_templates/mcu/stm32_ws/src/libraries/STM32F4xx_StdPeriph_Driver/src/stm32f4xx_wwdg.c ****               
  26:/home/rdu/Workspace/project_templates/mcu/stm32_ws/src/libraries/STM32F4xx_StdPeriph_Driver/src/stm32f4xx_wwdg.c ****         Once enabled the WWDG cannot be disabled except by a system reset.
  27:/home/rdu/Workspace/project_templates/mcu/stm32_ws/src/libraries/STM32F4xx_StdPeriph_Driver/src/stm32f4xx_wwdg.c ****           
  28:/home/rdu/Workspace/project_templates/mcu/stm32_ws/src/libraries/STM32F4xx_StdPeriph_Driver/src/stm32f4xx_wwdg.c ****         WWDGRST flag in RCC_CSR register can be used to inform when a WWDG
  29:/home/rdu/Workspace/project_templates/mcu/stm32_ws/src/libraries/STM32F4xx_StdPeriph_Driver/src/stm32f4xx_wwdg.c ****         reset occurs.
  30:/home/rdu/Workspace/project_templates/mcu/stm32_ws/src/libraries/STM32F4xx_StdPeriph_Driver/src/stm32f4xx_wwdg.c ****              
  31:/home/rdu/Workspace/project_templates/mcu/stm32_ws/src/libraries/STM32F4xx_StdPeriph_Driver/src/stm32f4xx_wwdg.c ****         The WWDG counter input clock is derived from the APB clock divided 
  32:/home/rdu/Workspace/project_templates/mcu/stm32_ws/src/libraries/STM32F4xx_StdPeriph_Driver/src/stm32f4xx_wwdg.c ****         by a programmable prescaler.
  33:/home/rdu/Workspace/project_templates/mcu/stm32_ws/src/libraries/STM32F4xx_StdPeriph_Driver/src/stm32f4xx_wwdg.c ****                 
  34:/home/rdu/Workspace/project_templates/mcu/stm32_ws/src/libraries/STM32F4xx_StdPeriph_Driver/src/stm32f4xx_wwdg.c ****         WWDG counter clock = PCLK1 / Prescaler
  35:/home/rdu/Workspace/project_templates/mcu/stm32_ws/src/libraries/STM32F4xx_StdPeriph_Driver/src/stm32f4xx_wwdg.c ****         WWDG timeout = (WWDG counter clock) * (counter value)
  36:/home/rdu/Workspace/project_templates/mcu/stm32_ws/src/libraries/STM32F4xx_StdPeriph_Driver/src/stm32f4xx_wwdg.c ****                        
  37:/home/rdu/Workspace/project_templates/mcu/stm32_ws/src/libraries/STM32F4xx_StdPeriph_Driver/src/stm32f4xx_wwdg.c ****         Min-max timeout value @42 MHz(PCLK1): ~97.5 us / ~49.9 ms
  38:/home/rdu/Workspace/project_templates/mcu/stm32_ws/src/libraries/STM32F4xx_StdPeriph_Driver/src/stm32f4xx_wwdg.c ****                              
  39:/home/rdu/Workspace/project_templates/mcu/stm32_ws/src/libraries/STM32F4xx_StdPeriph_Driver/src/stm32f4xx_wwdg.c ****                       ##### How to use this driver #####
  40:/home/rdu/Workspace/project_templates/mcu/stm32_ws/src/libraries/STM32F4xx_StdPeriph_Driver/src/stm32f4xx_wwdg.c ****  ===============================================================================
  41:/home/rdu/Workspace/project_templates/mcu/stm32_ws/src/libraries/STM32F4xx_StdPeriph_Driver/src/stm32f4xx_wwdg.c ****     [..]
  42:/home/rdu/Workspace/project_templates/mcu/stm32_ws/src/libraries/STM32F4xx_StdPeriph_Driver/src/stm32f4xx_wwdg.c ****       (#) Enable WWDG clock using RCC_APB1PeriphClockCmd(RCC_APB1Periph_WWDG, ENABLE) function
  43:/home/rdu/Workspace/project_templates/mcu/stm32_ws/src/libraries/STM32F4xx_StdPeriph_Driver/src/stm32f4xx_wwdg.c ****               
  44:/home/rdu/Workspace/project_templates/mcu/stm32_ws/src/libraries/STM32F4xx_StdPeriph_Driver/src/stm32f4xx_wwdg.c ****       (#) Configure the WWDG prescaler using WWDG_SetPrescaler() function
  45:/home/rdu/Workspace/project_templates/mcu/stm32_ws/src/libraries/STM32F4xx_StdPeriph_Driver/src/stm32f4xx_wwdg.c ****                              
  46:/home/rdu/Workspace/project_templates/mcu/stm32_ws/src/libraries/STM32F4xx_StdPeriph_Driver/src/stm32f4xx_wwdg.c ****       (#) Configure the WWDG refresh window using WWDG_SetWindowValue() function
  47:/home/rdu/Workspace/project_templates/mcu/stm32_ws/src/libraries/STM32F4xx_StdPeriph_Driver/src/stm32f4xx_wwdg.c ****               
  48:/home/rdu/Workspace/project_templates/mcu/stm32_ws/src/libraries/STM32F4xx_StdPeriph_Driver/src/stm32f4xx_wwdg.c ****       (#) Set the WWDG counter value and start it using WWDG_Enable() function.
  49:/home/rdu/Workspace/project_templates/mcu/stm32_ws/src/libraries/STM32F4xx_StdPeriph_Driver/src/stm32f4xx_wwdg.c ****           When the WWDG is enabled the counter value should be configured to 
  50:/home/rdu/Workspace/project_templates/mcu/stm32_ws/src/libraries/STM32F4xx_StdPeriph_Driver/src/stm32f4xx_wwdg.c ****           a value greater than 0x40 to prevent generating an immediate reset.     
  51:/home/rdu/Workspace/project_templates/mcu/stm32_ws/src/libraries/STM32F4xx_StdPeriph_Driver/src/stm32f4xx_wwdg.c ****               
  52:/home/rdu/Workspace/project_templates/mcu/stm32_ws/src/libraries/STM32F4xx_StdPeriph_Driver/src/stm32f4xx_wwdg.c ****       (#) Optionally you can enable the Early wakeup interrupt which is 
  53:/home/rdu/Workspace/project_templates/mcu/stm32_ws/src/libraries/STM32F4xx_StdPeriph_Driver/src/stm32f4xx_wwdg.c ****           generated when the counter reach 0x40.
  54:/home/rdu/Workspace/project_templates/mcu/stm32_ws/src/libraries/STM32F4xx_StdPeriph_Driver/src/stm32f4xx_wwdg.c ****           Once enabled this interrupt cannot be disabled except by a system reset.
  55:/home/rdu/Workspace/project_templates/mcu/stm32_ws/src/libraries/STM32F4xx_StdPeriph_Driver/src/stm32f4xx_wwdg.c ****                   
  56:/home/rdu/Workspace/project_templates/mcu/stm32_ws/src/libraries/STM32F4xx_StdPeriph_Driver/src/stm32f4xx_wwdg.c ****       (#) Then the application program must refresh the WWDG counter at regular
  57:/home/rdu/Workspace/project_templates/mcu/stm32_ws/src/libraries/STM32F4xx_StdPeriph_Driver/src/stm32f4xx_wwdg.c ****           intervals during normal operation to prevent an MCU reset, using
  58:/home/rdu/Workspace/project_templates/mcu/stm32_ws/src/libraries/STM32F4xx_StdPeriph_Driver/src/stm32f4xx_wwdg.c ****           WWDG_SetCounter() function. This operation must occur only when
  59:/home/rdu/Workspace/project_templates/mcu/stm32_ws/src/libraries/STM32F4xx_StdPeriph_Driver/src/stm32f4xx_wwdg.c ****           the counter value is lower than the refresh window value, 
  60:/home/rdu/Workspace/project_templates/mcu/stm32_ws/src/libraries/STM32F4xx_StdPeriph_Driver/src/stm32f4xx_wwdg.c ****           programmed using WWDG_SetWindowValue().         
  61:/home/rdu/Workspace/project_templates/mcu/stm32_ws/src/libraries/STM32F4xx_StdPeriph_Driver/src/stm32f4xx_wwdg.c ****   
  62:/home/rdu/Workspace/project_templates/mcu/stm32_ws/src/libraries/STM32F4xx_StdPeriph_Driver/src/stm32f4xx_wwdg.c ****     @endverbatim
  63:/home/rdu/Workspace/project_templates/mcu/stm32_ws/src/libraries/STM32F4xx_StdPeriph_Driver/src/stm32f4xx_wwdg.c ****   ******************************************************************************
  64:/home/rdu/Workspace/project_templates/mcu/stm32_ws/src/libraries/STM32F4xx_StdPeriph_Driver/src/stm32f4xx_wwdg.c ****   * @attention
  65:/home/rdu/Workspace/project_templates/mcu/stm32_ws/src/libraries/STM32F4xx_StdPeriph_Driver/src/stm32f4xx_wwdg.c ****   *
  66:/home/rdu/Workspace/project_templates/mcu/stm32_ws/src/libraries/STM32F4xx_StdPeriph_Driver/src/stm32f4xx_wwdg.c ****   * <h2><center>&copy; COPYRIGHT 2016 STMicroelectronics</center></h2>
  67:/home/rdu/Workspace/project_templates/mcu/stm32_ws/src/libraries/STM32F4xx_StdPeriph_Driver/src/stm32f4xx_wwdg.c ****   *
  68:/home/rdu/Workspace/project_templates/mcu/stm32_ws/src/libraries/STM32F4xx_StdPeriph_Driver/src/stm32f4xx_wwdg.c ****   * Licensed under MCD-ST Liberty SW License Agreement V2, (the "License");
  69:/home/rdu/Workspace/project_templates/mcu/stm32_ws/src/libraries/STM32F4xx_StdPeriph_Driver/src/stm32f4xx_wwdg.c ****   * You may not use this file except in compliance with the License.
  70:/home/rdu/Workspace/project_templates/mcu/stm32_ws/src/libraries/STM32F4xx_StdPeriph_Driver/src/stm32f4xx_wwdg.c ****   * You may obtain a copy of the License at:
  71:/home/rdu/Workspace/project_templates/mcu/stm32_ws/src/libraries/STM32F4xx_StdPeriph_Driver/src/stm32f4xx_wwdg.c ****   *
  72:/home/rdu/Workspace/project_templates/mcu/stm32_ws/src/libraries/STM32F4xx_StdPeriph_Driver/src/stm32f4xx_wwdg.c ****   *        http://www.st.com/software_license_agreement_liberty_v2
  73:/home/rdu/Workspace/project_templates/mcu/stm32_ws/src/libraries/STM32F4xx_StdPeriph_Driver/src/stm32f4xx_wwdg.c ****   *
  74:/home/rdu/Workspace/project_templates/mcu/stm32_ws/src/libraries/STM32F4xx_StdPeriph_Driver/src/stm32f4xx_wwdg.c ****   * Unless required by applicable law or agreed to in writing, software 
  75:/home/rdu/Workspace/project_templates/mcu/stm32_ws/src/libraries/STM32F4xx_StdPeriph_Driver/src/stm32f4xx_wwdg.c ****   * distributed under the License is distributed on an "AS IS" BASIS, 
  76:/home/rdu/Workspace/project_templates/mcu/stm32_ws/src/libraries/STM32F4xx_StdPeriph_Driver/src/stm32f4xx_wwdg.c ****   * WITHOUT WARRANTIES OR CONDITIONS OF ANY KIND, either express or implied.
  77:/home/rdu/Workspace/project_templates/mcu/stm32_ws/src/libraries/STM32F4xx_StdPeriph_Driver/src/stm32f4xx_wwdg.c ****   * See the License for the specific language governing permissions and
  78:/home/rdu/Workspace/project_templates/mcu/stm32_ws/src/libraries/STM32F4xx_StdPeriph_Driver/src/stm32f4xx_wwdg.c ****   * limitations under the License.
  79:/home/rdu/Workspace/project_templates/mcu/stm32_ws/src/libraries/STM32F4xx_StdPeriph_Driver/src/stm32f4xx_wwdg.c ****   *
  80:/home/rdu/Workspace/project_templates/mcu/stm32_ws/src/libraries/STM32F4xx_StdPeriph_Driver/src/stm32f4xx_wwdg.c ****   ******************************************************************************
  81:/home/rdu/Workspace/project_templates/mcu/stm32_ws/src/libraries/STM32F4xx_StdPeriph_Driver/src/stm32f4xx_wwdg.c ****   */
  82:/home/rdu/Workspace/project_templates/mcu/stm32_ws/src/libraries/STM32F4xx_StdPeriph_Driver/src/stm32f4xx_wwdg.c **** 
  83:/home/rdu/Workspace/project_templates/mcu/stm32_ws/src/libraries/STM32F4xx_StdPeriph_Driver/src/stm32f4xx_wwdg.c **** /* Includes ------------------------------------------------------------------*/
  84:/home/rdu/Workspace/project_templates/mcu/stm32_ws/src/libraries/STM32F4xx_StdPeriph_Driver/src/stm32f4xx_wwdg.c **** #include "stm32f4xx_wwdg.h"
  85:/home/rdu/Workspace/project_templates/mcu/stm32_ws/src/libraries/STM32F4xx_StdPeriph_Driver/src/stm32f4xx_wwdg.c **** #include "stm32f4xx_rcc.h"
  86:/home/rdu/Workspace/project_templates/mcu/stm32_ws/src/libraries/STM32F4xx_StdPeriph_Driver/src/stm32f4xx_wwdg.c **** 
  87:/home/rdu/Workspace/project_templates/mcu/stm32_ws/src/libraries/STM32F4xx_StdPeriph_Driver/src/stm32f4xx_wwdg.c **** /** @addtogroup STM32F4xx_StdPeriph_Driver
  88:/home/rdu/Workspace/project_templates/mcu/stm32_ws/src/libraries/STM32F4xx_StdPeriph_Driver/src/stm32f4xx_wwdg.c ****   * @{
  89:/home/rdu/Workspace/project_templates/mcu/stm32_ws/src/libraries/STM32F4xx_StdPeriph_Driver/src/stm32f4xx_wwdg.c ****   */
  90:/home/rdu/Workspace/project_templates/mcu/stm32_ws/src/libraries/STM32F4xx_StdPeriph_Driver/src/stm32f4xx_wwdg.c **** 
  91:/home/rdu/Workspace/project_templates/mcu/stm32_ws/src/libraries/STM32F4xx_StdPeriph_Driver/src/stm32f4xx_wwdg.c **** /** @defgroup WWDG 
  92:/home/rdu/Workspace/project_templates/mcu/stm32_ws/src/libraries/STM32F4xx_StdPeriph_Driver/src/stm32f4xx_wwdg.c ****   * @brief WWDG driver modules
  93:/home/rdu/Workspace/project_templates/mcu/stm32_ws/src/libraries/STM32F4xx_StdPeriph_Driver/src/stm32f4xx_wwdg.c ****   * @{
  94:/home/rdu/Workspace/project_templates/mcu/stm32_ws/src/libraries/STM32F4xx_StdPeriph_Driver/src/stm32f4xx_wwdg.c ****   */
  95:/home/rdu/Workspace/project_templates/mcu/stm32_ws/src/libraries/STM32F4xx_StdPeriph_Driver/src/stm32f4xx_wwdg.c **** 
  96:/home/rdu/Workspace/project_templates/mcu/stm32_ws/src/libraries/STM32F4xx_StdPeriph_Driver/src/stm32f4xx_wwdg.c **** /* Private typedef -----------------------------------------------------------*/
  97:/home/rdu/Workspace/project_templates/mcu/stm32_ws/src/libraries/STM32F4xx_StdPeriph_Driver/src/stm32f4xx_wwdg.c **** /* Private define ------------------------------------------------------------*/
  98:/home/rdu/Workspace/project_templates/mcu/stm32_ws/src/libraries/STM32F4xx_StdPeriph_Driver/src/stm32f4xx_wwdg.c **** 
  99:/home/rdu/Workspace/project_templates/mcu/stm32_ws/src/libraries/STM32F4xx_StdPeriph_Driver/src/stm32f4xx_wwdg.c **** /* ----------- WWDG registers bit address in the alias region ----------- */
 100:/home/rdu/Workspace/project_templates/mcu/stm32_ws/src/libraries/STM32F4xx_StdPeriph_Driver/src/stm32f4xx_wwdg.c **** #define WWDG_OFFSET       (WWDG_BASE - PERIPH_BASE)
 101:/home/rdu/Workspace/project_templates/mcu/stm32_ws/src/libraries/STM32F4xx_StdPeriph_Driver/src/stm32f4xx_wwdg.c **** /* Alias word address of EWI bit */
 102:/home/rdu/Workspace/project_templates/mcu/stm32_ws/src/libraries/STM32F4xx_StdPeriph_Driver/src/stm32f4xx_wwdg.c **** #define CFR_OFFSET        (WWDG_OFFSET + 0x04)
 103:/home/rdu/Workspace/project_templates/mcu/stm32_ws/src/libraries/STM32F4xx_StdPeriph_Driver/src/stm32f4xx_wwdg.c **** #define EWI_BitNumber     0x09
 104:/home/rdu/Workspace/project_templates/mcu/stm32_ws/src/libraries/STM32F4xx_StdPeriph_Driver/src/stm32f4xx_wwdg.c **** #define CFR_EWI_BB        (PERIPH_BB_BASE + (CFR_OFFSET * 32) + (EWI_BitNumber * 4))
 105:/home/rdu/Workspace/project_templates/mcu/stm32_ws/src/libraries/STM32F4xx_StdPeriph_Driver/src/stm32f4xx_wwdg.c **** 
 106:/home/rdu/Workspace/project_templates/mcu/stm32_ws/src/libraries/STM32F4xx_StdPeriph_Driver/src/stm32f4xx_wwdg.c **** /* --------------------- WWDG registers bit mask ------------------------ */
 107:/home/rdu/Workspace/project_templates/mcu/stm32_ws/src/libraries/STM32F4xx_StdPeriph_Driver/src/stm32f4xx_wwdg.c **** /* CFR register bit mask */
 108:/home/rdu/Workspace/project_templates/mcu/stm32_ws/src/libraries/STM32F4xx_StdPeriph_Driver/src/stm32f4xx_wwdg.c **** #define CFR_WDGTB_MASK    ((uint32_t)0xFFFFFE7F)
 109:/home/rdu/Workspace/project_templates/mcu/stm32_ws/src/libraries/STM32F4xx_StdPeriph_Driver/src/stm32f4xx_wwdg.c **** #define CFR_W_MASK        ((uint32_t)0xFFFFFF80)
 110:/home/rdu/Workspace/project_templates/mcu/stm32_ws/src/libraries/STM32F4xx_StdPeriph_Driver/src/stm32f4xx_wwdg.c **** #define BIT_MASK          ((uint8_t)0x7F)
 111:/home/rdu/Workspace/project_templates/mcu/stm32_ws/src/libraries/STM32F4xx_StdPeriph_Driver/src/stm32f4xx_wwdg.c **** 
 112:/home/rdu/Workspace/project_templates/mcu/stm32_ws/src/libraries/STM32F4xx_StdPeriph_Driver/src/stm32f4xx_wwdg.c **** /* Private macro -------------------------------------------------------------*/
 113:/home/rdu/Workspace/project_templates/mcu/stm32_ws/src/libraries/STM32F4xx_StdPeriph_Driver/src/stm32f4xx_wwdg.c **** /* Private variables ---------------------------------------------------------*/
 114:/home/rdu/Workspace/project_templates/mcu/stm32_ws/src/libraries/STM32F4xx_StdPeriph_Driver/src/stm32f4xx_wwdg.c **** /* Private function prototypes -----------------------------------------------*/
 115:/home/rdu/Workspace/project_templates/mcu/stm32_ws/src/libraries/STM32F4xx_StdPeriph_Driver/src/stm32f4xx_wwdg.c **** /* Private functions ---------------------------------------------------------*/
 116:/home/rdu/Workspace/project_templates/mcu/stm32_ws/src/libraries/STM32F4xx_StdPeriph_Driver/src/stm32f4xx_wwdg.c **** 
 117:/home/rdu/Workspace/project_templates/mcu/stm32_ws/src/libraries/STM32F4xx_StdPeriph_Driver/src/stm32f4xx_wwdg.c **** /** @defgroup WWDG_Private_Functions
 118:/home/rdu/Workspace/project_templates/mcu/stm32_ws/src/libraries/STM32F4xx_StdPeriph_Driver/src/stm32f4xx_wwdg.c ****   * @{
 119:/home/rdu/Workspace/project_templates/mcu/stm32_ws/src/libraries/STM32F4xx_StdPeriph_Driver/src/stm32f4xx_wwdg.c ****   */
 120:/home/rdu/Workspace/project_templates/mcu/stm32_ws/src/libraries/STM32F4xx_StdPeriph_Driver/src/stm32f4xx_wwdg.c **** 
 121:/home/rdu/Workspace/project_templates/mcu/stm32_ws/src/libraries/STM32F4xx_StdPeriph_Driver/src/stm32f4xx_wwdg.c **** /** @defgroup WWDG_Group1 Prescaler, Refresh window and Counter configuration functions
 122:/home/rdu/Workspace/project_templates/mcu/stm32_ws/src/libraries/STM32F4xx_StdPeriph_Driver/src/stm32f4xx_wwdg.c ****  *  @brief   Prescaler, Refresh window and Counter configuration functions 
 123:/home/rdu/Workspace/project_templates/mcu/stm32_ws/src/libraries/STM32F4xx_StdPeriph_Driver/src/stm32f4xx_wwdg.c ****  *
 124:/home/rdu/Workspace/project_templates/mcu/stm32_ws/src/libraries/STM32F4xx_StdPeriph_Driver/src/stm32f4xx_wwdg.c **** @verbatim   
 125:/home/rdu/Workspace/project_templates/mcu/stm32_ws/src/libraries/STM32F4xx_StdPeriph_Driver/src/stm32f4xx_wwdg.c ****  ===============================================================================
 126:/home/rdu/Workspace/project_templates/mcu/stm32_ws/src/libraries/STM32F4xx_StdPeriph_Driver/src/stm32f4xx_wwdg.c ****     ##### Prescaler, Refresh window and Counter configuration functions #####
 127:/home/rdu/Workspace/project_templates/mcu/stm32_ws/src/libraries/STM32F4xx_StdPeriph_Driver/src/stm32f4xx_wwdg.c ****  ===============================================================================  
 128:/home/rdu/Workspace/project_templates/mcu/stm32_ws/src/libraries/STM32F4xx_StdPeriph_Driver/src/stm32f4xx_wwdg.c **** 
 129:/home/rdu/Workspace/project_templates/mcu/stm32_ws/src/libraries/STM32F4xx_StdPeriph_Driver/src/stm32f4xx_wwdg.c **** @endverbatim
 130:/home/rdu/Workspace/project_templates/mcu/stm32_ws/src/libraries/STM32F4xx_StdPeriph_Driver/src/stm32f4xx_wwdg.c ****   * @{
 131:/home/rdu/Workspace/project_templates/mcu/stm32_ws/src/libraries/STM32F4xx_StdPeriph_Driver/src/stm32f4xx_wwdg.c ****   */
 132:/home/rdu/Workspace/project_templates/mcu/stm32_ws/src/libraries/STM32F4xx_StdPeriph_Driver/src/stm32f4xx_wwdg.c **** 
 133:/home/rdu/Workspace/project_templates/mcu/stm32_ws/src/libraries/STM32F4xx_StdPeriph_Driver/src/stm32f4xx_wwdg.c **** /**
 134:/home/rdu/Workspace/project_templates/mcu/stm32_ws/src/libraries/STM32F4xx_StdPeriph_Driver/src/stm32f4xx_wwdg.c ****   * @brief  Deinitializes the WWDG peripheral registers to their default reset values.
 135:/home/rdu/Workspace/project_templates/mcu/stm32_ws/src/libraries/STM32F4xx_StdPeriph_Driver/src/stm32f4xx_wwdg.c ****   * @param  None
 136:/home/rdu/Workspace/project_templates/mcu/stm32_ws/src/libraries/STM32F4xx_StdPeriph_Driver/src/stm32f4xx_wwdg.c ****   * @retval None
 137:/home/rdu/Workspace/project_templates/mcu/stm32_ws/src/libraries/STM32F4xx_StdPeriph_Driver/src/stm32f4xx_wwdg.c ****   */
 138:/home/rdu/Workspace/project_templates/mcu/stm32_ws/src/libraries/STM32F4xx_StdPeriph_Driver/src/stm32f4xx_wwdg.c **** void WWDG_DeInit(void)
 139:/home/rdu/Workspace/project_templates/mcu/stm32_ws/src/libraries/STM32F4xx_StdPeriph_Driver/src/stm32f4xx_wwdg.c **** {
  26              		.loc 1 139 0
  27              		.cfi_startproc
  28              		@ args = 0, pretend = 0, frame = 0
  29              		@ frame_needed = 0, uses_anonymous_args = 0
  30 0000 08B5     		push	{r3, lr}
  31              	.LCFI0:
  32              		.cfi_def_cfa_offset 8
  33              		.cfi_offset 3, -8
  34              		.cfi_offset 14, -4
 140:/home/rdu/Workspace/project_templates/mcu/stm32_ws/src/libraries/STM32F4xx_StdPeriph_Driver/src/stm32f4xx_wwdg.c ****   RCC_APB1PeriphResetCmd(RCC_APB1Periph_WWDG, ENABLE);
  35              		.loc 1 140 0
  36 0002 0121     		movs	r1, #1
  37 0004 4FF40060 		mov	r0, #2048
  38 0008 FFF7FEFF 		bl	RCC_APB1PeriphResetCmd
 141:/home/rdu/Workspace/project_templates/mcu/stm32_ws/src/libraries/STM32F4xx_StdPeriph_Driver/src/stm32f4xx_wwdg.c ****   RCC_APB1PeriphResetCmd(RCC_APB1Periph_WWDG, DISABLE);
  39              		.loc 1 141 0
  40 000c 0021     		movs	r1, #0
  41 000e 4FF40060 		mov	r0, #2048
  42 0012 FFF7FEFF 		bl	RCC_APB1PeriphResetCmd
 142:/home/rdu/Workspace/project_templates/mcu/stm32_ws/src/libraries/STM32F4xx_StdPeriph_Driver/src/stm32f4xx_wwdg.c **** }
  43              		.loc 1 142 0
  44 0016 00BF     		nop
  45 0018 08BD     		pop	{r3, pc}
  46              		.cfi_endproc
  47              	.LFE123:
  49              		.section	.text.WWDG_SetPrescaler,"ax",%progbits
  50              		.align	1
  51              		.global	WWDG_SetPrescaler
  52              		.syntax unified
  53              		.thumb
  54              		.thumb_func
  55              		.fpu fpv4-sp-d16
  57              	WWDG_SetPrescaler:
  58              	.LFB124:
 143:/home/rdu/Workspace/project_templates/mcu/stm32_ws/src/libraries/STM32F4xx_StdPeriph_Driver/src/stm32f4xx_wwdg.c **** 
 144:/home/rdu/Workspace/project_templates/mcu/stm32_ws/src/libraries/STM32F4xx_StdPeriph_Driver/src/stm32f4xx_wwdg.c **** /**
 145:/home/rdu/Workspace/project_templates/mcu/stm32_ws/src/libraries/STM32F4xx_StdPeriph_Driver/src/stm32f4xx_wwdg.c ****   * @brief  Sets the WWDG Prescaler.
 146:/home/rdu/Workspace/project_templates/mcu/stm32_ws/src/libraries/STM32F4xx_StdPeriph_Driver/src/stm32f4xx_wwdg.c ****   * @param  WWDG_Prescaler: specifies the WWDG Prescaler.
 147:/home/rdu/Workspace/project_templates/mcu/stm32_ws/src/libraries/STM32F4xx_StdPeriph_Driver/src/stm32f4xx_wwdg.c ****   *   This parameter can be one of the following values:
 148:/home/rdu/Workspace/project_templates/mcu/stm32_ws/src/libraries/STM32F4xx_StdPeriph_Driver/src/stm32f4xx_wwdg.c ****   *     @arg WWDG_Prescaler_1: WWDG counter clock = (PCLK1/4096)/1
 149:/home/rdu/Workspace/project_templates/mcu/stm32_ws/src/libraries/STM32F4xx_StdPeriph_Driver/src/stm32f4xx_wwdg.c ****   *     @arg WWDG_Prescaler_2: WWDG counter clock = (PCLK1/4096)/2
 150:/home/rdu/Workspace/project_templates/mcu/stm32_ws/src/libraries/STM32F4xx_StdPeriph_Driver/src/stm32f4xx_wwdg.c ****   *     @arg WWDG_Prescaler_4: WWDG counter clock = (PCLK1/4096)/4
 151:/home/rdu/Workspace/project_templates/mcu/stm32_ws/src/libraries/STM32F4xx_StdPeriph_Driver/src/stm32f4xx_wwdg.c ****   *     @arg WWDG_Prescaler_8: WWDG counter clock = (PCLK1/4096)/8
 152:/home/rdu/Workspace/project_templates/mcu/stm32_ws/src/libraries/STM32F4xx_StdPeriph_Driver/src/stm32f4xx_wwdg.c ****   * @retval None
 153:/home/rdu/Workspace/project_templates/mcu/stm32_ws/src/libraries/STM32F4xx_StdPeriph_Driver/src/stm32f4xx_wwdg.c ****   */
 154:/home/rdu/Workspace/project_templates/mcu/stm32_ws/src/libraries/STM32F4xx_StdPeriph_Driver/src/stm32f4xx_wwdg.c **** void WWDG_SetPrescaler(uint32_t WWDG_Prescaler)
 155:/home/rdu/Workspace/project_templates/mcu/stm32_ws/src/libraries/STM32F4xx_StdPeriph_Driver/src/stm32f4xx_wwdg.c **** {
  59              		.loc 1 155 0
  60              		.cfi_startproc
  61              		@ args = 0, pretend = 0, frame = 16
  62              		@ frame_needed = 0, uses_anonymous_args = 0
  63              		@ link register save eliminated.
  64 0000 84B0     		sub	sp, sp, #16
  65              	.LCFI1:
  66              		.cfi_def_cfa_offset 16
  67 0002 0190     		str	r0, [sp, #4]
 156:/home/rdu/Workspace/project_templates/mcu/stm32_ws/src/libraries/STM32F4xx_StdPeriph_Driver/src/stm32f4xx_wwdg.c ****   uint32_t tmpreg = 0;
  68              		.loc 1 156 0
  69 0004 0023     		movs	r3, #0
  70 0006 0393     		str	r3, [sp, #12]
 157:/home/rdu/Workspace/project_templates/mcu/stm32_ws/src/libraries/STM32F4xx_StdPeriph_Driver/src/stm32f4xx_wwdg.c ****   /* Check the parameters */
 158:/home/rdu/Workspace/project_templates/mcu/stm32_ws/src/libraries/STM32F4xx_StdPeriph_Driver/src/stm32f4xx_wwdg.c ****   assert_param(IS_WWDG_PRESCALER(WWDG_Prescaler));
 159:/home/rdu/Workspace/project_templates/mcu/stm32_ws/src/libraries/STM32F4xx_StdPeriph_Driver/src/stm32f4xx_wwdg.c ****   /* Clear WDGTB[1:0] bits */
 160:/home/rdu/Workspace/project_templates/mcu/stm32_ws/src/libraries/STM32F4xx_StdPeriph_Driver/src/stm32f4xx_wwdg.c ****   tmpreg = WWDG->CFR & CFR_WDGTB_MASK;
  71              		.loc 1 160 0
  72 0008 074B     		ldr	r3, .L3
  73 000a 5B68     		ldr	r3, [r3, #4]
  74 000c 23F4C073 		bic	r3, r3, #384
  75 0010 0393     		str	r3, [sp, #12]
 161:/home/rdu/Workspace/project_templates/mcu/stm32_ws/src/libraries/STM32F4xx_StdPeriph_Driver/src/stm32f4xx_wwdg.c ****   /* Set WDGTB[1:0] bits according to WWDG_Prescaler value */
 162:/home/rdu/Workspace/project_templates/mcu/stm32_ws/src/libraries/STM32F4xx_StdPeriph_Driver/src/stm32f4xx_wwdg.c ****   tmpreg |= WWDG_Prescaler;
  76              		.loc 1 162 0
  77 0012 039A     		ldr	r2, [sp, #12]
  78 0014 019B     		ldr	r3, [sp, #4]
  79 0016 1343     		orrs	r3, r3, r2
  80 0018 0393     		str	r3, [sp, #12]
 163:/home/rdu/Workspace/project_templates/mcu/stm32_ws/src/libraries/STM32F4xx_StdPeriph_Driver/src/stm32f4xx_wwdg.c ****   /* Store the new value */
 164:/home/rdu/Workspace/project_templates/mcu/stm32_ws/src/libraries/STM32F4xx_StdPeriph_Driver/src/stm32f4xx_wwdg.c ****   WWDG->CFR = tmpreg;
  81              		.loc 1 164 0
  82 001a 034A     		ldr	r2, .L3
  83 001c 039B     		ldr	r3, [sp, #12]
  84 001e 5360     		str	r3, [r2, #4]
 165:/home/rdu/Workspace/project_templates/mcu/stm32_ws/src/libraries/STM32F4xx_StdPeriph_Driver/src/stm32f4xx_wwdg.c **** }
  85              		.loc 1 165 0
  86 0020 00BF     		nop
  87 0022 04B0     		add	sp, sp, #16
  88              	.LCFI2:
  89              		.cfi_def_cfa_offset 0
  90              		@ sp needed
  91 0024 7047     		bx	lr
  92              	.L4:
  93 0026 00BF     		.align	2
  94              	.L3:
  95 0028 002C0040 		.word	1073753088
  96              		.cfi_endproc
  97              	.LFE124:
  99              		.section	.text.WWDG_SetWindowValue,"ax",%progbits
 100              		.align	1
 101              		.global	WWDG_SetWindowValue
 102              		.syntax unified
 103              		.thumb
 104              		.thumb_func
 105              		.fpu fpv4-sp-d16
 107              	WWDG_SetWindowValue:
 108              	.LFB125:
 166:/home/rdu/Workspace/project_templates/mcu/stm32_ws/src/libraries/STM32F4xx_StdPeriph_Driver/src/stm32f4xx_wwdg.c **** 
 167:/home/rdu/Workspace/project_templates/mcu/stm32_ws/src/libraries/STM32F4xx_StdPeriph_Driver/src/stm32f4xx_wwdg.c **** /**
 168:/home/rdu/Workspace/project_templates/mcu/stm32_ws/src/libraries/STM32F4xx_StdPeriph_Driver/src/stm32f4xx_wwdg.c ****   * @brief  Sets the WWDG window value.
 169:/home/rdu/Workspace/project_templates/mcu/stm32_ws/src/libraries/STM32F4xx_StdPeriph_Driver/src/stm32f4xx_wwdg.c ****   * @param  WindowValue: specifies the window value to be compared to the downcounter.
 170:/home/rdu/Workspace/project_templates/mcu/stm32_ws/src/libraries/STM32F4xx_StdPeriph_Driver/src/stm32f4xx_wwdg.c ****   *   This parameter value must be lower than 0x80.
 171:/home/rdu/Workspace/project_templates/mcu/stm32_ws/src/libraries/STM32F4xx_StdPeriph_Driver/src/stm32f4xx_wwdg.c ****   * @retval None
 172:/home/rdu/Workspace/project_templates/mcu/stm32_ws/src/libraries/STM32F4xx_StdPeriph_Driver/src/stm32f4xx_wwdg.c ****   */
 173:/home/rdu/Workspace/project_templates/mcu/stm32_ws/src/libraries/STM32F4xx_StdPeriph_Driver/src/stm32f4xx_wwdg.c **** void WWDG_SetWindowValue(uint8_t WindowValue)
 174:/home/rdu/Workspace/project_templates/mcu/stm32_ws/src/libraries/STM32F4xx_StdPeriph_Driver/src/stm32f4xx_wwdg.c **** {
 109              		.loc 1 174 0
 110              		.cfi_startproc
 111              		@ args = 0, pretend = 0, frame = 16
 112              		@ frame_needed = 0, uses_anonymous_args = 0
 113              		@ link register save eliminated.
 114 0000 84B0     		sub	sp, sp, #16
 115              	.LCFI3:
 116              		.cfi_def_cfa_offset 16
 117 0002 0346     		mov	r3, r0
 118 0004 8DF80730 		strb	r3, [sp, #7]
 175:/home/rdu/Workspace/project_templates/mcu/stm32_ws/src/libraries/STM32F4xx_StdPeriph_Driver/src/stm32f4xx_wwdg.c ****   __IO uint32_t tmpreg = 0;
 119              		.loc 1 175 0
 120 0008 0023     		movs	r3, #0
 121 000a 0393     		str	r3, [sp, #12]
 176:/home/rdu/Workspace/project_templates/mcu/stm32_ws/src/libraries/STM32F4xx_StdPeriph_Driver/src/stm32f4xx_wwdg.c **** 
 177:/home/rdu/Workspace/project_templates/mcu/stm32_ws/src/libraries/STM32F4xx_StdPeriph_Driver/src/stm32f4xx_wwdg.c ****   /* Check the parameters */
 178:/home/rdu/Workspace/project_templates/mcu/stm32_ws/src/libraries/STM32F4xx_StdPeriph_Driver/src/stm32f4xx_wwdg.c ****   assert_param(IS_WWDG_WINDOW_VALUE(WindowValue));
 179:/home/rdu/Workspace/project_templates/mcu/stm32_ws/src/libraries/STM32F4xx_StdPeriph_Driver/src/stm32f4xx_wwdg.c ****   /* Clear W[6:0] bits */
 180:/home/rdu/Workspace/project_templates/mcu/stm32_ws/src/libraries/STM32F4xx_StdPeriph_Driver/src/stm32f4xx_wwdg.c **** 
 181:/home/rdu/Workspace/project_templates/mcu/stm32_ws/src/libraries/STM32F4xx_StdPeriph_Driver/src/stm32f4xx_wwdg.c ****   tmpreg = WWDG->CFR & CFR_W_MASK;
 122              		.loc 1 181 0
 123 000c 084B     		ldr	r3, .L6
 124 000e 5B68     		ldr	r3, [r3, #4]
 125 0010 23F07F03 		bic	r3, r3, #127
 126 0014 0393     		str	r3, [sp, #12]
 182:/home/rdu/Workspace/project_templates/mcu/stm32_ws/src/libraries/STM32F4xx_StdPeriph_Driver/src/stm32f4xx_wwdg.c **** 
 183:/home/rdu/Workspace/project_templates/mcu/stm32_ws/src/libraries/STM32F4xx_StdPeriph_Driver/src/stm32f4xx_wwdg.c ****   /* Set W[6:0] bits according to WindowValue value */
 184:/home/rdu/Workspace/project_templates/mcu/stm32_ws/src/libraries/STM32F4xx_StdPeriph_Driver/src/stm32f4xx_wwdg.c ****   tmpreg |= WindowValue & (uint32_t) BIT_MASK;
 127              		.loc 1 184 0
 128 0016 9DF80730 		ldrb	r3, [sp, #7]	@ zero_extendqisi2
 129 001a 03F07F02 		and	r2, r3, #127
 130 001e 039B     		ldr	r3, [sp, #12]
 131 0020 1343     		orrs	r3, r3, r2
 132 0022 0393     		str	r3, [sp, #12]
 185:/home/rdu/Workspace/project_templates/mcu/stm32_ws/src/libraries/STM32F4xx_StdPeriph_Driver/src/stm32f4xx_wwdg.c **** 
 186:/home/rdu/Workspace/project_templates/mcu/stm32_ws/src/libraries/STM32F4xx_StdPeriph_Driver/src/stm32f4xx_wwdg.c ****   /* Store the new value */
 187:/home/rdu/Workspace/project_templates/mcu/stm32_ws/src/libraries/STM32F4xx_StdPeriph_Driver/src/stm32f4xx_wwdg.c ****   WWDG->CFR = tmpreg;
 133              		.loc 1 187 0
 134 0024 024A     		ldr	r2, .L6
 135 0026 039B     		ldr	r3, [sp, #12]
 136 0028 5360     		str	r3, [r2, #4]
 188:/home/rdu/Workspace/project_templates/mcu/stm32_ws/src/libraries/STM32F4xx_StdPeriph_Driver/src/stm32f4xx_wwdg.c **** }
 137              		.loc 1 188 0
 138 002a 00BF     		nop
 139 002c 04B0     		add	sp, sp, #16
 140              	.LCFI4:
 141              		.cfi_def_cfa_offset 0
 142              		@ sp needed
 143 002e 7047     		bx	lr
 144              	.L7:
 145              		.align	2
 146              	.L6:
 147 0030 002C0040 		.word	1073753088
 148              		.cfi_endproc
 149              	.LFE125:
 151              		.section	.text.WWDG_EnableIT,"ax",%progbits
 152              		.align	1
 153              		.global	WWDG_EnableIT
 154              		.syntax unified
 155              		.thumb
 156              		.thumb_func
 157              		.fpu fpv4-sp-d16
 159              	WWDG_EnableIT:
 160              	.LFB126:
 189:/home/rdu/Workspace/project_templates/mcu/stm32_ws/src/libraries/STM32F4xx_StdPeriph_Driver/src/stm32f4xx_wwdg.c **** 
 190:/home/rdu/Workspace/project_templates/mcu/stm32_ws/src/libraries/STM32F4xx_StdPeriph_Driver/src/stm32f4xx_wwdg.c **** /**
 191:/home/rdu/Workspace/project_templates/mcu/stm32_ws/src/libraries/STM32F4xx_StdPeriph_Driver/src/stm32f4xx_wwdg.c ****   * @brief  Enables the WWDG Early Wakeup interrupt(EWI).
 192:/home/rdu/Workspace/project_templates/mcu/stm32_ws/src/libraries/STM32F4xx_StdPeriph_Driver/src/stm32f4xx_wwdg.c ****   * @note   Once enabled this interrupt cannot be disabled except by a system reset.
 193:/home/rdu/Workspace/project_templates/mcu/stm32_ws/src/libraries/STM32F4xx_StdPeriph_Driver/src/stm32f4xx_wwdg.c ****   * @param  None
 194:/home/rdu/Workspace/project_templates/mcu/stm32_ws/src/libraries/STM32F4xx_StdPeriph_Driver/src/stm32f4xx_wwdg.c ****   * @retval None
 195:/home/rdu/Workspace/project_templates/mcu/stm32_ws/src/libraries/STM32F4xx_StdPeriph_Driver/src/stm32f4xx_wwdg.c ****   */
 196:/home/rdu/Workspace/project_templates/mcu/stm32_ws/src/libraries/STM32F4xx_StdPeriph_Driver/src/stm32f4xx_wwdg.c **** void WWDG_EnableIT(void)
 197:/home/rdu/Workspace/project_templates/mcu/stm32_ws/src/libraries/STM32F4xx_StdPeriph_Driver/src/stm32f4xx_wwdg.c **** {
 161              		.loc 1 197 0
 162              		.cfi_startproc
 163              		@ args = 0, pretend = 0, frame = 0
 164              		@ frame_needed = 0, uses_anonymous_args = 0
 165              		@ link register save eliminated.
 198:/home/rdu/Workspace/project_templates/mcu/stm32_ws/src/libraries/STM32F4xx_StdPeriph_Driver/src/stm32f4xx_wwdg.c ****   *(__IO uint32_t *) CFR_EWI_BB = (uint32_t)ENABLE;
 166              		.loc 1 198 0
 167 0000 024B     		ldr	r3, .L9
 168 0002 0122     		movs	r2, #1
 169 0004 1A60     		str	r2, [r3]
 199:/home/rdu/Workspace/project_templates/mcu/stm32_ws/src/libraries/STM32F4xx_StdPeriph_Driver/src/stm32f4xx_wwdg.c **** }
 170              		.loc 1 199 0
 171 0006 00BF     		nop
 172 0008 7047     		bx	lr
 173              	.L10:
 174 000a 00BF     		.align	2
 175              	.L9:
 176 000c A4800542 		.word	1107656868
 177              		.cfi_endproc
 178              	.LFE126:
 180              		.section	.text.WWDG_SetCounter,"ax",%progbits
 181              		.align	1
 182              		.global	WWDG_SetCounter
 183              		.syntax unified
 184              		.thumb
 185              		.thumb_func
 186              		.fpu fpv4-sp-d16
 188              	WWDG_SetCounter:
 189              	.LFB127:
 200:/home/rdu/Workspace/project_templates/mcu/stm32_ws/src/libraries/STM32F4xx_StdPeriph_Driver/src/stm32f4xx_wwdg.c **** 
 201:/home/rdu/Workspace/project_templates/mcu/stm32_ws/src/libraries/STM32F4xx_StdPeriph_Driver/src/stm32f4xx_wwdg.c **** /**
 202:/home/rdu/Workspace/project_templates/mcu/stm32_ws/src/libraries/STM32F4xx_StdPeriph_Driver/src/stm32f4xx_wwdg.c ****   * @brief  Sets the WWDG counter value.
 203:/home/rdu/Workspace/project_templates/mcu/stm32_ws/src/libraries/STM32F4xx_StdPeriph_Driver/src/stm32f4xx_wwdg.c ****   * @param  Counter: specifies the watchdog counter value.
 204:/home/rdu/Workspace/project_templates/mcu/stm32_ws/src/libraries/STM32F4xx_StdPeriph_Driver/src/stm32f4xx_wwdg.c ****   *   This parameter must be a number between 0x40 and 0x7F (to prevent generating
 205:/home/rdu/Workspace/project_templates/mcu/stm32_ws/src/libraries/STM32F4xx_StdPeriph_Driver/src/stm32f4xx_wwdg.c ****   *   an immediate reset) 
 206:/home/rdu/Workspace/project_templates/mcu/stm32_ws/src/libraries/STM32F4xx_StdPeriph_Driver/src/stm32f4xx_wwdg.c ****   * @retval None
 207:/home/rdu/Workspace/project_templates/mcu/stm32_ws/src/libraries/STM32F4xx_StdPeriph_Driver/src/stm32f4xx_wwdg.c ****   */
 208:/home/rdu/Workspace/project_templates/mcu/stm32_ws/src/libraries/STM32F4xx_StdPeriph_Driver/src/stm32f4xx_wwdg.c **** void WWDG_SetCounter(uint8_t Counter)
 209:/home/rdu/Workspace/project_templates/mcu/stm32_ws/src/libraries/STM32F4xx_StdPeriph_Driver/src/stm32f4xx_wwdg.c **** {
 190              		.loc 1 209 0
 191              		.cfi_startproc
 192              		@ args = 0, pretend = 0, frame = 8
 193              		@ frame_needed = 0, uses_anonymous_args = 0
 194              		@ link register save eliminated.
 195 0000 82B0     		sub	sp, sp, #8
 196              	.LCFI5:
 197              		.cfi_def_cfa_offset 8
 198 0002 0346     		mov	r3, r0
 199 0004 8DF80730 		strb	r3, [sp, #7]
 210:/home/rdu/Workspace/project_templates/mcu/stm32_ws/src/libraries/STM32F4xx_StdPeriph_Driver/src/stm32f4xx_wwdg.c ****   /* Check the parameters */
 211:/home/rdu/Workspace/project_templates/mcu/stm32_ws/src/libraries/STM32F4xx_StdPeriph_Driver/src/stm32f4xx_wwdg.c ****   assert_param(IS_WWDG_COUNTER(Counter));
 212:/home/rdu/Workspace/project_templates/mcu/stm32_ws/src/libraries/STM32F4xx_StdPeriph_Driver/src/stm32f4xx_wwdg.c ****   /* Write to T[6:0] bits to configure the counter value, no need to do
 213:/home/rdu/Workspace/project_templates/mcu/stm32_ws/src/libraries/STM32F4xx_StdPeriph_Driver/src/stm32f4xx_wwdg.c ****      a read-modify-write; writing a 0 to WDGA bit does nothing */
 214:/home/rdu/Workspace/project_templates/mcu/stm32_ws/src/libraries/STM32F4xx_StdPeriph_Driver/src/stm32f4xx_wwdg.c ****   WWDG->CR = Counter & BIT_MASK;
 200              		.loc 1 214 0
 201 0008 9DF80730 		ldrb	r3, [sp, #7]	@ zero_extendqisi2
 202 000c 034A     		ldr	r2, .L12
 203 000e 03F07F03 		and	r3, r3, #127
 204 0012 1360     		str	r3, [r2]
 215:/home/rdu/Workspace/project_templates/mcu/stm32_ws/src/libraries/STM32F4xx_StdPeriph_Driver/src/stm32f4xx_wwdg.c **** }
 205              		.loc 1 215 0
 206 0014 00BF     		nop
 207 0016 02B0     		add	sp, sp, #8
 208              	.LCFI6:
 209              		.cfi_def_cfa_offset 0
 210              		@ sp needed
 211 0018 7047     		bx	lr
 212              	.L13:
 213 001a 00BF     		.align	2
 214              	.L12:
 215 001c 002C0040 		.word	1073753088
 216              		.cfi_endproc
 217              	.LFE127:
 219              		.section	.text.WWDG_Enable,"ax",%progbits
 220              		.align	1
 221              		.global	WWDG_Enable
 222              		.syntax unified
 223              		.thumb
 224              		.thumb_func
 225              		.fpu fpv4-sp-d16
 227              	WWDG_Enable:
 228              	.LFB128:
 216:/home/rdu/Workspace/project_templates/mcu/stm32_ws/src/libraries/STM32F4xx_StdPeriph_Driver/src/stm32f4xx_wwdg.c **** /**
 217:/home/rdu/Workspace/project_templates/mcu/stm32_ws/src/libraries/STM32F4xx_StdPeriph_Driver/src/stm32f4xx_wwdg.c ****   * @}
 218:/home/rdu/Workspace/project_templates/mcu/stm32_ws/src/libraries/STM32F4xx_StdPeriph_Driver/src/stm32f4xx_wwdg.c ****   */
 219:/home/rdu/Workspace/project_templates/mcu/stm32_ws/src/libraries/STM32F4xx_StdPeriph_Driver/src/stm32f4xx_wwdg.c **** 
 220:/home/rdu/Workspace/project_templates/mcu/stm32_ws/src/libraries/STM32F4xx_StdPeriph_Driver/src/stm32f4xx_wwdg.c **** /** @defgroup WWDG_Group2 WWDG activation functions
 221:/home/rdu/Workspace/project_templates/mcu/stm32_ws/src/libraries/STM32F4xx_StdPeriph_Driver/src/stm32f4xx_wwdg.c ****  *  @brief   WWDG activation functions 
 222:/home/rdu/Workspace/project_templates/mcu/stm32_ws/src/libraries/STM32F4xx_StdPeriph_Driver/src/stm32f4xx_wwdg.c ****  *
 223:/home/rdu/Workspace/project_templates/mcu/stm32_ws/src/libraries/STM32F4xx_StdPeriph_Driver/src/stm32f4xx_wwdg.c **** @verbatim   
 224:/home/rdu/Workspace/project_templates/mcu/stm32_ws/src/libraries/STM32F4xx_StdPeriph_Driver/src/stm32f4xx_wwdg.c ****  ===============================================================================
 225:/home/rdu/Workspace/project_templates/mcu/stm32_ws/src/libraries/STM32F4xx_StdPeriph_Driver/src/stm32f4xx_wwdg.c ****                     ##### WWDG activation function #####
 226:/home/rdu/Workspace/project_templates/mcu/stm32_ws/src/libraries/STM32F4xx_StdPeriph_Driver/src/stm32f4xx_wwdg.c ****  ===============================================================================  
 227:/home/rdu/Workspace/project_templates/mcu/stm32_ws/src/libraries/STM32F4xx_StdPeriph_Driver/src/stm32f4xx_wwdg.c **** 
 228:/home/rdu/Workspace/project_templates/mcu/stm32_ws/src/libraries/STM32F4xx_StdPeriph_Driver/src/stm32f4xx_wwdg.c **** @endverbatim
 229:/home/rdu/Workspace/project_templates/mcu/stm32_ws/src/libraries/STM32F4xx_StdPeriph_Driver/src/stm32f4xx_wwdg.c ****   * @{
 230:/home/rdu/Workspace/project_templates/mcu/stm32_ws/src/libraries/STM32F4xx_StdPeriph_Driver/src/stm32f4xx_wwdg.c ****   */
 231:/home/rdu/Workspace/project_templates/mcu/stm32_ws/src/libraries/STM32F4xx_StdPeriph_Driver/src/stm32f4xx_wwdg.c **** 
 232:/home/rdu/Workspace/project_templates/mcu/stm32_ws/src/libraries/STM32F4xx_StdPeriph_Driver/src/stm32f4xx_wwdg.c **** /**
 233:/home/rdu/Workspace/project_templates/mcu/stm32_ws/src/libraries/STM32F4xx_StdPeriph_Driver/src/stm32f4xx_wwdg.c ****   * @brief  Enables WWDG and load the counter value.                  
 234:/home/rdu/Workspace/project_templates/mcu/stm32_ws/src/libraries/STM32F4xx_StdPeriph_Driver/src/stm32f4xx_wwdg.c ****   * @param  Counter: specifies the watchdog counter value.
 235:/home/rdu/Workspace/project_templates/mcu/stm32_ws/src/libraries/STM32F4xx_StdPeriph_Driver/src/stm32f4xx_wwdg.c ****   *   This parameter must be a number between 0x40 and 0x7F (to prevent generating
 236:/home/rdu/Workspace/project_templates/mcu/stm32_ws/src/libraries/STM32F4xx_StdPeriph_Driver/src/stm32f4xx_wwdg.c ****   *   an immediate reset)
 237:/home/rdu/Workspace/project_templates/mcu/stm32_ws/src/libraries/STM32F4xx_StdPeriph_Driver/src/stm32f4xx_wwdg.c ****   * @retval None
 238:/home/rdu/Workspace/project_templates/mcu/stm32_ws/src/libraries/STM32F4xx_StdPeriph_Driver/src/stm32f4xx_wwdg.c ****   */
 239:/home/rdu/Workspace/project_templates/mcu/stm32_ws/src/libraries/STM32F4xx_StdPeriph_Driver/src/stm32f4xx_wwdg.c **** void WWDG_Enable(uint8_t Counter)
 240:/home/rdu/Workspace/project_templates/mcu/stm32_ws/src/libraries/STM32F4xx_StdPeriph_Driver/src/stm32f4xx_wwdg.c **** {
 229              		.loc 1 240 0
 230              		.cfi_startproc
 231              		@ args = 0, pretend = 0, frame = 8
 232              		@ frame_needed = 0, uses_anonymous_args = 0
 233              		@ link register save eliminated.
 234 0000 82B0     		sub	sp, sp, #8
 235              	.LCFI7:
 236              		.cfi_def_cfa_offset 8
 237 0002 0346     		mov	r3, r0
 238 0004 8DF80730 		strb	r3, [sp, #7]
 241:/home/rdu/Workspace/project_templates/mcu/stm32_ws/src/libraries/STM32F4xx_StdPeriph_Driver/src/stm32f4xx_wwdg.c ****   /* Check the parameters */
 242:/home/rdu/Workspace/project_templates/mcu/stm32_ws/src/libraries/STM32F4xx_StdPeriph_Driver/src/stm32f4xx_wwdg.c ****   assert_param(IS_WWDG_COUNTER(Counter));
 243:/home/rdu/Workspace/project_templates/mcu/stm32_ws/src/libraries/STM32F4xx_StdPeriph_Driver/src/stm32f4xx_wwdg.c ****   WWDG->CR = WWDG_CR_WDGA | Counter;
 239              		.loc 1 243 0
 240 0008 9DF80730 		ldrb	r3, [sp, #7]
 241 000c 63F07F03 		orn	r3, r3, #127
 242 0010 DAB2     		uxtb	r2, r3
 243 0012 024B     		ldr	r3, .L15
 244 0014 1A60     		str	r2, [r3]
 244:/home/rdu/Workspace/project_templates/mcu/stm32_ws/src/libraries/STM32F4xx_StdPeriph_Driver/src/stm32f4xx_wwdg.c **** }
 245              		.loc 1 244 0
 246 0016 00BF     		nop
 247 0018 02B0     		add	sp, sp, #8
 248              	.LCFI8:
 249              		.cfi_def_cfa_offset 0
 250              		@ sp needed
 251 001a 7047     		bx	lr
 252              	.L16:
 253              		.align	2
 254              	.L15:
 255 001c 002C0040 		.word	1073753088
 256              		.cfi_endproc
 257              	.LFE128:
 259              		.section	.text.WWDG_GetFlagStatus,"ax",%progbits
 260              		.align	1
 261              		.global	WWDG_GetFlagStatus
 262              		.syntax unified
 263              		.thumb
 264              		.thumb_func
 265              		.fpu fpv4-sp-d16
 267              	WWDG_GetFlagStatus:
 268              	.LFB129:
 245:/home/rdu/Workspace/project_templates/mcu/stm32_ws/src/libraries/STM32F4xx_StdPeriph_Driver/src/stm32f4xx_wwdg.c **** /**
 246:/home/rdu/Workspace/project_templates/mcu/stm32_ws/src/libraries/STM32F4xx_StdPeriph_Driver/src/stm32f4xx_wwdg.c ****   * @}
 247:/home/rdu/Workspace/project_templates/mcu/stm32_ws/src/libraries/STM32F4xx_StdPeriph_Driver/src/stm32f4xx_wwdg.c ****   */
 248:/home/rdu/Workspace/project_templates/mcu/stm32_ws/src/libraries/STM32F4xx_StdPeriph_Driver/src/stm32f4xx_wwdg.c **** 
 249:/home/rdu/Workspace/project_templates/mcu/stm32_ws/src/libraries/STM32F4xx_StdPeriph_Driver/src/stm32f4xx_wwdg.c **** /** @defgroup WWDG_Group3 Interrupts and flags management functions
 250:/home/rdu/Workspace/project_templates/mcu/stm32_ws/src/libraries/STM32F4xx_StdPeriph_Driver/src/stm32f4xx_wwdg.c ****  *  @brief   Interrupts and flags management functions 
 251:/home/rdu/Workspace/project_templates/mcu/stm32_ws/src/libraries/STM32F4xx_StdPeriph_Driver/src/stm32f4xx_wwdg.c ****  *
 252:/home/rdu/Workspace/project_templates/mcu/stm32_ws/src/libraries/STM32F4xx_StdPeriph_Driver/src/stm32f4xx_wwdg.c **** @verbatim   
 253:/home/rdu/Workspace/project_templates/mcu/stm32_ws/src/libraries/STM32F4xx_StdPeriph_Driver/src/stm32f4xx_wwdg.c ****  ===============================================================================
 254:/home/rdu/Workspace/project_templates/mcu/stm32_ws/src/libraries/STM32F4xx_StdPeriph_Driver/src/stm32f4xx_wwdg.c ****             ##### Interrupts and flags management functions #####
 255:/home/rdu/Workspace/project_templates/mcu/stm32_ws/src/libraries/STM32F4xx_StdPeriph_Driver/src/stm32f4xx_wwdg.c ****  ===============================================================================  
 256:/home/rdu/Workspace/project_templates/mcu/stm32_ws/src/libraries/STM32F4xx_StdPeriph_Driver/src/stm32f4xx_wwdg.c **** 
 257:/home/rdu/Workspace/project_templates/mcu/stm32_ws/src/libraries/STM32F4xx_StdPeriph_Driver/src/stm32f4xx_wwdg.c **** @endverbatim
 258:/home/rdu/Workspace/project_templates/mcu/stm32_ws/src/libraries/STM32F4xx_StdPeriph_Driver/src/stm32f4xx_wwdg.c ****   * @{
 259:/home/rdu/Workspace/project_templates/mcu/stm32_ws/src/libraries/STM32F4xx_StdPeriph_Driver/src/stm32f4xx_wwdg.c ****   */
 260:/home/rdu/Workspace/project_templates/mcu/stm32_ws/src/libraries/STM32F4xx_StdPeriph_Driver/src/stm32f4xx_wwdg.c **** 
 261:/home/rdu/Workspace/project_templates/mcu/stm32_ws/src/libraries/STM32F4xx_StdPeriph_Driver/src/stm32f4xx_wwdg.c **** /**
 262:/home/rdu/Workspace/project_templates/mcu/stm32_ws/src/libraries/STM32F4xx_StdPeriph_Driver/src/stm32f4xx_wwdg.c ****   * @brief  Checks whether the Early Wakeup interrupt flag is set or not.
 263:/home/rdu/Workspace/project_templates/mcu/stm32_ws/src/libraries/STM32F4xx_StdPeriph_Driver/src/stm32f4xx_wwdg.c ****   * @param  None
 264:/home/rdu/Workspace/project_templates/mcu/stm32_ws/src/libraries/STM32F4xx_StdPeriph_Driver/src/stm32f4xx_wwdg.c ****   * @retval The new state of the Early Wakeup interrupt flag (SET or RESET)
 265:/home/rdu/Workspace/project_templates/mcu/stm32_ws/src/libraries/STM32F4xx_StdPeriph_Driver/src/stm32f4xx_wwdg.c ****   */
 266:/home/rdu/Workspace/project_templates/mcu/stm32_ws/src/libraries/STM32F4xx_StdPeriph_Driver/src/stm32f4xx_wwdg.c **** FlagStatus WWDG_GetFlagStatus(void)
 267:/home/rdu/Workspace/project_templates/mcu/stm32_ws/src/libraries/STM32F4xx_StdPeriph_Driver/src/stm32f4xx_wwdg.c **** {
 269              		.loc 1 267 0
 270              		.cfi_startproc
 271              		@ args = 0, pretend = 0, frame = 8
 272              		@ frame_needed = 0, uses_anonymous_args = 0
 273              		@ link register save eliminated.
 274 0000 82B0     		sub	sp, sp, #8
 275              	.LCFI9:
 276              		.cfi_def_cfa_offset 8
 268:/home/rdu/Workspace/project_templates/mcu/stm32_ws/src/libraries/STM32F4xx_StdPeriph_Driver/src/stm32f4xx_wwdg.c ****   FlagStatus bitstatus = RESET;
 277              		.loc 1 268 0
 278 0002 0023     		movs	r3, #0
 279 0004 8DF80730 		strb	r3, [sp, #7]
 269:/home/rdu/Workspace/project_templates/mcu/stm32_ws/src/libraries/STM32F4xx_StdPeriph_Driver/src/stm32f4xx_wwdg.c ****     
 270:/home/rdu/Workspace/project_templates/mcu/stm32_ws/src/libraries/STM32F4xx_StdPeriph_Driver/src/stm32f4xx_wwdg.c ****   if ((WWDG->SR) != (uint32_t)RESET)
 280              		.loc 1 270 0
 281 0008 074B     		ldr	r3, .L21
 282 000a 9B68     		ldr	r3, [r3, #8]
 283 000c 002B     		cmp	r3, #0
 284 000e 03D0     		beq	.L18
 271:/home/rdu/Workspace/project_templates/mcu/stm32_ws/src/libraries/STM32F4xx_StdPeriph_Driver/src/stm32f4xx_wwdg.c ****   {
 272:/home/rdu/Workspace/project_templates/mcu/stm32_ws/src/libraries/STM32F4xx_StdPeriph_Driver/src/stm32f4xx_wwdg.c ****     bitstatus = SET;
 285              		.loc 1 272 0
 286 0010 0123     		movs	r3, #1
 287 0012 8DF80730 		strb	r3, [sp, #7]
 288 0016 02E0     		b	.L19
 289              	.L18:
 273:/home/rdu/Workspace/project_templates/mcu/stm32_ws/src/libraries/STM32F4xx_StdPeriph_Driver/src/stm32f4xx_wwdg.c ****   }
 274:/home/rdu/Workspace/project_templates/mcu/stm32_ws/src/libraries/STM32F4xx_StdPeriph_Driver/src/stm32f4xx_wwdg.c ****   else
 275:/home/rdu/Workspace/project_templates/mcu/stm32_ws/src/libraries/STM32F4xx_StdPeriph_Driver/src/stm32f4xx_wwdg.c ****   {
 276:/home/rdu/Workspace/project_templates/mcu/stm32_ws/src/libraries/STM32F4xx_StdPeriph_Driver/src/stm32f4xx_wwdg.c ****     bitstatus = RESET;
 290              		.loc 1 276 0
 291 0018 0023     		movs	r3, #0
 292 001a 8DF80730 		strb	r3, [sp, #7]
 293              	.L19:
 277:/home/rdu/Workspace/project_templates/mcu/stm32_ws/src/libraries/STM32F4xx_StdPeriph_Driver/src/stm32f4xx_wwdg.c ****   }
 278:/home/rdu/Workspace/project_templates/mcu/stm32_ws/src/libraries/STM32F4xx_StdPeriph_Driver/src/stm32f4xx_wwdg.c ****   return bitstatus;
 294              		.loc 1 278 0
 295 001e 9DF80730 		ldrb	r3, [sp, #7]	@ zero_extendqisi2
 279:/home/rdu/Workspace/project_templates/mcu/stm32_ws/src/libraries/STM32F4xx_StdPeriph_Driver/src/stm32f4xx_wwdg.c **** }
 296              		.loc 1 279 0
 297 0022 1846     		mov	r0, r3
 298 0024 02B0     		add	sp, sp, #8
 299              	.LCFI10:
 300              		.cfi_def_cfa_offset 0
 301              		@ sp needed
 302 0026 7047     		bx	lr
 303              	.L22:
 304              		.align	2
 305              	.L21:
 306 0028 002C0040 		.word	1073753088
 307              		.cfi_endproc
 308              	.LFE129:
 310              		.section	.text.WWDG_ClearFlag,"ax",%progbits
 311              		.align	1
 312              		.global	WWDG_ClearFlag
 313              		.syntax unified
 314              		.thumb
 315              		.thumb_func
 316              		.fpu fpv4-sp-d16
 318              	WWDG_ClearFlag:
 319              	.LFB130:
 280:/home/rdu/Workspace/project_templates/mcu/stm32_ws/src/libraries/STM32F4xx_StdPeriph_Driver/src/stm32f4xx_wwdg.c **** 
 281:/home/rdu/Workspace/project_templates/mcu/stm32_ws/src/libraries/STM32F4xx_StdPeriph_Driver/src/stm32f4xx_wwdg.c **** /**
 282:/home/rdu/Workspace/project_templates/mcu/stm32_ws/src/libraries/STM32F4xx_StdPeriph_Driver/src/stm32f4xx_wwdg.c ****   * @brief  Clears Early Wakeup interrupt flag.
 283:/home/rdu/Workspace/project_templates/mcu/stm32_ws/src/libraries/STM32F4xx_StdPeriph_Driver/src/stm32f4xx_wwdg.c ****   * @param  None
 284:/home/rdu/Workspace/project_templates/mcu/stm32_ws/src/libraries/STM32F4xx_StdPeriph_Driver/src/stm32f4xx_wwdg.c ****   * @retval None
 285:/home/rdu/Workspace/project_templates/mcu/stm32_ws/src/libraries/STM32F4xx_StdPeriph_Driver/src/stm32f4xx_wwdg.c ****   */
 286:/home/rdu/Workspace/project_templates/mcu/stm32_ws/src/libraries/STM32F4xx_StdPeriph_Driver/src/stm32f4xx_wwdg.c **** void WWDG_ClearFlag(void)
 287:/home/rdu/Workspace/project_templates/mcu/stm32_ws/src/libraries/STM32F4xx_StdPeriph_Driver/src/stm32f4xx_wwdg.c **** {
 320              		.loc 1 287 0
 321              		.cfi_startproc
 322              		@ args = 0, pretend = 0, frame = 0
 323              		@ frame_needed = 0, uses_anonymous_args = 0
 324              		@ link register save eliminated.
 288:/home/rdu/Workspace/project_templates/mcu/stm32_ws/src/libraries/STM32F4xx_StdPeriph_Driver/src/stm32f4xx_wwdg.c ****   WWDG->SR = (uint32_t)RESET;
 325              		.loc 1 288 0
 326 0000 024B     		ldr	r3, .L24
 327 0002 0022     		movs	r2, #0
 328 0004 9A60     		str	r2, [r3, #8]
 289:/home/rdu/Workspace/project_templates/mcu/stm32_ws/src/libraries/STM32F4xx_StdPeriph_Driver/src/stm32f4xx_wwdg.c **** }
 329              		.loc 1 289 0
 330 0006 00BF     		nop
 331 0008 7047     		bx	lr
 332              	.L25:
 333 000a 00BF     		.align	2
 334              	.L24:
 335 000c 002C0040 		.word	1073753088
 336              		.cfi_endproc
 337              	.LFE130:
 339              		.text
 340              	.Letext0:
 341              		.file 2 "/home/rdu/Software/gcc-arm-none-eabi-7-2017-q4-major/arm-none-eabi/include/machine/_defau
 342              		.file 3 "/home/rdu/Software/gcc-arm-none-eabi-7-2017-q4-major/arm-none-eabi/include/sys/_stdint.h"
 343              		.file 4 "/home/rdu/Workspace/project_templates/mcu/stm32_ws/src/libraries/CMSIS/CMSIS_STM32F4/Incl
 344              		.file 5 "/home/rdu/Workspace/project_templates/mcu/stm32_ws/src/libraries/CMSIS/CMSIS_STM32F4/Devi
 345              		.file 6 "/home/rdu/Workspace/project_templates/mcu/stm32_ws/src/libraries/CMSIS/CMSIS_STM32F4/Devi
DEFINED SYMBOLS
                            *ABS*:0000000000000000 stm32f4xx_wwdg.c
     /tmp/ccXNDPQh.s:16     .text.WWDG_DeInit:0000000000000000 $t
     /tmp/ccXNDPQh.s:23     .text.WWDG_DeInit:0000000000000000 WWDG_DeInit
     /tmp/ccXNDPQh.s:50     .text.WWDG_SetPrescaler:0000000000000000 $t
     /tmp/ccXNDPQh.s:57     .text.WWDG_SetPrescaler:0000000000000000 WWDG_SetPrescaler
     /tmp/ccXNDPQh.s:95     .text.WWDG_SetPrescaler:0000000000000028 $d
     /tmp/ccXNDPQh.s:100    .text.WWDG_SetWindowValue:0000000000000000 $t
     /tmp/ccXNDPQh.s:107    .text.WWDG_SetWindowValue:0000000000000000 WWDG_SetWindowValue
     /tmp/ccXNDPQh.s:147    .text.WWDG_SetWindowValue:0000000000000030 $d
     /tmp/ccXNDPQh.s:152    .text.WWDG_EnableIT:0000000000000000 $t
     /tmp/ccXNDPQh.s:159    .text.WWDG_EnableIT:0000000000000000 WWDG_EnableIT
     /tmp/ccXNDPQh.s:176    .text.WWDG_EnableIT:000000000000000c $d
     /tmp/ccXNDPQh.s:181    .text.WWDG_SetCounter:0000000000000000 $t
     /tmp/ccXNDPQh.s:188    .text.WWDG_SetCounter:0000000000000000 WWDG_SetCounter
     /tmp/ccXNDPQh.s:215    .text.WWDG_SetCounter:000000000000001c $d
     /tmp/ccXNDPQh.s:220    .text.WWDG_Enable:0000000000000000 $t
     /tmp/ccXNDPQh.s:227    .text.WWDG_Enable:0000000000000000 WWDG_Enable
     /tmp/ccXNDPQh.s:255    .text.WWDG_Enable:000000000000001c $d
     /tmp/ccXNDPQh.s:260    .text.WWDG_GetFlagStatus:0000000000000000 $t
     /tmp/ccXNDPQh.s:267    .text.WWDG_GetFlagStatus:0000000000000000 WWDG_GetFlagStatus
     /tmp/ccXNDPQh.s:306    .text.WWDG_GetFlagStatus:0000000000000028 $d
     /tmp/ccXNDPQh.s:311    .text.WWDG_ClearFlag:0000000000000000 $t
     /tmp/ccXNDPQh.s:318    .text.WWDG_ClearFlag:0000000000000000 WWDG_ClearFlag
     /tmp/ccXNDPQh.s:335    .text.WWDG_ClearFlag:000000000000000c $d

UNDEFINED SYMBOLS
RCC_APB1PeriphResetCmd
