   1              		.cpu cortex-m4
   2              		.eabi_attribute 27, 1
   3              		.eabi_attribute 28, 1
   4              		.eabi_attribute 23, 1
   5              		.eabi_attribute 24, 1
   6              		.eabi_attribute 25, 1
   7              		.eabi_attribute 26, 1
   8              		.eabi_attribute 30, 6
   9              		.eabi_attribute 34, 1
  10              		.eabi_attribute 18, 4
  11              		.file	"jlink_rtt.c"
  12              		.text
  13              	.Ltext0:
  14              		.cfi_sections	.debug_frame
  15              		.section	.text.SEGGER_RTT_Setup,"ax",%progbits
  16              		.align	1
  17              		.global	SEGGER_RTT_Setup
  18              		.syntax unified
  19              		.thumb
  20              		.thumb_func
  21              		.fpu fpv4-sp-d16
  23              	SEGGER_RTT_Setup:
  24              	.LFB0:
  25              		.file 1 "/home/rdu/Workspace/project_templates/mcu/stm32_ws/src/modules/rtt/jlink_rtt.c"
   1:/home/rdu/Workspace/project_templates/mcu/stm32_ws/src/modules/rtt/jlink_rtt.c **** #include "jlink_rtt.h"
   2:/home/rdu/Workspace/project_templates/mcu/stm32_ws/src/modules/rtt/jlink_rtt.c **** 
   3:/home/rdu/Workspace/project_templates/mcu/stm32_ws/src/modules/rtt/jlink_rtt.c **** void SEGGER_RTT_Setup()
   4:/home/rdu/Workspace/project_templates/mcu/stm32_ws/src/modules/rtt/jlink_rtt.c **** {
  26              		.loc 1 4 0
  27              		.cfi_startproc
  28              		@ args = 0, pretend = 0, frame = 0
  29              		@ frame_needed = 0, uses_anonymous_args = 0
  30              		@ link register save eliminated.
   5:/home/rdu/Workspace/project_templates/mcu/stm32_ws/src/modules/rtt/jlink_rtt.c **** 
   6:/home/rdu/Workspace/project_templates/mcu/stm32_ws/src/modules/rtt/jlink_rtt.c **** }...
  31              		.loc 1 6 0
  32 0000 00BF     		nop
  33 0002 7047     		bx	lr
  34              		.cfi_endproc
  35              	.LFE0:
  37              		.text
  38              	.Letext0:
  39              		.file 2 "/home/rdu/Workspace/project_templates/mcu/stm32_ws/src/modules/rtt/SEGGER_RTT.h"
DEFINED SYMBOLS
                            *ABS*:0000000000000000 jlink_rtt.c
     /tmp/ccRhvzP0.s:16     .text.SEGGER_RTT_Setup:0000000000000000 $t
     /tmp/ccRhvzP0.s:23     .text.SEGGER_RTT_Setup:0000000000000000 SEGGER_RTT_Setup

NO UNDEFINED SYMBOLS
