   1              		.cpu cortex-m4
   2              		.eabi_attribute 27, 1
   3              		.eabi_attribute 28, 1
   4              		.eabi_attribute 23, 1
   5              		.eabi_attribute 24, 1
   6              		.eabi_attribute 25, 1
   7              		.eabi_attribute 26, 1
   8              		.eabi_attribute 30, 6
   9              		.eabi_attribute 34, 1
  10              		.eabi_attribute 18, 4
  11              		.file	"racerio_can.c"
  12              		.text
  13              	.Ltext0:
  14              		.cfi_sections	.debug_frame
  15              		.section	.text.RACERIO_InitCAN,"ax",%progbits
  16              		.align	1
  17              		.global	RACERIO_InitCAN
  18              		.syntax unified
  19              		.thumb
  20              		.thumb_func
  21              		.fpu fpv4-sp-d16
  23              	RACERIO_InitCAN:
  24              	.LFB128:
  25              		.file 1 "/home/rdu/Workspace/project_templates/mcu/stm32_ws/src/targets/racer_core/firmware/driver
   1:/home/rdu/Workspace/project_templates/mcu/stm32_ws/src/targets/racer_core/firmware/driver/racerio_can.c **** /* 
   2:/home/rdu/Workspace/project_templates/mcu/stm32_ws/src/targets/racer_core/firmware/driver/racerio_can.c ****  * racerio_can.c
   3:/home/rdu/Workspace/project_templates/mcu/stm32_ws/src/targets/racer_core/firmware/driver/racerio_can.c ****  * 
   4:/home/rdu/Workspace/project_templates/mcu/stm32_ws/src/targets/racer_core/firmware/driver/racerio_can.c ****  * Created on: Feb 18, 2018 00:49
   5:/home/rdu/Workspace/project_templates/mcu/stm32_ws/src/targets/racer_core/firmware/driver/racerio_can.c ****  * Description: 
   6:/home/rdu/Workspace/project_templates/mcu/stm32_ws/src/targets/racer_core/firmware/driver/racerio_can.c ****  * 
   7:/home/rdu/Workspace/project_templates/mcu/stm32_ws/src/targets/racer_core/firmware/driver/racerio_can.c ****  * Copyright (c) 2018 Ruixiang Du (rdu)
   8:/home/rdu/Workspace/project_templates/mcu/stm32_ws/src/targets/racer_core/firmware/driver/racerio_can.c ****  */
   9:/home/rdu/Workspace/project_templates/mcu/stm32_ws/src/targets/racer_core/firmware/driver/racerio_can.c **** 
  10:/home/rdu/Workspace/project_templates/mcu/stm32_ws/src/targets/racer_core/firmware/driver/racerio_can.c **** #include "racerio_can.h"
  11:/home/rdu/Workspace/project_templates/mcu/stm32_ws/src/targets/racer_core/firmware/driver/racerio_can.c **** 
  12:/home/rdu/Workspace/project_templates/mcu/stm32_ws/src/targets/racer_core/firmware/driver/racerio_can.c **** #include <string.h>
  13:/home/rdu/Workspace/project_templates/mcu/stm32_ws/src/targets/racer_core/firmware/driver/racerio_can.c **** 
  14:/home/rdu/Workspace/project_templates/mcu/stm32_ws/src/targets/racer_core/firmware/driver/racerio_can.c **** #include "stm32f4xx_gpio.h"
  15:/home/rdu/Workspace/project_templates/mcu/stm32_ws/src/targets/racer_core/firmware/driver/racerio_can.c **** #include "stm32f4xx_can.h"
  16:/home/rdu/Workspace/project_templates/mcu/stm32_ws/src/targets/racer_core/firmware/driver/racerio_can.c **** 
  17:/home/rdu/Workspace/project_templates/mcu/stm32_ws/src/targets/racer_core/firmware/driver/racerio_can.c **** #include "racerio.h"
  18:/home/rdu/Workspace/project_templates/mcu/stm32_ws/src/targets/racer_core/firmware/driver/racerio_can.c **** 
  19:/home/rdu/Workspace/project_templates/mcu/stm32_ws/src/targets/racer_core/firmware/driver/racerio_can.c **** #define CANx CAN2
  20:/home/rdu/Workspace/project_templates/mcu/stm32_ws/src/targets/racer_core/firmware/driver/racerio_can.c **** #define CAN_CLK (RCC_APB1Periph_CAN1 | RCC_APB1Periph_CAN2)
  21:/home/rdu/Workspace/project_templates/mcu/stm32_ws/src/targets/racer_core/firmware/driver/racerio_can.c **** #define CAN_RX_IT_FMP CAN_IT_FMP0
  22:/home/rdu/Workspace/project_templates/mcu/stm32_ws/src/targets/racer_core/firmware/driver/racerio_can.c **** #define CAN_RX_FIFO CAN_FIFO0
  23:/home/rdu/Workspace/project_templates/mcu/stm32_ws/src/targets/racer_core/firmware/driver/racerio_can.c **** #define CAN_RX_IRQN CAN2_RX0_IRQn
  24:/home/rdu/Workspace/project_templates/mcu/stm32_ws/src/targets/racer_core/firmware/driver/racerio_can.c **** 
  25:/home/rdu/Workspace/project_templates/mcu/stm32_ws/src/targets/racer_core/firmware/driver/racerio_can.c **** #define CAN_GPIO_PORT GPIOB
  26:/home/rdu/Workspace/project_templates/mcu/stm32_ws/src/targets/racer_core/firmware/driver/racerio_can.c **** #define CAN_GPIO_CLK RCC_AHB1Periph_GPIOB
  27:/home/rdu/Workspace/project_templates/mcu/stm32_ws/src/targets/racer_core/firmware/driver/racerio_can.c **** #define CAN_AF_PORT GPIO_AF_CAN2
  28:/home/rdu/Workspace/project_templates/mcu/stm32_ws/src/targets/racer_core/firmware/driver/racerio_can.c **** #define CAN_RX_PIN GPIO_Pin_12
  29:/home/rdu/Workspace/project_templates/mcu/stm32_ws/src/targets/racer_core/firmware/driver/racerio_can.c **** #define CAN_TX_PIN GPIO_Pin_13
  30:/home/rdu/Workspace/project_templates/mcu/stm32_ws/src/targets/racer_core/firmware/driver/racerio_can.c **** #define CAN_RX_SOURCE GPIO_PinSource12
  31:/home/rdu/Workspace/project_templates/mcu/stm32_ws/src/targets/racer_core/firmware/driver/racerio_can.c **** #define CAN_TX_SOURCE GPIO_PinSource13
  32:/home/rdu/Workspace/project_templates/mcu/stm32_ws/src/targets/racer_core/firmware/driver/racerio_can.c **** 
  33:/home/rdu/Workspace/project_templates/mcu/stm32_ws/src/targets/racer_core/firmware/driver/racerio_can.c **** static void RACERIO_InitCANGPIO(void);
  34:/home/rdu/Workspace/project_templates/mcu/stm32_ws/src/targets/racer_core/firmware/driver/racerio_can.c **** static void RACERIO_InitCANNVIC(void);
  35:/home/rdu/Workspace/project_templates/mcu/stm32_ws/src/targets/racer_core/firmware/driver/racerio_can.c **** 
  36:/home/rdu/Workspace/project_templates/mcu/stm32_ws/src/targets/racer_core/firmware/driver/racerio_can.c **** void CAN2_RX0_IRQHandler();
  37:/home/rdu/Workspace/project_templates/mcu/stm32_ws/src/targets/racer_core/firmware/driver/racerio_can.c **** 
  38:/home/rdu/Workspace/project_templates/mcu/stm32_ws/src/targets/racer_core/firmware/driver/racerio_can.c **** // PB12 - CAN2_RX, PB13 - CAN2_TX
  39:/home/rdu/Workspace/project_templates/mcu/stm32_ws/src/targets/racer_core/firmware/driver/racerio_can.c **** void RACERIO_InitCAN()
  40:/home/rdu/Workspace/project_templates/mcu/stm32_ws/src/targets/racer_core/firmware/driver/racerio_can.c **** {
  26              		.loc 1 40 0
  27              		.cfi_startproc
  28              		@ args = 0, pretend = 0, frame = 32
  29              		@ frame_needed = 0, uses_anonymous_args = 0
  30 0000 00B5     		push	{lr}
  31              	.LCFI0:
  32              		.cfi_def_cfa_offset 4
  33              		.cfi_offset 14, -4
  34 0002 89B0     		sub	sp, sp, #36
  35              	.LCFI1:
  36              		.cfi_def_cfa_offset 40
  41:/home/rdu/Workspace/project_templates/mcu/stm32_ws/src/targets/racer_core/firmware/driver/racerio_can.c ****     RACERIO_InitCANGPIO();
  37              		.loc 1 41 0
  38 0004 FFF7FEFF 		bl	RACERIO_InitCANGPIO
  42:/home/rdu/Workspace/project_templates/mcu/stm32_ws/src/targets/racer_core/firmware/driver/racerio_can.c **** 
  43:/home/rdu/Workspace/project_templates/mcu/stm32_ws/src/targets/racer_core/firmware/driver/racerio_can.c ****     /* CAN configuration ********************************************************/
  44:/home/rdu/Workspace/project_templates/mcu/stm32_ws/src/targets/racer_core/firmware/driver/racerio_can.c ****     /* Enable CAN clock */
  45:/home/rdu/Workspace/project_templates/mcu/stm32_ws/src/targets/racer_core/firmware/driver/racerio_can.c ****     RCC_APB1PeriphClockCmd(CAN_CLK, ENABLE);
  39              		.loc 1 45 0
  40 0008 0121     		movs	r1, #1
  41 000a 4FF0C060 		mov	r0, #100663296
  42 000e FFF7FEFF 		bl	RCC_APB1PeriphClockCmd
  46:/home/rdu/Workspace/project_templates/mcu/stm32_ws/src/targets/racer_core/firmware/driver/racerio_can.c **** 
  47:/home/rdu/Workspace/project_templates/mcu/stm32_ws/src/targets/racer_core/firmware/driver/racerio_can.c ****     /* CAN register init */
  48:/home/rdu/Workspace/project_templates/mcu/stm32_ws/src/targets/racer_core/firmware/driver/racerio_can.c ****     CAN_DeInit(CANx);
  43              		.loc 1 48 0
  44 0012 2948     		ldr	r0, .L2
  45 0014 FFF7FEFF 		bl	CAN_DeInit
  49:/home/rdu/Workspace/project_templates/mcu/stm32_ws/src/targets/racer_core/firmware/driver/racerio_can.c **** 
  50:/home/rdu/Workspace/project_templates/mcu/stm32_ws/src/targets/racer_core/firmware/driver/racerio_can.c ****     CAN_InitTypeDef CAN_InitStructure;
  51:/home/rdu/Workspace/project_templates/mcu/stm32_ws/src/targets/racer_core/firmware/driver/racerio_can.c **** 
  52:/home/rdu/Workspace/project_templates/mcu/stm32_ws/src/targets/racer_core/firmware/driver/racerio_can.c ****     /* CAN cell init */
  53:/home/rdu/Workspace/project_templates/mcu/stm32_ws/src/targets/racer_core/firmware/driver/racerio_can.c ****     CAN_InitStructure.CAN_TTCM = DISABLE;
  46              		.loc 1 53 0
  47 0018 0023     		movs	r3, #0
  48 001a 8DF81A30 		strb	r3, [sp, #26]
  54:/home/rdu/Workspace/project_templates/mcu/stm32_ws/src/targets/racer_core/firmware/driver/racerio_can.c ****     CAN_InitStructure.CAN_ABOM = DISABLE;
  49              		.loc 1 54 0
  50 001e 0023     		movs	r3, #0
  51 0020 8DF81B30 		strb	r3, [sp, #27]
  55:/home/rdu/Workspace/project_templates/mcu/stm32_ws/src/targets/racer_core/firmware/driver/racerio_can.c ****     CAN_InitStructure.CAN_AWUM = DISABLE;
  52              		.loc 1 55 0
  53 0024 0023     		movs	r3, #0
  54 0026 8DF81C30 		strb	r3, [sp, #28]
  56:/home/rdu/Workspace/project_templates/mcu/stm32_ws/src/targets/racer_core/firmware/driver/racerio_can.c ****     CAN_InitStructure.CAN_NART = DISABLE;
  55              		.loc 1 56 0
  56 002a 0023     		movs	r3, #0
  57 002c 8DF81D30 		strb	r3, [sp, #29]
  57:/home/rdu/Workspace/project_templates/mcu/stm32_ws/src/targets/racer_core/firmware/driver/racerio_can.c ****     CAN_InitStructure.CAN_RFLM = DISABLE;
  58              		.loc 1 57 0
  59 0030 0023     		movs	r3, #0
  60 0032 8DF81E30 		strb	r3, [sp, #30]
  58:/home/rdu/Workspace/project_templates/mcu/stm32_ws/src/targets/racer_core/firmware/driver/racerio_can.c ****     CAN_InitStructure.CAN_TXFP = DISABLE;
  61              		.loc 1 58 0
  62 0036 0023     		movs	r3, #0
  63 0038 8DF81F30 		strb	r3, [sp, #31]
  59:/home/rdu/Workspace/project_templates/mcu/stm32_ws/src/targets/racer_core/firmware/driver/racerio_can.c **** 
  60:/home/rdu/Workspace/project_templates/mcu/stm32_ws/src/targets/racer_core/firmware/driver/racerio_can.c ****     /* CAN Baudrate = 1 MBps (APB1 at 42HHz, CAN clocked at 14 MHz) */
  61:/home/rdu/Workspace/project_templates/mcu/stm32_ws/src/targets/racer_core/firmware/driver/racerio_can.c ****     CAN_InitStructure.CAN_Mode = CAN_Mode_Normal; //CAN_Mode_LoopBack or CAN_Mode_Normal
  64              		.loc 1 61 0
  65 003c 0023     		movs	r3, #0
  66 003e 8DF81630 		strb	r3, [sp, #22]
  62:/home/rdu/Workspace/project_templates/mcu/stm32_ws/src/targets/racer_core/firmware/driver/racerio_can.c ****     CAN_InitStructure.CAN_SJW = CAN_SJW_1tq;
  67              		.loc 1 62 0
  68 0042 0023     		movs	r3, #0
  69 0044 8DF81730 		strb	r3, [sp, #23]
  63:/home/rdu/Workspace/project_templates/mcu/stm32_ws/src/targets/racer_core/firmware/driver/racerio_can.c ****     CAN_InitStructure.CAN_BS1 = CAN_BS1_11tq;
  70              		.loc 1 63 0
  71 0048 0A23     		movs	r3, #10
  72 004a 8DF81830 		strb	r3, [sp, #24]
  64:/home/rdu/Workspace/project_templates/mcu/stm32_ws/src/targets/racer_core/firmware/driver/racerio_can.c ****     CAN_InitStructure.CAN_BS2 = CAN_BS2_2tq;
  73              		.loc 1 64 0
  74 004e 0123     		movs	r3, #1
  75 0050 8DF81930 		strb	r3, [sp, #25]
  65:/home/rdu/Workspace/project_templates/mcu/stm32_ws/src/targets/racer_core/firmware/driver/racerio_can.c ****     CAN_InitStructure.CAN_Prescaler = 3;
  76              		.loc 1 65 0
  77 0054 0323     		movs	r3, #3
  78 0056 ADF81430 		strh	r3, [sp, #20]	@ movhi
  66:/home/rdu/Workspace/project_templates/mcu/stm32_ws/src/targets/racer_core/firmware/driver/racerio_can.c ****     CAN_Init(CANx, &CAN_InitStructure);
  79              		.loc 1 66 0
  80 005a 05AB     		add	r3, sp, #20
  81 005c 1946     		mov	r1, r3
  82 005e 1648     		ldr	r0, .L2
  83 0060 FFF7FEFF 		bl	CAN_Init
  67:/home/rdu/Workspace/project_templates/mcu/stm32_ws/src/targets/racer_core/firmware/driver/racerio_can.c **** 
  68:/home/rdu/Workspace/project_templates/mcu/stm32_ws/src/targets/racer_core/firmware/driver/racerio_can.c ****     /* CAN filter init */
  69:/home/rdu/Workspace/project_templates/mcu/stm32_ws/src/targets/racer_core/firmware/driver/racerio_can.c ****     CAN_FilterInitTypeDef CAN_FilterInitStructure;
  70:/home/rdu/Workspace/project_templates/mcu/stm32_ws/src/targets/racer_core/firmware/driver/racerio_can.c ****     CAN_FilterInitStructure.CAN_FilterNumber = 14;
  84              		.loc 1 70 0
  85 0064 0E23     		movs	r3, #14
  86 0066 8DF80E30 		strb	r3, [sp, #14]
  71:/home/rdu/Workspace/project_templates/mcu/stm32_ws/src/targets/racer_core/firmware/driver/racerio_can.c ****     CAN_FilterInitStructure.CAN_FilterMode = CAN_FilterMode_IdMask;
  87              		.loc 1 71 0
  88 006a 0023     		movs	r3, #0
  89 006c 8DF80F30 		strb	r3, [sp, #15]
  72:/home/rdu/Workspace/project_templates/mcu/stm32_ws/src/targets/racer_core/firmware/driver/racerio_can.c ****     CAN_FilterInitStructure.CAN_FilterScale = CAN_FilterScale_32bit;
  90              		.loc 1 72 0
  91 0070 0123     		movs	r3, #1
  92 0072 8DF81030 		strb	r3, [sp, #16]
  73:/home/rdu/Workspace/project_templates/mcu/stm32_ws/src/targets/racer_core/firmware/driver/racerio_can.c ****     CAN_FilterInitStructure.CAN_FilterIdHigh = 0x0000;
  93              		.loc 1 73 0
  94 0076 0023     		movs	r3, #0
  95 0078 ADF80430 		strh	r3, [sp, #4]	@ movhi
  74:/home/rdu/Workspace/project_templates/mcu/stm32_ws/src/targets/racer_core/firmware/driver/racerio_can.c ****     CAN_FilterInitStructure.CAN_FilterIdLow = 0x0000;
  96              		.loc 1 74 0
  97 007c 0023     		movs	r3, #0
  98 007e ADF80630 		strh	r3, [sp, #6]	@ movhi
  75:/home/rdu/Workspace/project_templates/mcu/stm32_ws/src/targets/racer_core/firmware/driver/racerio_can.c ****     CAN_FilterInitStructure.CAN_FilterMaskIdHigh = 0x0000;
  99              		.loc 1 75 0
 100 0082 0023     		movs	r3, #0
 101 0084 ADF80830 		strh	r3, [sp, #8]	@ movhi
  76:/home/rdu/Workspace/project_templates/mcu/stm32_ws/src/targets/racer_core/firmware/driver/racerio_can.c ****     CAN_FilterInitStructure.CAN_FilterMaskIdLow = 0x0000;
 102              		.loc 1 76 0
 103 0088 0023     		movs	r3, #0
 104 008a ADF80A30 		strh	r3, [sp, #10]	@ movhi
  77:/home/rdu/Workspace/project_templates/mcu/stm32_ws/src/targets/racer_core/firmware/driver/racerio_can.c ****     CAN_FilterInitStructure.CAN_FilterFIFOAssignment = 0;
 105              		.loc 1 77 0
 106 008e 0023     		movs	r3, #0
 107 0090 ADF80C30 		strh	r3, [sp, #12]	@ movhi
  78:/home/rdu/Workspace/project_templates/mcu/stm32_ws/src/targets/racer_core/firmware/driver/racerio_can.c ****     CAN_FilterInitStructure.CAN_FilterActivation = ENABLE;
 108              		.loc 1 78 0
 109 0094 0123     		movs	r3, #1
 110 0096 8DF81130 		strb	r3, [sp, #17]
  79:/home/rdu/Workspace/project_templates/mcu/stm32_ws/src/targets/racer_core/firmware/driver/racerio_can.c ****     CAN_FilterInit(&CAN_FilterInitStructure);
 111              		.loc 1 79 0
 112 009a 01AB     		add	r3, sp, #4
 113 009c 1846     		mov	r0, r3
 114 009e FFF7FEFF 		bl	CAN_FilterInit
  80:/home/rdu/Workspace/project_templates/mcu/stm32_ws/src/targets/racer_core/firmware/driver/racerio_can.c **** 
  81:/home/rdu/Workspace/project_templates/mcu/stm32_ws/src/targets/racer_core/firmware/driver/racerio_can.c ****     /* NVIC */
  82:/home/rdu/Workspace/project_templates/mcu/stm32_ws/src/targets/racer_core/firmware/driver/racerio_can.c ****     RACERIO_InitCANNVIC();
 115              		.loc 1 82 0
 116 00a2 FFF7FEFF 		bl	RACERIO_InitCANNVIC
  83:/home/rdu/Workspace/project_templates/mcu/stm32_ws/src/targets/racer_core/firmware/driver/racerio_can.c **** 
  84:/home/rdu/Workspace/project_templates/mcu/stm32_ws/src/targets/racer_core/firmware/driver/racerio_can.c ****     /* Enable FIFO 0 message pending Interrupt */
  85:/home/rdu/Workspace/project_templates/mcu/stm32_ws/src/targets/racer_core/firmware/driver/racerio_can.c ****     CAN_ITConfig(CANx, CAN_RX_IT_FMP, ENABLE);
 117              		.loc 1 85 0
 118 00a6 0122     		movs	r2, #1
 119 00a8 0221     		movs	r1, #2
 120 00aa 0348     		ldr	r0, .L2
 121 00ac FFF7FEFF 		bl	CAN_ITConfig
  86:/home/rdu/Workspace/project_templates/mcu/stm32_ws/src/targets/racer_core/firmware/driver/racerio_can.c **** }
 122              		.loc 1 86 0
 123 00b0 00BF     		nop
 124 00b2 09B0     		add	sp, sp, #36
 125              	.LCFI2:
 126              		.cfi_def_cfa_offset 4
 127              		@ sp needed
 128 00b4 5DF804FB 		ldr	pc, [sp], #4
 129              	.L3:
 130              		.align	2
 131              	.L2:
 132 00b8 00680040 		.word	1073768448
 133              		.cfi_endproc
 134              	.LFE128:
 136              		.section	.text.RACERIO_InitCANGPIO,"ax",%progbits
 137              		.align	1
 138              		.syntax unified
 139              		.thumb
 140              		.thumb_func
 141              		.fpu fpv4-sp-d16
 143              	RACERIO_InitCANGPIO:
 144              	.LFB129:
  87:/home/rdu/Workspace/project_templates/mcu/stm32_ws/src/targets/racer_core/firmware/driver/racerio_can.c **** 
  88:/home/rdu/Workspace/project_templates/mcu/stm32_ws/src/targets/racer_core/firmware/driver/racerio_can.c **** void RACERIO_InitCANGPIO(void)
  89:/home/rdu/Workspace/project_templates/mcu/stm32_ws/src/targets/racer_core/firmware/driver/racerio_can.c **** {
 145              		.loc 1 89 0
 146              		.cfi_startproc
 147              		@ args = 0, pretend = 0, frame = 8
 148              		@ frame_needed = 0, uses_anonymous_args = 0
 149 0000 00B5     		push	{lr}
 150              	.LCFI3:
 151              		.cfi_def_cfa_offset 4
 152              		.cfi_offset 14, -4
 153 0002 83B0     		sub	sp, sp, #12
 154              	.LCFI4:
 155              		.cfi_def_cfa_offset 16
  90:/home/rdu/Workspace/project_templates/mcu/stm32_ws/src/targets/racer_core/firmware/driver/racerio_can.c ****     GPIO_InitTypeDef GPIO_InitStructure;
  91:/home/rdu/Workspace/project_templates/mcu/stm32_ws/src/targets/racer_core/firmware/driver/racerio_can.c **** 
  92:/home/rdu/Workspace/project_templates/mcu/stm32_ws/src/targets/racer_core/firmware/driver/racerio_can.c ****     /* CAN GPIOs configuration **************************************************/
  93:/home/rdu/Workspace/project_templates/mcu/stm32_ws/src/targets/racer_core/firmware/driver/racerio_can.c **** 
  94:/home/rdu/Workspace/project_templates/mcu/stm32_ws/src/targets/racer_core/firmware/driver/racerio_can.c ****     /* Enable GPIO clock */
  95:/home/rdu/Workspace/project_templates/mcu/stm32_ws/src/targets/racer_core/firmware/driver/racerio_can.c ****     RCC_AHB1PeriphClockCmd(CAN_GPIO_CLK, ENABLE);
 156              		.loc 1 95 0
 157 0004 0121     		movs	r1, #1
 158 0006 0220     		movs	r0, #2
 159 0008 FFF7FEFF 		bl	RCC_AHB1PeriphClockCmd
  96:/home/rdu/Workspace/project_templates/mcu/stm32_ws/src/targets/racer_core/firmware/driver/racerio_can.c **** 
  97:/home/rdu/Workspace/project_templates/mcu/stm32_ws/src/targets/racer_core/firmware/driver/racerio_can.c ****     /* Connect CAN pins to AF9 */
  98:/home/rdu/Workspace/project_templates/mcu/stm32_ws/src/targets/racer_core/firmware/driver/racerio_can.c ****     GPIO_PinAFConfig(CAN_GPIO_PORT, CAN_RX_SOURCE, CAN_AF_PORT);
 160              		.loc 1 98 0
 161 000c 0922     		movs	r2, #9
 162 000e 0C21     		movs	r1, #12
 163 0010 0F48     		ldr	r0, .L5
 164 0012 FFF7FEFF 		bl	GPIO_PinAFConfig
  99:/home/rdu/Workspace/project_templates/mcu/stm32_ws/src/targets/racer_core/firmware/driver/racerio_can.c ****     GPIO_PinAFConfig(CAN_GPIO_PORT, CAN_TX_SOURCE, CAN_AF_PORT);
 165              		.loc 1 99 0
 166 0016 0922     		movs	r2, #9
 167 0018 0D21     		movs	r1, #13
 168 001a 0D48     		ldr	r0, .L5
 169 001c FFF7FEFF 		bl	GPIO_PinAFConfig
 100:/home/rdu/Workspace/project_templates/mcu/stm32_ws/src/targets/racer_core/firmware/driver/racerio_can.c **** 
 101:/home/rdu/Workspace/project_templates/mcu/stm32_ws/src/targets/racer_core/firmware/driver/racerio_can.c ****     /* Configure CAN RX and TX pins */
 102:/home/rdu/Workspace/project_templates/mcu/stm32_ws/src/targets/racer_core/firmware/driver/racerio_can.c ****     GPIO_InitStructure.GPIO_Pin = CAN_RX_PIN | CAN_TX_PIN;
 170              		.loc 1 102 0
 171 0020 4FF44053 		mov	r3, #12288
 172 0024 0093     		str	r3, [sp]
 103:/home/rdu/Workspace/project_templates/mcu/stm32_ws/src/targets/racer_core/firmware/driver/racerio_can.c ****     GPIO_InitStructure.GPIO_Mode = GPIO_Mode_AF;
 173              		.loc 1 103 0
 174 0026 0223     		movs	r3, #2
 175 0028 8DF80430 		strb	r3, [sp, #4]
 104:/home/rdu/Workspace/project_templates/mcu/stm32_ws/src/targets/racer_core/firmware/driver/racerio_can.c ****     GPIO_InitStructure.GPIO_Speed = GPIO_Speed_50MHz;
 176              		.loc 1 104 0
 177 002c 0223     		movs	r3, #2
 178 002e 8DF80530 		strb	r3, [sp, #5]
 105:/home/rdu/Workspace/project_templates/mcu/stm32_ws/src/targets/racer_core/firmware/driver/racerio_can.c ****     GPIO_InitStructure.GPIO_OType = GPIO_OType_PP;
 179              		.loc 1 105 0
 180 0032 0023     		movs	r3, #0
 181 0034 8DF80630 		strb	r3, [sp, #6]
 106:/home/rdu/Workspace/project_templates/mcu/stm32_ws/src/targets/racer_core/firmware/driver/racerio_can.c ****     GPIO_InitStructure.GPIO_PuPd = GPIO_PuPd_UP;
 182              		.loc 1 106 0
 183 0038 0123     		movs	r3, #1
 184 003a 8DF80730 		strb	r3, [sp, #7]
 107:/home/rdu/Workspace/project_templates/mcu/stm32_ws/src/targets/racer_core/firmware/driver/racerio_can.c ****     GPIO_Init(CAN_GPIO_PORT, &GPIO_InitStructure);
 185              		.loc 1 107 0
 186 003e 6B46     		mov	r3, sp
 187 0040 1946     		mov	r1, r3
 188 0042 0348     		ldr	r0, .L5
 189 0044 FFF7FEFF 		bl	GPIO_Init
 108:/home/rdu/Workspace/project_templates/mcu/stm32_ws/src/targets/racer_core/firmware/driver/racerio_can.c **** }
 190              		.loc 1 108 0
 191 0048 00BF     		nop
 192 004a 03B0     		add	sp, sp, #12
 193              	.LCFI5:
 194              		.cfi_def_cfa_offset 4
 195              		@ sp needed
 196 004c 5DF804FB 		ldr	pc, [sp], #4
 197              	.L6:
 198              		.align	2
 199              	.L5:
 200 0050 00040240 		.word	1073873920
 201              		.cfi_endproc
 202              	.LFE129:
 204              		.section	.text.RACERIO_InitCANNVIC,"ax",%progbits
 205              		.align	1
 206              		.syntax unified
 207              		.thumb
 208              		.thumb_func
 209              		.fpu fpv4-sp-d16
 211              	RACERIO_InitCANNVIC:
 212              	.LFB130:
 109:/home/rdu/Workspace/project_templates/mcu/stm32_ws/src/targets/racer_core/firmware/driver/racerio_can.c **** 
 110:/home/rdu/Workspace/project_templates/mcu/stm32_ws/src/targets/racer_core/firmware/driver/racerio_can.c **** void RACERIO_InitCANNVIC(void)
 111:/home/rdu/Workspace/project_templates/mcu/stm32_ws/src/targets/racer_core/firmware/driver/racerio_can.c **** {
 213              		.loc 1 111 0
 214              		.cfi_startproc
 215              		@ args = 0, pretend = 0, frame = 8
 216              		@ frame_needed = 0, uses_anonymous_args = 0
 217 0000 00B5     		push	{lr}
 218              	.LCFI6:
 219              		.cfi_def_cfa_offset 4
 220              		.cfi_offset 14, -4
 221 0002 83B0     		sub	sp, sp, #12
 222              	.LCFI7:
 223              		.cfi_def_cfa_offset 16
 112:/home/rdu/Workspace/project_templates/mcu/stm32_ws/src/targets/racer_core/firmware/driver/racerio_can.c ****     NVIC_InitTypeDef NVIC_InitStructure;
 113:/home/rdu/Workspace/project_templates/mcu/stm32_ws/src/targets/racer_core/firmware/driver/racerio_can.c **** 
 114:/home/rdu/Workspace/project_templates/mcu/stm32_ws/src/targets/racer_core/firmware/driver/racerio_can.c ****     NVIC_InitStructure.NVIC_IRQChannel = CAN_RX_IRQN;
 224              		.loc 1 114 0
 225 0004 4023     		movs	r3, #64
 226 0006 8DF80430 		strb	r3, [sp, #4]
 115:/home/rdu/Workspace/project_templates/mcu/stm32_ws/src/targets/racer_core/firmware/driver/racerio_can.c ****     NVIC_InitStructure.NVIC_IRQChannelPreemptionPriority = RACERIO_IRQ_PRIO_HIGHEST;
 227              		.loc 1 115 0
 228 000a 0423     		movs	r3, #4
 229 000c 8DF80530 		strb	r3, [sp, #5]
 116:/home/rdu/Workspace/project_templates/mcu/stm32_ws/src/targets/racer_core/firmware/driver/racerio_can.c ****     NVIC_InitStructure.NVIC_IRQChannelSubPriority = 0x0;
 230              		.loc 1 116 0
 231 0010 0023     		movs	r3, #0
 232 0012 8DF80630 		strb	r3, [sp, #6]
 117:/home/rdu/Workspace/project_templates/mcu/stm32_ws/src/targets/racer_core/firmware/driver/racerio_can.c ****     NVIC_InitStructure.NVIC_IRQChannelCmd = ENABLE;
 233              		.loc 1 117 0
 234 0016 0123     		movs	r3, #1
 235 0018 8DF80730 		strb	r3, [sp, #7]
 118:/home/rdu/Workspace/project_templates/mcu/stm32_ws/src/targets/racer_core/firmware/driver/racerio_can.c ****     NVIC_Init(&NVIC_InitStructure);
 236              		.loc 1 118 0
 237 001c 01AB     		add	r3, sp, #4
 238 001e 1846     		mov	r0, r3
 239 0020 FFF7FEFF 		bl	NVIC_Init
 119:/home/rdu/Workspace/project_templates/mcu/stm32_ws/src/targets/racer_core/firmware/driver/racerio_can.c **** }
 240              		.loc 1 119 0
 241 0024 00BF     		nop
 242 0026 03B0     		add	sp, sp, #12
 243              	.LCFI8:
 244              		.cfi_def_cfa_offset 4
 245              		@ sp needed
 246 0028 5DF804FB 		ldr	pc, [sp], #4
 247              		.cfi_endproc
 248              	.LFE130:
 250              		.section	.text.RACERIO_CAN_TxCANFrame,"ax",%progbits
 251              		.align	1
 252              		.global	RACERIO_CAN_TxCANFrame
 253              		.syntax unified
 254              		.thumb
 255              		.thumb_func
 256              		.fpu fpv4-sp-d16
 258              	RACERIO_CAN_TxCANFrame:
 259              	.LFB131:
 120:/home/rdu/Workspace/project_templates/mcu/stm32_ws/src/targets/racer_core/firmware/driver/racerio_can.c **** 
 121:/home/rdu/Workspace/project_templates/mcu/stm32_ws/src/targets/racer_core/firmware/driver/racerio_can.c **** /**
 122:/home/rdu/Workspace/project_templates/mcu/stm32_ws/src/targets/racer_core/firmware/driver/racerio_can.c ****  * RACERIO_CAN_TxCANFrame transmits a data message with a specified ID
 123:/home/rdu/Workspace/project_templates/mcu/stm32_ws/src/targets/racer_core/firmware/driver/racerio_can.c ****  * @param[in] id the CAN device ID
 124:/home/rdu/Workspace/project_templates/mcu/stm32_ws/src/targets/racer_core/firmware/driver/racerio_can.c ****  * @param[in] msg_id The message ID (std ID < 0x7FF)
 125:/home/rdu/Workspace/project_templates/mcu/stm32_ws/src/targets/racer_core/firmware/driver/racerio_can.c ****  * @param[in] data Pointer to data message
 126:/home/rdu/Workspace/project_templates/mcu/stm32_ws/src/targets/racer_core/firmware/driver/racerio_can.c ****  * @returns number of bytes sent if successful, -1 if not
 127:/home/rdu/Workspace/project_templates/mcu/stm32_ws/src/targets/racer_core/firmware/driver/racerio_can.c ****  */
 128:/home/rdu/Workspace/project_templates/mcu/stm32_ws/src/targets/racer_core/firmware/driver/racerio_can.c **** int32_t RACERIO_CAN_TxCANFrame(uint32_t id, bool is_id_ext, const uint8_t *data, uint8_t data_len)
 129:/home/rdu/Workspace/project_templates/mcu/stm32_ws/src/targets/racer_core/firmware/driver/racerio_can.c **** {
 260              		.loc 1 129 0
 261              		.cfi_startproc
 262              		@ args = 0, pretend = 0, frame = 40
 263              		@ frame_needed = 0, uses_anonymous_args = 0
 264 0000 00B5     		push	{lr}
 265              	.LCFI9:
 266              		.cfi_def_cfa_offset 4
 267              		.cfi_offset 14, -4
 268 0002 8BB0     		sub	sp, sp, #44
 269              	.LCFI10:
 270              		.cfi_def_cfa_offset 48
 271 0004 0390     		str	r0, [sp, #12]
 272 0006 0192     		str	r2, [sp, #4]
 273 0008 1A46     		mov	r2, r3
 274 000a 0B46     		mov	r3, r1
 275 000c 8DF80B30 		strb	r3, [sp, #11]
 276 0010 1346     		mov	r3, r2
 277 0012 8DF80A30 		strb	r3, [sp, #10]
 130:/home/rdu/Workspace/project_templates/mcu/stm32_ws/src/targets/racer_core/firmware/driver/racerio_can.c ****     // Format and send the message
 131:/home/rdu/Workspace/project_templates/mcu/stm32_ws/src/targets/racer_core/firmware/driver/racerio_can.c ****     CanTxMsg msg;
 132:/home/rdu/Workspace/project_templates/mcu/stm32_ws/src/targets/racer_core/firmware/driver/racerio_can.c **** 
 133:/home/rdu/Workspace/project_templates/mcu/stm32_ws/src/targets/racer_core/firmware/driver/racerio_can.c ****     if (is_id_ext)
 278              		.loc 1 133 0
 279 0016 9DF80B30 		ldrb	r3, [sp, #11]	@ zero_extendqisi2
 280 001a 002B     		cmp	r3, #0
 281 001c 07D0     		beq	.L9
 134:/home/rdu/Workspace/project_templates/mcu/stm32_ws/src/targets/racer_core/firmware/driver/racerio_can.c ****     {
 135:/home/rdu/Workspace/project_templates/mcu/stm32_ws/src/targets/racer_core/firmware/driver/racerio_can.c ****         msg.StdId = 0;
 282              		.loc 1 135 0
 283 001e 0023     		movs	r3, #0
 284 0020 0593     		str	r3, [sp, #20]
 136:/home/rdu/Workspace/project_templates/mcu/stm32_ws/src/targets/racer_core/firmware/driver/racerio_can.c ****         msg.ExtId = id;
 285              		.loc 1 136 0
 286 0022 039B     		ldr	r3, [sp, #12]
 287 0024 0693     		str	r3, [sp, #24]
 137:/home/rdu/Workspace/project_templates/mcu/stm32_ws/src/targets/racer_core/firmware/driver/racerio_can.c ****         msg.IDE = CAN_ID_EXT;
 288              		.loc 1 137 0
 289 0026 0423     		movs	r3, #4
 290 0028 8DF81C30 		strb	r3, [sp, #28]
 291 002c 08E0     		b	.L10
 292              	.L9:
 138:/home/rdu/Workspace/project_templates/mcu/stm32_ws/src/targets/racer_core/firmware/driver/racerio_can.c ****     }
 139:/home/rdu/Workspace/project_templates/mcu/stm32_ws/src/targets/racer_core/firmware/driver/racerio_can.c ****     else
 140:/home/rdu/Workspace/project_templates/mcu/stm32_ws/src/targets/racer_core/firmware/driver/racerio_can.c ****     {
 141:/home/rdu/Workspace/project_templates/mcu/stm32_ws/src/targets/racer_core/firmware/driver/racerio_can.c ****         msg.StdId = id & 0x7FF;
 293              		.loc 1 141 0
 294 002e 039B     		ldr	r3, [sp, #12]
 295 0030 C3F30A03 		ubfx	r3, r3, #0, #11
 296 0034 0593     		str	r3, [sp, #20]
 142:/home/rdu/Workspace/project_templates/mcu/stm32_ws/src/targets/racer_core/firmware/driver/racerio_can.c ****         msg.ExtId = 0;
 297              		.loc 1 142 0
 298 0036 0023     		movs	r3, #0
 299 0038 0693     		str	r3, [sp, #24]
 143:/home/rdu/Workspace/project_templates/mcu/stm32_ws/src/targets/racer_core/firmware/driver/racerio_can.c ****         msg.IDE = CAN_ID_STD;
 300              		.loc 1 143 0
 301 003a 0023     		movs	r3, #0
 302 003c 8DF81C30 		strb	r3, [sp, #28]
 303              	.L10:
 144:/home/rdu/Workspace/project_templates/mcu/stm32_ws/src/targets/racer_core/firmware/driver/racerio_can.c ****     }
 145:/home/rdu/Workspace/project_templates/mcu/stm32_ws/src/targets/racer_core/firmware/driver/racerio_can.c ****     msg.RTR = CAN_RTR_DATA;
 304              		.loc 1 145 0
 305 0040 0023     		movs	r3, #0
 306 0042 8DF81D30 		strb	r3, [sp, #29]
 146:/home/rdu/Workspace/project_templates/mcu/stm32_ws/src/targets/racer_core/firmware/driver/racerio_can.c ****     msg.DLC = (data_len > 8) ? 8 : data_len;
 307              		.loc 1 146 0
 308 0046 9DF80A30 		ldrb	r3, [sp, #10]	@ zero_extendqisi2
 309 004a 082B     		cmp	r3, #8
 310 004c 28BF     		it	cs
 311 004e 0823     		movcs	r3, #8
 312 0050 DBB2     		uxtb	r3, r3
 313 0052 8DF81E30 		strb	r3, [sp, #30]
 147:/home/rdu/Workspace/project_templates/mcu/stm32_ws/src/targets/racer_core/firmware/driver/racerio_can.c ****     memcpy(msg.Data, data, msg.DLC);
 314              		.loc 1 147 0
 315 0056 9DF81E30 		ldrb	r3, [sp, #30]	@ zero_extendqisi2
 316 005a 1A46     		mov	r2, r3
 317 005c 05AB     		add	r3, sp, #20
 318 005e 0B33     		adds	r3, r3, #11
 319 0060 0199     		ldr	r1, [sp, #4]
 320 0062 1846     		mov	r0, r3
 321 0064 FFF7FEFF 		bl	memcpy
 148:/home/rdu/Workspace/project_templates/mcu/stm32_ws/src/targets/racer_core/firmware/driver/racerio_can.c ****     CAN_Transmit(CANx, &msg);
 322              		.loc 1 148 0
 323 0068 05AB     		add	r3, sp, #20
 324 006a 1946     		mov	r1, r3
 325 006c 0448     		ldr	r0, .L12
 326 006e FFF7FEFF 		bl	CAN_Transmit
 149:/home/rdu/Workspace/project_templates/mcu/stm32_ws/src/targets/racer_core/firmware/driver/racerio_can.c **** 
 150:/home/rdu/Workspace/project_templates/mcu/stm32_ws/src/targets/racer_core/firmware/driver/racerio_can.c ****     return msg.DLC;
 327              		.loc 1 150 0
 328 0072 9DF81E30 		ldrb	r3, [sp, #30]	@ zero_extendqisi2
 151:/home/rdu/Workspace/project_templates/mcu/stm32_ws/src/targets/racer_core/firmware/driver/racerio_can.c **** }
 329              		.loc 1 151 0
 330 0076 1846     		mov	r0, r3
 331 0078 0BB0     		add	sp, sp, #44
 332              	.LCFI11:
 333              		.cfi_def_cfa_offset 4
 334              		@ sp needed
 335 007a 5DF804FB 		ldr	pc, [sp], #4
 336              	.L13:
 337 007e 00BF     		.align	2
 338              	.L12:
 339 0080 00680040 		.word	1073768448
 340              		.cfi_endproc
 341              	.LFE131:
 343              		.section	.rodata
 344              		.align	2
 345              	.LC0:
 346 0000 43414E20 		.ascii	"CAN msg received id: %d, data: %d, %d, %d\012\000"
 346      6D736720 
 346      72656365 
 346      69766564 
 346      2069643A 
 347              		.section	.text.CAN2_RX0_IRQHandler,"ax",%progbits
 348              		.align	1
 349              		.global	CAN2_RX0_IRQHandler
 350              		.syntax unified
 351              		.thumb
 352              		.thumb_func
 353              		.fpu fpv4-sp-d16
 355              	CAN2_RX0_IRQHandler:
 356              	.LFB132:
 152:/home/rdu/Workspace/project_templates/mcu/stm32_ws/src/targets/racer_core/firmware/driver/racerio_can.c **** 
 153:/home/rdu/Workspace/project_templates/mcu/stm32_ws/src/targets/racer_core/firmware/driver/racerio_can.c **** void CAN2_RX0_IRQHandler()
 154:/home/rdu/Workspace/project_templates/mcu/stm32_ws/src/targets/racer_core/firmware/driver/racerio_can.c **** {
 357              		.loc 1 154 0
 358              		.cfi_startproc
 359              		@ args = 0, pretend = 0, frame = 24
 360              		@ frame_needed = 0, uses_anonymous_args = 0
 361 0000 00B5     		push	{lr}
 362              	.LCFI12:
 363              		.cfi_def_cfa_offset 4
 364              		.cfi_offset 14, -4
 365 0002 89B0     		sub	sp, sp, #36
 366              	.LCFI13:
 367              		.cfi_def_cfa_offset 40
 155:/home/rdu/Workspace/project_templates/mcu/stm32_ws/src/targets/racer_core/firmware/driver/racerio_can.c ****     CanRxMsg RxMessage;
 156:/home/rdu/Workspace/project_templates/mcu/stm32_ws/src/targets/racer_core/firmware/driver/racerio_can.c ****     CAN_Receive(CANx, CAN_RX_FIFO, &RxMessage);
 368              		.loc 1 156 0
 369 0004 02AB     		add	r3, sp, #8
 370 0006 1A46     		mov	r2, r3
 371 0008 0021     		movs	r1, #0
 372 000a 1048     		ldr	r0, .L17
 373 000c FFF7FEFF 		bl	CAN_Receive
 157:/home/rdu/Workspace/project_templates/mcu/stm32_ws/src/targets/racer_core/firmware/driver/racerio_can.c **** 
 158:/home/rdu/Workspace/project_templates/mcu/stm32_ws/src/targets/racer_core/firmware/driver/racerio_can.c ****     uint32_t uavcan_id = 0;
 374              		.loc 1 158 0
 375 0010 0023     		movs	r3, #0
 376 0012 0793     		str	r3, [sp, #28]
 159:/home/rdu/Workspace/project_templates/mcu/stm32_ws/src/targets/racer_core/firmware/driver/racerio_can.c ****     if (RxMessage.IDE == CAN_Id_Standard)
 377              		.loc 1 159 0
 378 0014 9DF81030 		ldrb	r3, [sp, #16]	@ zero_extendqisi2
 379 0018 002B     		cmp	r3, #0
 380 001a 02D1     		bne	.L15
 160:/home/rdu/Workspace/project_templates/mcu/stm32_ws/src/targets/racer_core/firmware/driver/racerio_can.c ****         uavcan_id = RxMessage.StdId;
 381              		.loc 1 160 0
 382 001c 029B     		ldr	r3, [sp, #8]
 383 001e 0793     		str	r3, [sp, #28]
 384 0020 01E0     		b	.L16
 385              	.L15:
 161:/home/rdu/Workspace/project_templates/mcu/stm32_ws/src/targets/racer_core/firmware/driver/racerio_can.c ****     else
 162:/home/rdu/Workspace/project_templates/mcu/stm32_ws/src/targets/racer_core/firmware/driver/racerio_can.c ****         uavcan_id = RxMessage.ExtId;
 386              		.loc 1 162 0
 387 0022 039B     		ldr	r3, [sp, #12]
 388 0024 0793     		str	r3, [sp, #28]
 389              	.L16:
 163:/home/rdu/Workspace/project_templates/mcu/stm32_ws/src/targets/racer_core/firmware/driver/racerio_can.c ****     (void)uavcan_id;
 164:/home/rdu/Workspace/project_templates/mcu/stm32_ws/src/targets/racer_core/firmware/driver/racerio_can.c **** 
 165:/home/rdu/Workspace/project_templates/mcu/stm32_ws/src/targets/racer_core/firmware/driver/racerio_can.c ****     JLinkRTTPrintf(0, "CAN msg received id: %d, data: %d, %d, %d\n", uavcan_id, RxMessage.Data[0], 
 390              		.loc 1 165 0
 391 0026 9DF81330 		ldrb	r3, [sp, #19]	@ zero_extendqisi2
 392 002a 1946     		mov	r1, r3
 393 002c 9DF81430 		ldrb	r3, [sp, #20]	@ zero_extendqisi2
 394 0030 9DF81520 		ldrb	r2, [sp, #21]	@ zero_extendqisi2
 395 0034 0192     		str	r2, [sp, #4]
 396 0036 0093     		str	r3, [sp]
 397 0038 0B46     		mov	r3, r1
 398 003a 079A     		ldr	r2, [sp, #28]
 399 003c 0449     		ldr	r1, .L17+4
 400 003e 0020     		movs	r0, #0
 401 0040 FFF7FEFF 		bl	SEGGER_RTT_printf
 166:/home/rdu/Workspace/project_templates/mcu/stm32_ws/src/targets/racer_core/firmware/driver/racerio_can.c **** 
 167:/home/rdu/Workspace/project_templates/mcu/stm32_ws/src/targets/racer_core/firmware/driver/racerio_can.c ****     // portEND_SWITCHING_ISR(pdTRUE);
 168:/home/rdu/Workspace/project_templates/mcu/stm32_ws/src/targets/racer_core/firmware/driver/racerio_can.c **** }...
 402              		.loc 1 168 0
 403 0044 00BF     		nop
 404 0046 09B0     		add	sp, sp, #36
 405              	.LCFI14:
 406              		.cfi_def_cfa_offset 4
 407              		@ sp needed
 408 0048 5DF804FB 		ldr	pc, [sp], #4
 409              	.L18:
 410              		.align	2
 411              	.L17:
 412 004c 00680040 		.word	1073768448
 413 0050 00000000 		.word	.LC0
 414              		.cfi_endproc
 415              	.LFE132:
 417              		.text
 418              	.Letext0:
 419              		.file 2 "/home/rdu/Software/gcc-arm-none-eabi-7-2017-q4-major/arm-none-eabi/include/machine/_defau
 420              		.file 3 "/home/rdu/Software/gcc-arm-none-eabi-7-2017-q4-major/arm-none-eabi/include/sys/_stdint.h"
 421              		.file 4 "/home/rdu/Software/gcc-arm-none-eabi-7-2017-q4-major/arm-none-eabi/include/sys/lock.h"
 422              		.file 5 "/home/rdu/Software/gcc-arm-none-eabi-7-2017-q4-major/arm-none-eabi/include/sys/_types.h"
 423              		.file 6 "/home/rdu/Software/gcc-arm-none-eabi-7-2017-q4-major/lib/gcc/arm-none-eabi/7.2.1/include/
 424              		.file 7 "/home/rdu/Software/gcc-arm-none-eabi-7-2017-q4-major/arm-none-eabi/include/sys/reent.h"
 425              		.file 8 "/home/rdu/Workspace/project_templates/mcu/stm32_ws/src/libraries/CMSIS/CMSIS_STM32F4/Incl
 426              		.file 9 "/home/rdu/Workspace/project_templates/mcu/stm32_ws/src/libraries/CMSIS/CMSIS_STM32F4/Devi
 427              		.file 10 "/home/rdu/Workspace/project_templates/mcu/stm32_ws/src/libraries/CMSIS/CMSIS_STM32F4/Dev
 428              		.file 11 "/home/rdu/Workspace/project_templates/mcu/stm32_ws/src/libraries/STM32F4xx_StdPeriph_Dri
 429              		.file 12 "/home/rdu/Workspace/project_templates/mcu/stm32_ws/src/libraries/STM32F4xx_StdPeriph_Dri
 430              		.file 13 "/home/rdu/Workspace/project_templates/mcu/stm32_ws/src/libraries/STM32F4xx_StdPeriph_Dri
 431              		.file 14 "/home/rdu/Workspace/project_templates/mcu/stm32_ws/src/modules/rtt/SEGGER_RTT.h"
DEFINED SYMBOLS
                            *ABS*:0000000000000000 racerio_can.c
     /tmp/cc4texwe.s:16     .text.RACERIO_InitCAN:0000000000000000 $t
     /tmp/cc4texwe.s:23     .text.RACERIO_InitCAN:0000000000000000 RACERIO_InitCAN
     /tmp/cc4texwe.s:143    .text.RACERIO_InitCANGPIO:0000000000000000 RACERIO_InitCANGPIO
     /tmp/cc4texwe.s:211    .text.RACERIO_InitCANNVIC:0000000000000000 RACERIO_InitCANNVIC
     /tmp/cc4texwe.s:132    .text.RACERIO_InitCAN:00000000000000b8 $d
     /tmp/cc4texwe.s:137    .text.RACERIO_InitCANGPIO:0000000000000000 $t
     /tmp/cc4texwe.s:200    .text.RACERIO_InitCANGPIO:0000000000000050 $d
     /tmp/cc4texwe.s:205    .text.RACERIO_InitCANNVIC:0000000000000000 $t
     /tmp/cc4texwe.s:251    .text.RACERIO_CAN_TxCANFrame:0000000000000000 $t
     /tmp/cc4texwe.s:258    .text.RACERIO_CAN_TxCANFrame:0000000000000000 RACERIO_CAN_TxCANFrame
     /tmp/cc4texwe.s:339    .text.RACERIO_CAN_TxCANFrame:0000000000000080 $d
     /tmp/cc4texwe.s:344    .rodata:0000000000000000 $d
     /tmp/cc4texwe.s:348    .text.CAN2_RX0_IRQHandler:0000000000000000 $t
     /tmp/cc4texwe.s:355    .text.CAN2_RX0_IRQHandler:0000000000000000 CAN2_RX0_IRQHandler
     /tmp/cc4texwe.s:412    .text.CAN2_RX0_IRQHandler:000000000000004c $d

UNDEFINED SYMBOLS
RCC_APB1PeriphClockCmd
CAN_DeInit
CAN_Init
CAN_FilterInit
CAN_ITConfig
RCC_AHB1PeriphClockCmd
GPIO_PinAFConfig
GPIO_Init
NVIC_Init
memcpy
CAN_Transmit
CAN_Receive
SEGGER_RTT_printf
