   1              		.cpu cortex-m4
   2              		.eabi_attribute 27, 1
   3              		.eabi_attribute 28, 1
   4              		.eabi_attribute 23, 1
   5              		.eabi_attribute 24, 1
   6              		.eabi_attribute 25, 1
   7              		.eabi_attribute 26, 1
   8              		.eabi_attribute 30, 6
   9              		.eabi_attribute 34, 1
  10              		.eabi_attribute 18, 4
  11              		.file	"stm32f4xx_crc.c"
  12              		.text
  13              	.Ltext0:
  14              		.cfi_sections	.debug_frame
  15              		.section	.text.CRC_ResetDR,"ax",%progbits
  16              		.align	1
  17              		.global	CRC_ResetDR
  18              		.syntax unified
  19              		.thumb
  20              		.thumb_func
  21              		.fpu fpv4-sp-d16
  23              	CRC_ResetDR:
  24              	.LFB123:
  25              		.file 1 "/home/rdu/Workspace/project_templates/mcu/stm32_ws/src/libraries/STM32F4xx_StdPeriph_Driv
   1:/home/rdu/Workspace/project_templates/mcu/stm32_ws/src/libraries/STM32F4xx_StdPeriph_Driver/src/stm32f4xx_crc.c **** /**
   2:/home/rdu/Workspace/project_templates/mcu/stm32_ws/src/libraries/STM32F4xx_StdPeriph_Driver/src/stm32f4xx_crc.c ****   ******************************************************************************
   3:/home/rdu/Workspace/project_templates/mcu/stm32_ws/src/libraries/STM32F4xx_StdPeriph_Driver/src/stm32f4xx_crc.c ****   * @file    stm32f4xx_crc.c
   4:/home/rdu/Workspace/project_templates/mcu/stm32_ws/src/libraries/STM32F4xx_StdPeriph_Driver/src/stm32f4xx_crc.c ****   * @author  MCD Application Team
   5:/home/rdu/Workspace/project_templates/mcu/stm32_ws/src/libraries/STM32F4xx_StdPeriph_Driver/src/stm32f4xx_crc.c ****   * @version V1.8.0
   6:/home/rdu/Workspace/project_templates/mcu/stm32_ws/src/libraries/STM32F4xx_StdPeriph_Driver/src/stm32f4xx_crc.c ****   * @date    04-November-2016
   7:/home/rdu/Workspace/project_templates/mcu/stm32_ws/src/libraries/STM32F4xx_StdPeriph_Driver/src/stm32f4xx_crc.c ****   * @brief   This file provides all the CRC firmware functions.
   8:/home/rdu/Workspace/project_templates/mcu/stm32_ws/src/libraries/STM32F4xx_StdPeriph_Driver/src/stm32f4xx_crc.c ****   ******************************************************************************
   9:/home/rdu/Workspace/project_templates/mcu/stm32_ws/src/libraries/STM32F4xx_StdPeriph_Driver/src/stm32f4xx_crc.c ****   * @attention
  10:/home/rdu/Workspace/project_templates/mcu/stm32_ws/src/libraries/STM32F4xx_StdPeriph_Driver/src/stm32f4xx_crc.c ****   *
  11:/home/rdu/Workspace/project_templates/mcu/stm32_ws/src/libraries/STM32F4xx_StdPeriph_Driver/src/stm32f4xx_crc.c ****   * <h2><center>&copy; COPYRIGHT 2016 STMicroelectronics</center></h2>
  12:/home/rdu/Workspace/project_templates/mcu/stm32_ws/src/libraries/STM32F4xx_StdPeriph_Driver/src/stm32f4xx_crc.c ****   *
  13:/home/rdu/Workspace/project_templates/mcu/stm32_ws/src/libraries/STM32F4xx_StdPeriph_Driver/src/stm32f4xx_crc.c ****   * Licensed under MCD-ST Liberty SW License Agreement V2, (the "License");
  14:/home/rdu/Workspace/project_templates/mcu/stm32_ws/src/libraries/STM32F4xx_StdPeriph_Driver/src/stm32f4xx_crc.c ****   * You may not use this file except in compliance with the License.
  15:/home/rdu/Workspace/project_templates/mcu/stm32_ws/src/libraries/STM32F4xx_StdPeriph_Driver/src/stm32f4xx_crc.c ****   * You may obtain a copy of the License at:
  16:/home/rdu/Workspace/project_templates/mcu/stm32_ws/src/libraries/STM32F4xx_StdPeriph_Driver/src/stm32f4xx_crc.c ****   *
  17:/home/rdu/Workspace/project_templates/mcu/stm32_ws/src/libraries/STM32F4xx_StdPeriph_Driver/src/stm32f4xx_crc.c ****   *        http://www.st.com/software_license_agreement_liberty_v2
  18:/home/rdu/Workspace/project_templates/mcu/stm32_ws/src/libraries/STM32F4xx_StdPeriph_Driver/src/stm32f4xx_crc.c ****   *
  19:/home/rdu/Workspace/project_templates/mcu/stm32_ws/src/libraries/STM32F4xx_StdPeriph_Driver/src/stm32f4xx_crc.c ****   * Unless required by applicable law or agreed to in writing, software 
  20:/home/rdu/Workspace/project_templates/mcu/stm32_ws/src/libraries/STM32F4xx_StdPeriph_Driver/src/stm32f4xx_crc.c ****   * distributed under the License is distributed on an "AS IS" BASIS, 
  21:/home/rdu/Workspace/project_templates/mcu/stm32_ws/src/libraries/STM32F4xx_StdPeriph_Driver/src/stm32f4xx_crc.c ****   * WITHOUT WARRANTIES OR CONDITIONS OF ANY KIND, either express or implied.
  22:/home/rdu/Workspace/project_templates/mcu/stm32_ws/src/libraries/STM32F4xx_StdPeriph_Driver/src/stm32f4xx_crc.c ****   * See the License for the specific language governing permissions and
  23:/home/rdu/Workspace/project_templates/mcu/stm32_ws/src/libraries/STM32F4xx_StdPeriph_Driver/src/stm32f4xx_crc.c ****   * limitations under the License.
  24:/home/rdu/Workspace/project_templates/mcu/stm32_ws/src/libraries/STM32F4xx_StdPeriph_Driver/src/stm32f4xx_crc.c ****   *
  25:/home/rdu/Workspace/project_templates/mcu/stm32_ws/src/libraries/STM32F4xx_StdPeriph_Driver/src/stm32f4xx_crc.c ****   ******************************************************************************
  26:/home/rdu/Workspace/project_templates/mcu/stm32_ws/src/libraries/STM32F4xx_StdPeriph_Driver/src/stm32f4xx_crc.c ****   */
  27:/home/rdu/Workspace/project_templates/mcu/stm32_ws/src/libraries/STM32F4xx_StdPeriph_Driver/src/stm32f4xx_crc.c **** 
  28:/home/rdu/Workspace/project_templates/mcu/stm32_ws/src/libraries/STM32F4xx_StdPeriph_Driver/src/stm32f4xx_crc.c **** /* Includes ------------------------------------------------------------------*/
  29:/home/rdu/Workspace/project_templates/mcu/stm32_ws/src/libraries/STM32F4xx_StdPeriph_Driver/src/stm32f4xx_crc.c **** #include "stm32f4xx_crc.h"
  30:/home/rdu/Workspace/project_templates/mcu/stm32_ws/src/libraries/STM32F4xx_StdPeriph_Driver/src/stm32f4xx_crc.c **** 
  31:/home/rdu/Workspace/project_templates/mcu/stm32_ws/src/libraries/STM32F4xx_StdPeriph_Driver/src/stm32f4xx_crc.c **** /** @addtogroup STM32F4xx_StdPeriph_Driver
  32:/home/rdu/Workspace/project_templates/mcu/stm32_ws/src/libraries/STM32F4xx_StdPeriph_Driver/src/stm32f4xx_crc.c ****   * @{
  33:/home/rdu/Workspace/project_templates/mcu/stm32_ws/src/libraries/STM32F4xx_StdPeriph_Driver/src/stm32f4xx_crc.c ****   */
  34:/home/rdu/Workspace/project_templates/mcu/stm32_ws/src/libraries/STM32F4xx_StdPeriph_Driver/src/stm32f4xx_crc.c **** 
  35:/home/rdu/Workspace/project_templates/mcu/stm32_ws/src/libraries/STM32F4xx_StdPeriph_Driver/src/stm32f4xx_crc.c **** /** @defgroup CRC 
  36:/home/rdu/Workspace/project_templates/mcu/stm32_ws/src/libraries/STM32F4xx_StdPeriph_Driver/src/stm32f4xx_crc.c ****   * @brief CRC driver modules
  37:/home/rdu/Workspace/project_templates/mcu/stm32_ws/src/libraries/STM32F4xx_StdPeriph_Driver/src/stm32f4xx_crc.c ****   * @{
  38:/home/rdu/Workspace/project_templates/mcu/stm32_ws/src/libraries/STM32F4xx_StdPeriph_Driver/src/stm32f4xx_crc.c ****   */
  39:/home/rdu/Workspace/project_templates/mcu/stm32_ws/src/libraries/STM32F4xx_StdPeriph_Driver/src/stm32f4xx_crc.c **** 
  40:/home/rdu/Workspace/project_templates/mcu/stm32_ws/src/libraries/STM32F4xx_StdPeriph_Driver/src/stm32f4xx_crc.c **** /* Private typedef -----------------------------------------------------------*/
  41:/home/rdu/Workspace/project_templates/mcu/stm32_ws/src/libraries/STM32F4xx_StdPeriph_Driver/src/stm32f4xx_crc.c **** /* Private define ------------------------------------------------------------*/
  42:/home/rdu/Workspace/project_templates/mcu/stm32_ws/src/libraries/STM32F4xx_StdPeriph_Driver/src/stm32f4xx_crc.c **** /* Private macro -------------------------------------------------------------*/
  43:/home/rdu/Workspace/project_templates/mcu/stm32_ws/src/libraries/STM32F4xx_StdPeriph_Driver/src/stm32f4xx_crc.c **** /* Private variables ---------------------------------------------------------*/
  44:/home/rdu/Workspace/project_templates/mcu/stm32_ws/src/libraries/STM32F4xx_StdPeriph_Driver/src/stm32f4xx_crc.c **** /* Private function prototypes -----------------------------------------------*/
  45:/home/rdu/Workspace/project_templates/mcu/stm32_ws/src/libraries/STM32F4xx_StdPeriph_Driver/src/stm32f4xx_crc.c **** /* Private functions ---------------------------------------------------------*/
  46:/home/rdu/Workspace/project_templates/mcu/stm32_ws/src/libraries/STM32F4xx_StdPeriph_Driver/src/stm32f4xx_crc.c **** 
  47:/home/rdu/Workspace/project_templates/mcu/stm32_ws/src/libraries/STM32F4xx_StdPeriph_Driver/src/stm32f4xx_crc.c **** /** @defgroup CRC_Private_Functions
  48:/home/rdu/Workspace/project_templates/mcu/stm32_ws/src/libraries/STM32F4xx_StdPeriph_Driver/src/stm32f4xx_crc.c ****   * @{
  49:/home/rdu/Workspace/project_templates/mcu/stm32_ws/src/libraries/STM32F4xx_StdPeriph_Driver/src/stm32f4xx_crc.c ****   */
  50:/home/rdu/Workspace/project_templates/mcu/stm32_ws/src/libraries/STM32F4xx_StdPeriph_Driver/src/stm32f4xx_crc.c **** 
  51:/home/rdu/Workspace/project_templates/mcu/stm32_ws/src/libraries/STM32F4xx_StdPeriph_Driver/src/stm32f4xx_crc.c **** /**
  52:/home/rdu/Workspace/project_templates/mcu/stm32_ws/src/libraries/STM32F4xx_StdPeriph_Driver/src/stm32f4xx_crc.c ****   * @brief  Resets the CRC Data register (DR).
  53:/home/rdu/Workspace/project_templates/mcu/stm32_ws/src/libraries/STM32F4xx_StdPeriph_Driver/src/stm32f4xx_crc.c ****   * @param  None
  54:/home/rdu/Workspace/project_templates/mcu/stm32_ws/src/libraries/STM32F4xx_StdPeriph_Driver/src/stm32f4xx_crc.c ****   * @retval None
  55:/home/rdu/Workspace/project_templates/mcu/stm32_ws/src/libraries/STM32F4xx_StdPeriph_Driver/src/stm32f4xx_crc.c ****   */
  56:/home/rdu/Workspace/project_templates/mcu/stm32_ws/src/libraries/STM32F4xx_StdPeriph_Driver/src/stm32f4xx_crc.c **** void CRC_ResetDR(void)
  57:/home/rdu/Workspace/project_templates/mcu/stm32_ws/src/libraries/STM32F4xx_StdPeriph_Driver/src/stm32f4xx_crc.c **** {
  26              		.loc 1 57 0
  27              		.cfi_startproc
  28              		@ args = 0, pretend = 0, frame = 0
  29              		@ frame_needed = 0, uses_anonymous_args = 0
  30              		@ link register save eliminated.
  58:/home/rdu/Workspace/project_templates/mcu/stm32_ws/src/libraries/STM32F4xx_StdPeriph_Driver/src/stm32f4xx_crc.c ****   /* Reset CRC generator */
  59:/home/rdu/Workspace/project_templates/mcu/stm32_ws/src/libraries/STM32F4xx_StdPeriph_Driver/src/stm32f4xx_crc.c ****   CRC->CR = CRC_CR_RESET;
  31              		.loc 1 59 0
  32 0000 024B     		ldr	r3, .L2
  33 0002 0122     		movs	r2, #1
  34 0004 9A60     		str	r2, [r3, #8]
  60:/home/rdu/Workspace/project_templates/mcu/stm32_ws/src/libraries/STM32F4xx_StdPeriph_Driver/src/stm32f4xx_crc.c **** }
  35              		.loc 1 60 0
  36 0006 00BF     		nop
  37 0008 7047     		bx	lr
  38              	.L3:
  39 000a 00BF     		.align	2
  40              	.L2:
  41 000c 00300240 		.word	1073885184
  42              		.cfi_endproc
  43              	.LFE123:
  45              		.section	.text.CRC_CalcCRC,"ax",%progbits
  46              		.align	1
  47              		.global	CRC_CalcCRC
  48              		.syntax unified
  49              		.thumb
  50              		.thumb_func
  51              		.fpu fpv4-sp-d16
  53              	CRC_CalcCRC:
  54              	.LFB124:
  61:/home/rdu/Workspace/project_templates/mcu/stm32_ws/src/libraries/STM32F4xx_StdPeriph_Driver/src/stm32f4xx_crc.c **** 
  62:/home/rdu/Workspace/project_templates/mcu/stm32_ws/src/libraries/STM32F4xx_StdPeriph_Driver/src/stm32f4xx_crc.c **** /**
  63:/home/rdu/Workspace/project_templates/mcu/stm32_ws/src/libraries/STM32F4xx_StdPeriph_Driver/src/stm32f4xx_crc.c ****   * @brief  Computes the 32-bit CRC of a given data word(32-bit).
  64:/home/rdu/Workspace/project_templates/mcu/stm32_ws/src/libraries/STM32F4xx_StdPeriph_Driver/src/stm32f4xx_crc.c ****   * @param  Data: data word(32-bit) to compute its CRC
  65:/home/rdu/Workspace/project_templates/mcu/stm32_ws/src/libraries/STM32F4xx_StdPeriph_Driver/src/stm32f4xx_crc.c ****   * @retval 32-bit CRC
  66:/home/rdu/Workspace/project_templates/mcu/stm32_ws/src/libraries/STM32F4xx_StdPeriph_Driver/src/stm32f4xx_crc.c ****   */
  67:/home/rdu/Workspace/project_templates/mcu/stm32_ws/src/libraries/STM32F4xx_StdPeriph_Driver/src/stm32f4xx_crc.c **** uint32_t CRC_CalcCRC(uint32_t Data)
  68:/home/rdu/Workspace/project_templates/mcu/stm32_ws/src/libraries/STM32F4xx_StdPeriph_Driver/src/stm32f4xx_crc.c **** {
  55              		.loc 1 68 0
  56              		.cfi_startproc
  57              		@ args = 0, pretend = 0, frame = 8
  58              		@ frame_needed = 0, uses_anonymous_args = 0
  59              		@ link register save eliminated.
  60 0000 82B0     		sub	sp, sp, #8
  61              	.LCFI0:
  62              		.cfi_def_cfa_offset 8
  63 0002 0190     		str	r0, [sp, #4]
  69:/home/rdu/Workspace/project_templates/mcu/stm32_ws/src/libraries/STM32F4xx_StdPeriph_Driver/src/stm32f4xx_crc.c ****   CRC->DR = Data;
  64              		.loc 1 69 0
  65 0004 034A     		ldr	r2, .L6
  66 0006 019B     		ldr	r3, [sp, #4]
  67 0008 1360     		str	r3, [r2]
  70:/home/rdu/Workspace/project_templates/mcu/stm32_ws/src/libraries/STM32F4xx_StdPeriph_Driver/src/stm32f4xx_crc.c ****   
  71:/home/rdu/Workspace/project_templates/mcu/stm32_ws/src/libraries/STM32F4xx_StdPeriph_Driver/src/stm32f4xx_crc.c ****   return (CRC->DR);
  68              		.loc 1 71 0
  69 000a 024B     		ldr	r3, .L6
  70 000c 1B68     		ldr	r3, [r3]
  72:/home/rdu/Workspace/project_templates/mcu/stm32_ws/src/libraries/STM32F4xx_StdPeriph_Driver/src/stm32f4xx_crc.c **** }
  71              		.loc 1 72 0
  72 000e 1846     		mov	r0, r3
  73 0010 02B0     		add	sp, sp, #8
  74              	.LCFI1:
  75              		.cfi_def_cfa_offset 0
  76              		@ sp needed
  77 0012 7047     		bx	lr
  78              	.L7:
  79              		.align	2
  80              	.L6:
  81 0014 00300240 		.word	1073885184
  82              		.cfi_endproc
  83              	.LFE124:
  85              		.section	.text.CRC_CalcBlockCRC,"ax",%progbits
  86              		.align	1
  87              		.global	CRC_CalcBlockCRC
  88              		.syntax unified
  89              		.thumb
  90              		.thumb_func
  91              		.fpu fpv4-sp-d16
  93              	CRC_CalcBlockCRC:
  94              	.LFB125:
  73:/home/rdu/Workspace/project_templates/mcu/stm32_ws/src/libraries/STM32F4xx_StdPeriph_Driver/src/stm32f4xx_crc.c **** 
  74:/home/rdu/Workspace/project_templates/mcu/stm32_ws/src/libraries/STM32F4xx_StdPeriph_Driver/src/stm32f4xx_crc.c **** /**
  75:/home/rdu/Workspace/project_templates/mcu/stm32_ws/src/libraries/STM32F4xx_StdPeriph_Driver/src/stm32f4xx_crc.c ****   * @brief  Computes the 32-bit CRC of a given buffer of data word(32-bit).
  76:/home/rdu/Workspace/project_templates/mcu/stm32_ws/src/libraries/STM32F4xx_StdPeriph_Driver/src/stm32f4xx_crc.c ****   * @param  pBuffer: pointer to the buffer containing the data to be computed
  77:/home/rdu/Workspace/project_templates/mcu/stm32_ws/src/libraries/STM32F4xx_StdPeriph_Driver/src/stm32f4xx_crc.c ****   * @param  BufferLength: length of the buffer to be computed					
  78:/home/rdu/Workspace/project_templates/mcu/stm32_ws/src/libraries/STM32F4xx_StdPeriph_Driver/src/stm32f4xx_crc.c ****   * @retval 32-bit CRC
  79:/home/rdu/Workspace/project_templates/mcu/stm32_ws/src/libraries/STM32F4xx_StdPeriph_Driver/src/stm32f4xx_crc.c ****   */
  80:/home/rdu/Workspace/project_templates/mcu/stm32_ws/src/libraries/STM32F4xx_StdPeriph_Driver/src/stm32f4xx_crc.c **** uint32_t CRC_CalcBlockCRC(uint32_t pBuffer[], uint32_t BufferLength)
  81:/home/rdu/Workspace/project_templates/mcu/stm32_ws/src/libraries/STM32F4xx_StdPeriph_Driver/src/stm32f4xx_crc.c **** {
  95              		.loc 1 81 0
  96              		.cfi_startproc
  97              		@ args = 0, pretend = 0, frame = 16
  98              		@ frame_needed = 0, uses_anonymous_args = 0
  99              		@ link register save eliminated.
 100 0000 84B0     		sub	sp, sp, #16
 101              	.LCFI2:
 102              		.cfi_def_cfa_offset 16
 103 0002 0190     		str	r0, [sp, #4]
 104 0004 0091     		str	r1, [sp]
  82:/home/rdu/Workspace/project_templates/mcu/stm32_ws/src/libraries/STM32F4xx_StdPeriph_Driver/src/stm32f4xx_crc.c ****   uint32_t index = 0;
 105              		.loc 1 82 0
 106 0006 0023     		movs	r3, #0
 107 0008 0393     		str	r3, [sp, #12]
  83:/home/rdu/Workspace/project_templates/mcu/stm32_ws/src/libraries/STM32F4xx_StdPeriph_Driver/src/stm32f4xx_crc.c ****   
  84:/home/rdu/Workspace/project_templates/mcu/stm32_ws/src/libraries/STM32F4xx_StdPeriph_Driver/src/stm32f4xx_crc.c ****   for(index = 0; index < BufferLength; index++)
 108              		.loc 1 84 0
 109 000a 0023     		movs	r3, #0
 110 000c 0393     		str	r3, [sp, #12]
 111 000e 09E0     		b	.L9
 112              	.L10:
  85:/home/rdu/Workspace/project_templates/mcu/stm32_ws/src/libraries/STM32F4xx_StdPeriph_Driver/src/stm32f4xx_crc.c ****   {
  86:/home/rdu/Workspace/project_templates/mcu/stm32_ws/src/libraries/STM32F4xx_StdPeriph_Driver/src/stm32f4xx_crc.c ****     CRC->DR = pBuffer[index];
 113              		.loc 1 86 0 discriminator 3
 114 0010 039B     		ldr	r3, [sp, #12]
 115 0012 9B00     		lsls	r3, r3, #2
 116 0014 019A     		ldr	r2, [sp, #4]
 117 0016 1344     		add	r3, r3, r2
 118 0018 074A     		ldr	r2, .L12
 119 001a 1B68     		ldr	r3, [r3]
 120 001c 1360     		str	r3, [r2]
  84:/home/rdu/Workspace/project_templates/mcu/stm32_ws/src/libraries/STM32F4xx_StdPeriph_Driver/src/stm32f4xx_crc.c ****   {
 121              		.loc 1 84 0 discriminator 3
 122 001e 039B     		ldr	r3, [sp, #12]
 123 0020 0133     		adds	r3, r3, #1
 124 0022 0393     		str	r3, [sp, #12]
 125              	.L9:
  84:/home/rdu/Workspace/project_templates/mcu/stm32_ws/src/libraries/STM32F4xx_StdPeriph_Driver/src/stm32f4xx_crc.c ****   {
 126              		.loc 1 84 0 is_stmt 0 discriminator 1
 127 0024 039A     		ldr	r2, [sp, #12]
 128 0026 009B     		ldr	r3, [sp]
 129 0028 9A42     		cmp	r2, r3
 130 002a F1D3     		bcc	.L10
  87:/home/rdu/Workspace/project_templates/mcu/stm32_ws/src/libraries/STM32F4xx_StdPeriph_Driver/src/stm32f4xx_crc.c ****   }
  88:/home/rdu/Workspace/project_templates/mcu/stm32_ws/src/libraries/STM32F4xx_StdPeriph_Driver/src/stm32f4xx_crc.c ****   return (CRC->DR);
 131              		.loc 1 88 0 is_stmt 1
 132 002c 024B     		ldr	r3, .L12
 133 002e 1B68     		ldr	r3, [r3]
  89:/home/rdu/Workspace/project_templates/mcu/stm32_ws/src/libraries/STM32F4xx_StdPeriph_Driver/src/stm32f4xx_crc.c **** }
 134              		.loc 1 89 0
 135 0030 1846     		mov	r0, r3
 136 0032 04B0     		add	sp, sp, #16
 137              	.LCFI3:
 138              		.cfi_def_cfa_offset 0
 139              		@ sp needed
 140 0034 7047     		bx	lr
 141              	.L13:
 142 0036 00BF     		.align	2
 143              	.L12:
 144 0038 00300240 		.word	1073885184
 145              		.cfi_endproc
 146              	.LFE125:
 148              		.section	.text.CRC_GetCRC,"ax",%progbits
 149              		.align	1
 150              		.global	CRC_GetCRC
 151              		.syntax unified
 152              		.thumb
 153              		.thumb_func
 154              		.fpu fpv4-sp-d16
 156              	CRC_GetCRC:
 157              	.LFB126:
  90:/home/rdu/Workspace/project_templates/mcu/stm32_ws/src/libraries/STM32F4xx_StdPeriph_Driver/src/stm32f4xx_crc.c **** 
  91:/home/rdu/Workspace/project_templates/mcu/stm32_ws/src/libraries/STM32F4xx_StdPeriph_Driver/src/stm32f4xx_crc.c **** /**
  92:/home/rdu/Workspace/project_templates/mcu/stm32_ws/src/libraries/STM32F4xx_StdPeriph_Driver/src/stm32f4xx_crc.c ****   * @brief  Returns the current CRC value.
  93:/home/rdu/Workspace/project_templates/mcu/stm32_ws/src/libraries/STM32F4xx_StdPeriph_Driver/src/stm32f4xx_crc.c ****   * @param  None
  94:/home/rdu/Workspace/project_templates/mcu/stm32_ws/src/libraries/STM32F4xx_StdPeriph_Driver/src/stm32f4xx_crc.c ****   * @retval 32-bit CRC
  95:/home/rdu/Workspace/project_templates/mcu/stm32_ws/src/libraries/STM32F4xx_StdPeriph_Driver/src/stm32f4xx_crc.c ****   */
  96:/home/rdu/Workspace/project_templates/mcu/stm32_ws/src/libraries/STM32F4xx_StdPeriph_Driver/src/stm32f4xx_crc.c **** uint32_t CRC_GetCRC(void)
  97:/home/rdu/Workspace/project_templates/mcu/stm32_ws/src/libraries/STM32F4xx_StdPeriph_Driver/src/stm32f4xx_crc.c **** {
 158              		.loc 1 97 0
 159              		.cfi_startproc
 160              		@ args = 0, pretend = 0, frame = 0
 161              		@ frame_needed = 0, uses_anonymous_args = 0
 162              		@ link register save eliminated.
  98:/home/rdu/Workspace/project_templates/mcu/stm32_ws/src/libraries/STM32F4xx_StdPeriph_Driver/src/stm32f4xx_crc.c ****   return (CRC->DR);
 163              		.loc 1 98 0
 164 0000 014B     		ldr	r3, .L16
 165 0002 1B68     		ldr	r3, [r3]
  99:/home/rdu/Workspace/project_templates/mcu/stm32_ws/src/libraries/STM32F4xx_StdPeriph_Driver/src/stm32f4xx_crc.c **** }
 166              		.loc 1 99 0
 167 0004 1846     		mov	r0, r3
 168 0006 7047     		bx	lr
 169              	.L17:
 170              		.align	2
 171              	.L16:
 172 0008 00300240 		.word	1073885184
 173              		.cfi_endproc
 174              	.LFE126:
 176              		.section	.text.CRC_SetIDRegister,"ax",%progbits
 177              		.align	1
 178              		.global	CRC_SetIDRegister
 179              		.syntax unified
 180              		.thumb
 181              		.thumb_func
 182              		.fpu fpv4-sp-d16
 184              	CRC_SetIDRegister:
 185              	.LFB127:
 100:/home/rdu/Workspace/project_templates/mcu/stm32_ws/src/libraries/STM32F4xx_StdPeriph_Driver/src/stm32f4xx_crc.c **** 
 101:/home/rdu/Workspace/project_templates/mcu/stm32_ws/src/libraries/STM32F4xx_StdPeriph_Driver/src/stm32f4xx_crc.c **** /**
 102:/home/rdu/Workspace/project_templates/mcu/stm32_ws/src/libraries/STM32F4xx_StdPeriph_Driver/src/stm32f4xx_crc.c ****   * @brief  Stores a 8-bit data in the Independent Data(ID) register.
 103:/home/rdu/Workspace/project_templates/mcu/stm32_ws/src/libraries/STM32F4xx_StdPeriph_Driver/src/stm32f4xx_crc.c ****   * @param  IDValue: 8-bit value to be stored in the ID register 					
 104:/home/rdu/Workspace/project_templates/mcu/stm32_ws/src/libraries/STM32F4xx_StdPeriph_Driver/src/stm32f4xx_crc.c ****   * @retval None
 105:/home/rdu/Workspace/project_templates/mcu/stm32_ws/src/libraries/STM32F4xx_StdPeriph_Driver/src/stm32f4xx_crc.c ****   */
 106:/home/rdu/Workspace/project_templates/mcu/stm32_ws/src/libraries/STM32F4xx_StdPeriph_Driver/src/stm32f4xx_crc.c **** void CRC_SetIDRegister(uint8_t IDValue)
 107:/home/rdu/Workspace/project_templates/mcu/stm32_ws/src/libraries/STM32F4xx_StdPeriph_Driver/src/stm32f4xx_crc.c **** {
 186              		.loc 1 107 0
 187              		.cfi_startproc
 188              		@ args = 0, pretend = 0, frame = 8
 189              		@ frame_needed = 0, uses_anonymous_args = 0
 190              		@ link register save eliminated.
 191 0000 82B0     		sub	sp, sp, #8
 192              	.LCFI4:
 193              		.cfi_def_cfa_offset 8
 194 0002 0346     		mov	r3, r0
 195 0004 8DF80730 		strb	r3, [sp, #7]
 108:/home/rdu/Workspace/project_templates/mcu/stm32_ws/src/libraries/STM32F4xx_StdPeriph_Driver/src/stm32f4xx_crc.c ****   CRC->IDR = IDValue;
 196              		.loc 1 108 0
 197 0008 034A     		ldr	r2, .L19
 198 000a 9DF80730 		ldrb	r3, [sp, #7]
 199 000e 1371     		strb	r3, [r2, #4]
 109:/home/rdu/Workspace/project_templates/mcu/stm32_ws/src/libraries/STM32F4xx_StdPeriph_Driver/src/stm32f4xx_crc.c **** }
 200              		.loc 1 109 0
 201 0010 00BF     		nop
 202 0012 02B0     		add	sp, sp, #8
 203              	.LCFI5:
 204              		.cfi_def_cfa_offset 0
 205              		@ sp needed
 206 0014 7047     		bx	lr
 207              	.L20:
 208 0016 00BF     		.align	2
 209              	.L19:
 210 0018 00300240 		.word	1073885184
 211              		.cfi_endproc
 212              	.LFE127:
 214              		.section	.text.CRC_GetIDRegister,"ax",%progbits
 215              		.align	1
 216              		.global	CRC_GetIDRegister
 217              		.syntax unified
 218              		.thumb
 219              		.thumb_func
 220              		.fpu fpv4-sp-d16
 222              	CRC_GetIDRegister:
 223              	.LFB128:
 110:/home/rdu/Workspace/project_templates/mcu/stm32_ws/src/libraries/STM32F4xx_StdPeriph_Driver/src/stm32f4xx_crc.c **** 
 111:/home/rdu/Workspace/project_templates/mcu/stm32_ws/src/libraries/STM32F4xx_StdPeriph_Driver/src/stm32f4xx_crc.c **** /**
 112:/home/rdu/Workspace/project_templates/mcu/stm32_ws/src/libraries/STM32F4xx_StdPeriph_Driver/src/stm32f4xx_crc.c ****   * @brief  Returns the 8-bit data stored in the Independent Data(ID) register
 113:/home/rdu/Workspace/project_templates/mcu/stm32_ws/src/libraries/STM32F4xx_StdPeriph_Driver/src/stm32f4xx_crc.c ****   * @param  None
 114:/home/rdu/Workspace/project_templates/mcu/stm32_ws/src/libraries/STM32F4xx_StdPeriph_Driver/src/stm32f4xx_crc.c ****   * @retval 8-bit value of the ID register 
 115:/home/rdu/Workspace/project_templates/mcu/stm32_ws/src/libraries/STM32F4xx_StdPeriph_Driver/src/stm32f4xx_crc.c ****   */
 116:/home/rdu/Workspace/project_templates/mcu/stm32_ws/src/libraries/STM32F4xx_StdPeriph_Driver/src/stm32f4xx_crc.c **** uint8_t CRC_GetIDRegister(void)
 117:/home/rdu/Workspace/project_templates/mcu/stm32_ws/src/libraries/STM32F4xx_StdPeriph_Driver/src/stm32f4xx_crc.c **** {
 224              		.loc 1 117 0
 225              		.cfi_startproc
 226              		@ args = 0, pretend = 0, frame = 0
 227              		@ frame_needed = 0, uses_anonymous_args = 0
 228              		@ link register save eliminated.
 118:/home/rdu/Workspace/project_templates/mcu/stm32_ws/src/libraries/STM32F4xx_StdPeriph_Driver/src/stm32f4xx_crc.c ****   return (CRC->IDR);
 229              		.loc 1 118 0
 230 0000 024B     		ldr	r3, .L23
 231 0002 1B79     		ldrb	r3, [r3, #4]
 232 0004 DBB2     		uxtb	r3, r3
 119:/home/rdu/Workspace/project_templates/mcu/stm32_ws/src/libraries/STM32F4xx_StdPeriph_Driver/src/stm32f4xx_crc.c **** }
 233              		.loc 1 119 0
 234 0006 1846     		mov	r0, r3
 235 0008 7047     		bx	lr
 236              	.L24:
 237 000a 00BF     		.align	2
 238              	.L23:
 239 000c 00300240 		.word	1073885184
 240              		.cfi_endproc
 241              	.LFE128:
 243              		.text
 244              	.Letext0:
 245              		.file 2 "/home/rdu/Software/gcc-arm-none-eabi-7-2017-q4-major/arm-none-eabi/include/machine/_defau
 246              		.file 3 "/home/rdu/Software/gcc-arm-none-eabi-7-2017-q4-major/arm-none-eabi/include/sys/_stdint.h"
 247              		.file 4 "/home/rdu/Workspace/project_templates/mcu/stm32_ws/src/libraries/CMSIS/CMSIS_STM32F4/Incl
 248              		.file 5 "/home/rdu/Workspace/project_templates/mcu/stm32_ws/src/libraries/CMSIS/CMSIS_STM32F4/Devi
 249              		.file 6 "/home/rdu/Workspace/project_templates/mcu/stm32_ws/src/libraries/CMSIS/CMSIS_STM32F4/Devi
DEFINED SYMBOLS
                            *ABS*:0000000000000000 stm32f4xx_crc.c
     /tmp/ccYNQs3z.s:16     .text.CRC_ResetDR:0000000000000000 $t
     /tmp/ccYNQs3z.s:23     .text.CRC_ResetDR:0000000000000000 CRC_ResetDR
     /tmp/ccYNQs3z.s:41     .text.CRC_ResetDR:000000000000000c $d
     /tmp/ccYNQs3z.s:46     .text.CRC_CalcCRC:0000000000000000 $t
     /tmp/ccYNQs3z.s:53     .text.CRC_CalcCRC:0000000000000000 CRC_CalcCRC
     /tmp/ccYNQs3z.s:81     .text.CRC_CalcCRC:0000000000000014 $d
     /tmp/ccYNQs3z.s:86     .text.CRC_CalcBlockCRC:0000000000000000 $t
     /tmp/ccYNQs3z.s:93     .text.CRC_CalcBlockCRC:0000000000000000 CRC_CalcBlockCRC
     /tmp/ccYNQs3z.s:144    .text.CRC_CalcBlockCRC:0000000000000038 $d
     /tmp/ccYNQs3z.s:149    .text.CRC_GetCRC:0000000000000000 $t
     /tmp/ccYNQs3z.s:156    .text.CRC_GetCRC:0000000000000000 CRC_GetCRC
     /tmp/ccYNQs3z.s:172    .text.CRC_GetCRC:0000000000000008 $d
     /tmp/ccYNQs3z.s:177    .text.CRC_SetIDRegister:0000000000000000 $t
     /tmp/ccYNQs3z.s:184    .text.CRC_SetIDRegister:0000000000000000 CRC_SetIDRegister
     /tmp/ccYNQs3z.s:210    .text.CRC_SetIDRegister:0000000000000018 $d
     /tmp/ccYNQs3z.s:215    .text.CRC_GetIDRegister:0000000000000000 $t
     /tmp/ccYNQs3z.s:222    .text.CRC_GetIDRegister:0000000000000000 CRC_GetIDRegister
     /tmp/ccYNQs3z.s:239    .text.CRC_GetIDRegister:000000000000000c $d

NO UNDEFINED SYMBOLS
