   1              		.cpu cortex-m4
   2              		.eabi_attribute 27, 1
   3              		.eabi_attribute 28, 1
   4              		.eabi_attribute 23, 1
   5              		.eabi_attribute 24, 1
   6              		.eabi_attribute 25, 1
   7              		.eabi_attribute 26, 1
   8              		.eabi_attribute 30, 6
   9              		.eabi_attribute 34, 1
  10              		.eabi_attribute 18, 4
  11              		.file	"stm32f4xx_flash_ramfunc.c"
  12              		.text
  13              	.Ltext0:
  14              		.cfi_sections	.debug_frame
  15              		.section	.RamFunc,"ax",%progbits
  16              		.align	1
  17              		.global	FLASH_FlashInterfaceCmd
  18              		.syntax unified
  19              		.thumb
  20              		.thumb_func
  21              		.fpu fpv4-sp-d16
  23              	FLASH_FlashInterfaceCmd:
  24              	.LFB123:
  25              		.file 1 "/home/rdu/Workspace/project_templates/mcu/stm32_ws/src/libraries/STM32F4xx_StdPeriph_Driv
   1:/home/rdu/Workspace/project_templates/mcu/stm32_ws/src/libraries/STM32F4xx_StdPeriph_Driver/src/stm32f4xx_flash_ramfunc.c **** /**
   2:/home/rdu/Workspace/project_templates/mcu/stm32_ws/src/libraries/STM32F4xx_StdPeriph_Driver/src/stm32f4xx_flash_ramfunc.c ****   ******************************************************************************
   3:/home/rdu/Workspace/project_templates/mcu/stm32_ws/src/libraries/STM32F4xx_StdPeriph_Driver/src/stm32f4xx_flash_ramfunc.c ****   * @file    stm32f4xx_flash_ramfunc.c
   4:/home/rdu/Workspace/project_templates/mcu/stm32_ws/src/libraries/STM32F4xx_StdPeriph_Driver/src/stm32f4xx_flash_ramfunc.c ****   * @author  MCD Application Team
   5:/home/rdu/Workspace/project_templates/mcu/stm32_ws/src/libraries/STM32F4xx_StdPeriph_Driver/src/stm32f4xx_flash_ramfunc.c ****   * @version V1.8.0
   6:/home/rdu/Workspace/project_templates/mcu/stm32_ws/src/libraries/STM32F4xx_StdPeriph_Driver/src/stm32f4xx_flash_ramfunc.c ****   * @date    04-November-2016
   7:/home/rdu/Workspace/project_templates/mcu/stm32_ws/src/libraries/STM32F4xx_StdPeriph_Driver/src/stm32f4xx_flash_ramfunc.c ****   * @brief   FLASH RAMFUNC module driver.
   8:/home/rdu/Workspace/project_templates/mcu/stm32_ws/src/libraries/STM32F4xx_StdPeriph_Driver/src/stm32f4xx_flash_ramfunc.c ****   *          This file provides a FLASH firmware functions which should be 
   9:/home/rdu/Workspace/project_templates/mcu/stm32_ws/src/libraries/STM32F4xx_StdPeriph_Driver/src/stm32f4xx_flash_ramfunc.c ****   *          executed from internal SRAM
  10:/home/rdu/Workspace/project_templates/mcu/stm32_ws/src/libraries/STM32F4xx_StdPeriph_Driver/src/stm32f4xx_flash_ramfunc.c ****   *            + Stop/Start the flash interface while System Run
  11:/home/rdu/Workspace/project_templates/mcu/stm32_ws/src/libraries/STM32F4xx_StdPeriph_Driver/src/stm32f4xx_flash_ramfunc.c ****   *            + Enable/Disable the flash sleep while System Run
  12:/home/rdu/Workspace/project_templates/mcu/stm32_ws/src/libraries/STM32F4xx_StdPeriph_Driver/src/stm32f4xx_flash_ramfunc.c ****   *  
  13:/home/rdu/Workspace/project_templates/mcu/stm32_ws/src/libraries/STM32F4xx_StdPeriph_Driver/src/stm32f4xx_flash_ramfunc.c ****  @verbatim    
  14:/home/rdu/Workspace/project_templates/mcu/stm32_ws/src/libraries/STM32F4xx_StdPeriph_Driver/src/stm32f4xx_flash_ramfunc.c ****  ==============================================================================
  15:/home/rdu/Workspace/project_templates/mcu/stm32_ws/src/libraries/STM32F4xx_StdPeriph_Driver/src/stm32f4xx_flash_ramfunc.c ****                     ##### APIs executed from Internal RAM #####
  16:/home/rdu/Workspace/project_templates/mcu/stm32_ws/src/libraries/STM32F4xx_StdPeriph_Driver/src/stm32f4xx_flash_ramfunc.c ****   ==============================================================================
  17:/home/rdu/Workspace/project_templates/mcu/stm32_ws/src/libraries/STM32F4xx_StdPeriph_Driver/src/stm32f4xx_flash_ramfunc.c ****   [..]
  18:/home/rdu/Workspace/project_templates/mcu/stm32_ws/src/libraries/STM32F4xx_StdPeriph_Driver/src/stm32f4xx_flash_ramfunc.c ****     *** ARM Compiler ***
  19:/home/rdu/Workspace/project_templates/mcu/stm32_ws/src/libraries/STM32F4xx_StdPeriph_Driver/src/stm32f4xx_flash_ramfunc.c ****     --------------------
  20:/home/rdu/Workspace/project_templates/mcu/stm32_ws/src/libraries/STM32F4xx_StdPeriph_Driver/src/stm32f4xx_flash_ramfunc.c ****     [..] RAM functions are defined using the toolchain options. 
  21:/home/rdu/Workspace/project_templates/mcu/stm32_ws/src/libraries/STM32F4xx_StdPeriph_Driver/src/stm32f4xx_flash_ramfunc.c ****          Functions that are be executed in RAM should reside in a separate
  22:/home/rdu/Workspace/project_templates/mcu/stm32_ws/src/libraries/STM32F4xx_StdPeriph_Driver/src/stm32f4xx_flash_ramfunc.c ****          source module. Using the 'Options for File' dialog you can simply change
  23:/home/rdu/Workspace/project_templates/mcu/stm32_ws/src/libraries/STM32F4xx_StdPeriph_Driver/src/stm32f4xx_flash_ramfunc.c ****          the 'Code / Const' area of a module to a memory space in physical RAM.
  24:/home/rdu/Workspace/project_templates/mcu/stm32_ws/src/libraries/STM32F4xx_StdPeriph_Driver/src/stm32f4xx_flash_ramfunc.c ****          Available memory areas are declared in the 'Target' tab of the 
  25:/home/rdu/Workspace/project_templates/mcu/stm32_ws/src/libraries/STM32F4xx_StdPeriph_Driver/src/stm32f4xx_flash_ramfunc.c ****          Options for Target' dialog.
  26:/home/rdu/Workspace/project_templates/mcu/stm32_ws/src/libraries/STM32F4xx_StdPeriph_Driver/src/stm32f4xx_flash_ramfunc.c **** 
  27:/home/rdu/Workspace/project_templates/mcu/stm32_ws/src/libraries/STM32F4xx_StdPeriph_Driver/src/stm32f4xx_flash_ramfunc.c ****     *** ICCARM Compiler ***
  28:/home/rdu/Workspace/project_templates/mcu/stm32_ws/src/libraries/STM32F4xx_StdPeriph_Driver/src/stm32f4xx_flash_ramfunc.c ****     -----------------------
  29:/home/rdu/Workspace/project_templates/mcu/stm32_ws/src/libraries/STM32F4xx_StdPeriph_Driver/src/stm32f4xx_flash_ramfunc.c ****     [..] RAM functions are defined using a specific toolchain keyword "__ramfunc".
  30:/home/rdu/Workspace/project_templates/mcu/stm32_ws/src/libraries/STM32F4xx_StdPeriph_Driver/src/stm32f4xx_flash_ramfunc.c **** 
  31:/home/rdu/Workspace/project_templates/mcu/stm32_ws/src/libraries/STM32F4xx_StdPeriph_Driver/src/stm32f4xx_flash_ramfunc.c ****     *** GNU Compiler ***
  32:/home/rdu/Workspace/project_templates/mcu/stm32_ws/src/libraries/STM32F4xx_StdPeriph_Driver/src/stm32f4xx_flash_ramfunc.c ****     --------------------
  33:/home/rdu/Workspace/project_templates/mcu/stm32_ws/src/libraries/STM32F4xx_StdPeriph_Driver/src/stm32f4xx_flash_ramfunc.c ****     [..] RAM functions are defined using a specific toolchain attribute
  34:/home/rdu/Workspace/project_templates/mcu/stm32_ws/src/libraries/STM32F4xx_StdPeriph_Driver/src/stm32f4xx_flash_ramfunc.c ****          "__attribute__((section(".RamFunc")))".
  35:/home/rdu/Workspace/project_templates/mcu/stm32_ws/src/libraries/STM32F4xx_StdPeriph_Driver/src/stm32f4xx_flash_ramfunc.c ****   
  36:/home/rdu/Workspace/project_templates/mcu/stm32_ws/src/libraries/STM32F4xx_StdPeriph_Driver/src/stm32f4xx_flash_ramfunc.c ****   @endverbatim
  37:/home/rdu/Workspace/project_templates/mcu/stm32_ws/src/libraries/STM32F4xx_StdPeriph_Driver/src/stm32f4xx_flash_ramfunc.c ****   ******************************************************************************
  38:/home/rdu/Workspace/project_templates/mcu/stm32_ws/src/libraries/STM32F4xx_StdPeriph_Driver/src/stm32f4xx_flash_ramfunc.c ****   * @attention
  39:/home/rdu/Workspace/project_templates/mcu/stm32_ws/src/libraries/STM32F4xx_StdPeriph_Driver/src/stm32f4xx_flash_ramfunc.c ****   *
  40:/home/rdu/Workspace/project_templates/mcu/stm32_ws/src/libraries/STM32F4xx_StdPeriph_Driver/src/stm32f4xx_flash_ramfunc.c ****   * <h2><center>&copy; COPYRIGHT 2016 STMicroelectronics</center></h2>
  41:/home/rdu/Workspace/project_templates/mcu/stm32_ws/src/libraries/STM32F4xx_StdPeriph_Driver/src/stm32f4xx_flash_ramfunc.c ****   *
  42:/home/rdu/Workspace/project_templates/mcu/stm32_ws/src/libraries/STM32F4xx_StdPeriph_Driver/src/stm32f4xx_flash_ramfunc.c ****   * Licensed under MCD-ST Liberty SW License Agreement V2, (the "License");
  43:/home/rdu/Workspace/project_templates/mcu/stm32_ws/src/libraries/STM32F4xx_StdPeriph_Driver/src/stm32f4xx_flash_ramfunc.c ****   * You may not use this file except in compliance with the License.
  44:/home/rdu/Workspace/project_templates/mcu/stm32_ws/src/libraries/STM32F4xx_StdPeriph_Driver/src/stm32f4xx_flash_ramfunc.c ****   * You may obtain a copy of the License at:
  45:/home/rdu/Workspace/project_templates/mcu/stm32_ws/src/libraries/STM32F4xx_StdPeriph_Driver/src/stm32f4xx_flash_ramfunc.c ****   *
  46:/home/rdu/Workspace/project_templates/mcu/stm32_ws/src/libraries/STM32F4xx_StdPeriph_Driver/src/stm32f4xx_flash_ramfunc.c ****   *        http://www.st.com/software_license_agreement_liberty_v2
  47:/home/rdu/Workspace/project_templates/mcu/stm32_ws/src/libraries/STM32F4xx_StdPeriph_Driver/src/stm32f4xx_flash_ramfunc.c ****   *
  48:/home/rdu/Workspace/project_templates/mcu/stm32_ws/src/libraries/STM32F4xx_StdPeriph_Driver/src/stm32f4xx_flash_ramfunc.c ****   * Unless required by applicable law or agreed to in writing, software 
  49:/home/rdu/Workspace/project_templates/mcu/stm32_ws/src/libraries/STM32F4xx_StdPeriph_Driver/src/stm32f4xx_flash_ramfunc.c ****   * distributed under the License is distributed on an "AS IS" BASIS, 
  50:/home/rdu/Workspace/project_templates/mcu/stm32_ws/src/libraries/STM32F4xx_StdPeriph_Driver/src/stm32f4xx_flash_ramfunc.c ****   * WITHOUT WARRANTIES OR CONDITIONS OF ANY KIND, either express or implied.
  51:/home/rdu/Workspace/project_templates/mcu/stm32_ws/src/libraries/STM32F4xx_StdPeriph_Driver/src/stm32f4xx_flash_ramfunc.c ****   * See the License for the specific language governing permissions and
  52:/home/rdu/Workspace/project_templates/mcu/stm32_ws/src/libraries/STM32F4xx_StdPeriph_Driver/src/stm32f4xx_flash_ramfunc.c ****   * limitations under the License.
  53:/home/rdu/Workspace/project_templates/mcu/stm32_ws/src/libraries/STM32F4xx_StdPeriph_Driver/src/stm32f4xx_flash_ramfunc.c ****   *
  54:/home/rdu/Workspace/project_templates/mcu/stm32_ws/src/libraries/STM32F4xx_StdPeriph_Driver/src/stm32f4xx_flash_ramfunc.c ****   ******************************************************************************
  55:/home/rdu/Workspace/project_templates/mcu/stm32_ws/src/libraries/STM32F4xx_StdPeriph_Driver/src/stm32f4xx_flash_ramfunc.c ****   */
  56:/home/rdu/Workspace/project_templates/mcu/stm32_ws/src/libraries/STM32F4xx_StdPeriph_Driver/src/stm32f4xx_flash_ramfunc.c **** 
  57:/home/rdu/Workspace/project_templates/mcu/stm32_ws/src/libraries/STM32F4xx_StdPeriph_Driver/src/stm32f4xx_flash_ramfunc.c **** /* Includes ------------------------------------------------------------------*/
  58:/home/rdu/Workspace/project_templates/mcu/stm32_ws/src/libraries/STM32F4xx_StdPeriph_Driver/src/stm32f4xx_flash_ramfunc.c **** #include "stm32f4xx_flash_ramfunc.h"
  59:/home/rdu/Workspace/project_templates/mcu/stm32_ws/src/libraries/STM32F4xx_StdPeriph_Driver/src/stm32f4xx_flash_ramfunc.c **** 
  60:/home/rdu/Workspace/project_templates/mcu/stm32_ws/src/libraries/STM32F4xx_StdPeriph_Driver/src/stm32f4xx_flash_ramfunc.c **** /** @addtogroup STM32F4xx_StdPeriph_Driver
  61:/home/rdu/Workspace/project_templates/mcu/stm32_ws/src/libraries/STM32F4xx_StdPeriph_Driver/src/stm32f4xx_flash_ramfunc.c ****   * @{
  62:/home/rdu/Workspace/project_templates/mcu/stm32_ws/src/libraries/STM32F4xx_StdPeriph_Driver/src/stm32f4xx_flash_ramfunc.c ****   */
  63:/home/rdu/Workspace/project_templates/mcu/stm32_ws/src/libraries/STM32F4xx_StdPeriph_Driver/src/stm32f4xx_flash_ramfunc.c **** 
  64:/home/rdu/Workspace/project_templates/mcu/stm32_ws/src/libraries/STM32F4xx_StdPeriph_Driver/src/stm32f4xx_flash_ramfunc.c **** /** @defgroup FLASH RAMFUNC 
  65:/home/rdu/Workspace/project_templates/mcu/stm32_ws/src/libraries/STM32F4xx_StdPeriph_Driver/src/stm32f4xx_flash_ramfunc.c ****   * @brief FLASH RAMFUNC driver modules
  66:/home/rdu/Workspace/project_templates/mcu/stm32_ws/src/libraries/STM32F4xx_StdPeriph_Driver/src/stm32f4xx_flash_ramfunc.c ****   * @{
  67:/home/rdu/Workspace/project_templates/mcu/stm32_ws/src/libraries/STM32F4xx_StdPeriph_Driver/src/stm32f4xx_flash_ramfunc.c ****   */ 
  68:/home/rdu/Workspace/project_templates/mcu/stm32_ws/src/libraries/STM32F4xx_StdPeriph_Driver/src/stm32f4xx_flash_ramfunc.c **** 
  69:/home/rdu/Workspace/project_templates/mcu/stm32_ws/src/libraries/STM32F4xx_StdPeriph_Driver/src/stm32f4xx_flash_ramfunc.c **** /* Private typedef -----------------------------------------------------------*/
  70:/home/rdu/Workspace/project_templates/mcu/stm32_ws/src/libraries/STM32F4xx_StdPeriph_Driver/src/stm32f4xx_flash_ramfunc.c **** /* Private define ------------------------------------------------------------*/
  71:/home/rdu/Workspace/project_templates/mcu/stm32_ws/src/libraries/STM32F4xx_StdPeriph_Driver/src/stm32f4xx_flash_ramfunc.c **** /* Private macro -------------------------------------------------------------*/
  72:/home/rdu/Workspace/project_templates/mcu/stm32_ws/src/libraries/STM32F4xx_StdPeriph_Driver/src/stm32f4xx_flash_ramfunc.c **** /* Private variables ---------------------------------------------------------*/
  73:/home/rdu/Workspace/project_templates/mcu/stm32_ws/src/libraries/STM32F4xx_StdPeriph_Driver/src/stm32f4xx_flash_ramfunc.c **** /* Private function prototypes -----------------------------------------------*/
  74:/home/rdu/Workspace/project_templates/mcu/stm32_ws/src/libraries/STM32F4xx_StdPeriph_Driver/src/stm32f4xx_flash_ramfunc.c **** /* Private functions ---------------------------------------------------------*/
  75:/home/rdu/Workspace/project_templates/mcu/stm32_ws/src/libraries/STM32F4xx_StdPeriph_Driver/src/stm32f4xx_flash_ramfunc.c **** 
  76:/home/rdu/Workspace/project_templates/mcu/stm32_ws/src/libraries/STM32F4xx_StdPeriph_Driver/src/stm32f4xx_flash_ramfunc.c **** /** @defgroup FLASH_RAMFUNC_Private_Functions
  77:/home/rdu/Workspace/project_templates/mcu/stm32_ws/src/libraries/STM32F4xx_StdPeriph_Driver/src/stm32f4xx_flash_ramfunc.c ****   * @{
  78:/home/rdu/Workspace/project_templates/mcu/stm32_ws/src/libraries/STM32F4xx_StdPeriph_Driver/src/stm32f4xx_flash_ramfunc.c ****   */
  79:/home/rdu/Workspace/project_templates/mcu/stm32_ws/src/libraries/STM32F4xx_StdPeriph_Driver/src/stm32f4xx_flash_ramfunc.c **** 
  80:/home/rdu/Workspace/project_templates/mcu/stm32_ws/src/libraries/STM32F4xx_StdPeriph_Driver/src/stm32f4xx_flash_ramfunc.c **** /** @defgroup FLASH_RAMFUNC_Group1 Peripheral features functions executed from internal RAM 
  81:/home/rdu/Workspace/project_templates/mcu/stm32_ws/src/libraries/STM32F4xx_StdPeriph_Driver/src/stm32f4xx_flash_ramfunc.c ****   *  @brief Peripheral Extended features functions 
  82:/home/rdu/Workspace/project_templates/mcu/stm32_ws/src/libraries/STM32F4xx_StdPeriph_Driver/src/stm32f4xx_flash_ramfunc.c ****   *
  83:/home/rdu/Workspace/project_templates/mcu/stm32_ws/src/libraries/STM32F4xx_StdPeriph_Driver/src/stm32f4xx_flash_ramfunc.c **** @verbatim   
  84:/home/rdu/Workspace/project_templates/mcu/stm32_ws/src/libraries/STM32F4xx_StdPeriph_Driver/src/stm32f4xx_flash_ramfunc.c **** 
  85:/home/rdu/Workspace/project_templates/mcu/stm32_ws/src/libraries/STM32F4xx_StdPeriph_Driver/src/stm32f4xx_flash_ramfunc.c ****  ===============================================================================
  86:/home/rdu/Workspace/project_templates/mcu/stm32_ws/src/libraries/STM32F4xx_StdPeriph_Driver/src/stm32f4xx_flash_ramfunc.c ****                       ##### ramfunc functions #####
  87:/home/rdu/Workspace/project_templates/mcu/stm32_ws/src/libraries/STM32F4xx_StdPeriph_Driver/src/stm32f4xx_flash_ramfunc.c ****  ===============================================================================
  88:/home/rdu/Workspace/project_templates/mcu/stm32_ws/src/libraries/STM32F4xx_StdPeriph_Driver/src/stm32f4xx_flash_ramfunc.c ****     [..]
  89:/home/rdu/Workspace/project_templates/mcu/stm32_ws/src/libraries/STM32F4xx_StdPeriph_Driver/src/stm32f4xx_flash_ramfunc.c ****     This subsection provides a set of functions that should be executed from RAM 
  90:/home/rdu/Workspace/project_templates/mcu/stm32_ws/src/libraries/STM32F4xx_StdPeriph_Driver/src/stm32f4xx_flash_ramfunc.c ****     transfers.
  91:/home/rdu/Workspace/project_templates/mcu/stm32_ws/src/libraries/STM32F4xx_StdPeriph_Driver/src/stm32f4xx_flash_ramfunc.c ****     
  92:/home/rdu/Workspace/project_templates/mcu/stm32_ws/src/libraries/STM32F4xx_StdPeriph_Driver/src/stm32f4xx_flash_ramfunc.c **** @endverbatim
  93:/home/rdu/Workspace/project_templates/mcu/stm32_ws/src/libraries/STM32F4xx_StdPeriph_Driver/src/stm32f4xx_flash_ramfunc.c ****   * @{
  94:/home/rdu/Workspace/project_templates/mcu/stm32_ws/src/libraries/STM32F4xx_StdPeriph_Driver/src/stm32f4xx_flash_ramfunc.c ****   */
  95:/home/rdu/Workspace/project_templates/mcu/stm32_ws/src/libraries/STM32F4xx_StdPeriph_Driver/src/stm32f4xx_flash_ramfunc.c **** 
  96:/home/rdu/Workspace/project_templates/mcu/stm32_ws/src/libraries/STM32F4xx_StdPeriph_Driver/src/stm32f4xx_flash_ramfunc.c **** /**
  97:/home/rdu/Workspace/project_templates/mcu/stm32_ws/src/libraries/STM32F4xx_StdPeriph_Driver/src/stm32f4xx_flash_ramfunc.c ****   * @brief Start/Stop the flash interface while System Run
  98:/home/rdu/Workspace/project_templates/mcu/stm32_ws/src/libraries/STM32F4xx_StdPeriph_Driver/src/stm32f4xx_flash_ramfunc.c ****   * @note  This mode is only available for STM32F411xx devices. 
  99:/home/rdu/Workspace/project_templates/mcu/stm32_ws/src/libraries/STM32F4xx_StdPeriph_Driver/src/stm32f4xx_flash_ramfunc.c ****   * @note  This mode could n't be set while executing with the flash itself. 
 100:/home/rdu/Workspace/project_templates/mcu/stm32_ws/src/libraries/STM32F4xx_StdPeriph_Driver/src/stm32f4xx_flash_ramfunc.c ****   *        It should be done with specific routine executed from RAM.     
 101:/home/rdu/Workspace/project_templates/mcu/stm32_ws/src/libraries/STM32F4xx_StdPeriph_Driver/src/stm32f4xx_flash_ramfunc.c ****   * @param  NewState: new state of the Smart Card mode.
 102:/home/rdu/Workspace/project_templates/mcu/stm32_ws/src/libraries/STM32F4xx_StdPeriph_Driver/src/stm32f4xx_flash_ramfunc.c ****   *          This parameter can be: ENABLE or DISABLE.  
 103:/home/rdu/Workspace/project_templates/mcu/stm32_ws/src/libraries/STM32F4xx_StdPeriph_Driver/src/stm32f4xx_flash_ramfunc.c ****   * @retval None
 104:/home/rdu/Workspace/project_templates/mcu/stm32_ws/src/libraries/STM32F4xx_StdPeriph_Driver/src/stm32f4xx_flash_ramfunc.c ****   */
 105:/home/rdu/Workspace/project_templates/mcu/stm32_ws/src/libraries/STM32F4xx_StdPeriph_Driver/src/stm32f4xx_flash_ramfunc.c **** __RAM_FUNC FLASH_FlashInterfaceCmd(FunctionalState NewState)
 106:/home/rdu/Workspace/project_templates/mcu/stm32_ws/src/libraries/STM32F4xx_StdPeriph_Driver/src/stm32f4xx_flash_ramfunc.c **** {
  26              		.loc 1 106 0
  27              		.cfi_startproc
  28              		@ args = 0, pretend = 0, frame = 8
  29              		@ frame_needed = 0, uses_anonymous_args = 0
  30              		@ link register save eliminated.
  31 0000 82B0     		sub	sp, sp, #8
  32              	.LCFI0:
  33              		.cfi_def_cfa_offset 8
  34 0002 0346     		mov	r3, r0
  35 0004 8DF80730 		strb	r3, [sp, #7]
 107:/home/rdu/Workspace/project_templates/mcu/stm32_ws/src/libraries/STM32F4xx_StdPeriph_Driver/src/stm32f4xx_flash_ramfunc.c ****   if (NewState != DISABLE)
  36              		.loc 1 107 0
  37 0008 9DF80730 		ldrb	r3, [sp, #7]	@ zero_extendqisi2
  38 000c 002B     		cmp	r3, #0
  39 000e 06D0     		beq	.L2
 108:/home/rdu/Workspace/project_templates/mcu/stm32_ws/src/libraries/STM32F4xx_StdPeriph_Driver/src/stm32f4xx_flash_ramfunc.c ****   {
 109:/home/rdu/Workspace/project_templates/mcu/stm32_ws/src/libraries/STM32F4xx_StdPeriph_Driver/src/stm32f4xx_flash_ramfunc.c ****     /* Start the flash interface while System Run */
 110:/home/rdu/Workspace/project_templates/mcu/stm32_ws/src/libraries/STM32F4xx_StdPeriph_Driver/src/stm32f4xx_flash_ramfunc.c ****     CLEAR_BIT(PWR->CR, PWR_CR_FISSR);
  40              		.loc 1 110 0
  41 0010 074B     		ldr	r3, .L5
  42 0012 1B68     		ldr	r3, [r3]
  43 0014 064A     		ldr	r2, .L5
  44 0016 23F40013 		bic	r3, r3, #2097152
  45 001a 1360     		str	r3, [r2]
 111:/home/rdu/Workspace/project_templates/mcu/stm32_ws/src/libraries/STM32F4xx_StdPeriph_Driver/src/stm32f4xx_flash_ramfunc.c ****   }
 112:/home/rdu/Workspace/project_templates/mcu/stm32_ws/src/libraries/STM32F4xx_StdPeriph_Driver/src/stm32f4xx_flash_ramfunc.c ****   else
 113:/home/rdu/Workspace/project_templates/mcu/stm32_ws/src/libraries/STM32F4xx_StdPeriph_Driver/src/stm32f4xx_flash_ramfunc.c ****   {
 114:/home/rdu/Workspace/project_templates/mcu/stm32_ws/src/libraries/STM32F4xx_StdPeriph_Driver/src/stm32f4xx_flash_ramfunc.c ****     /* Stop the flash interface while System Run */  
 115:/home/rdu/Workspace/project_templates/mcu/stm32_ws/src/libraries/STM32F4xx_StdPeriph_Driver/src/stm32f4xx_flash_ramfunc.c ****     SET_BIT(PWR->CR, PWR_CR_FISSR);
 116:/home/rdu/Workspace/project_templates/mcu/stm32_ws/src/libraries/STM32F4xx_StdPeriph_Driver/src/stm32f4xx_flash_ramfunc.c ****   }
 117:/home/rdu/Workspace/project_templates/mcu/stm32_ws/src/libraries/STM32F4xx_StdPeriph_Driver/src/stm32f4xx_flash_ramfunc.c **** }
  46              		.loc 1 117 0
  47 001c 05E0     		b	.L4
  48              	.L2:
 115:/home/rdu/Workspace/project_templates/mcu/stm32_ws/src/libraries/STM32F4xx_StdPeriph_Driver/src/stm32f4xx_flash_ramfunc.c ****   }
  49              		.loc 1 115 0
  50 001e 044B     		ldr	r3, .L5
  51 0020 1B68     		ldr	r3, [r3]
  52 0022 034A     		ldr	r2, .L5
  53 0024 43F40013 		orr	r3, r3, #2097152
  54 0028 1360     		str	r3, [r2]
  55              	.L4:
  56              		.loc 1 117 0
  57 002a 00BF     		nop
  58 002c 02B0     		add	sp, sp, #8
  59              	.LCFI1:
  60              		.cfi_def_cfa_offset 0
  61              		@ sp needed
  62 002e 7047     		bx	lr
  63              	.L6:
  64              		.align	2
  65              	.L5:
  66 0030 00700040 		.word	1073770496
  67              		.cfi_endproc
  68              	.LFE123:
  70              		.align	1
  71              		.global	FLASH_FlashSleepModeCmd
  72              		.syntax unified
  73              		.thumb
  74              		.thumb_func
  75              		.fpu fpv4-sp-d16
  77              	FLASH_FlashSleepModeCmd:
  78              	.LFB124:
 118:/home/rdu/Workspace/project_templates/mcu/stm32_ws/src/libraries/STM32F4xx_StdPeriph_Driver/src/stm32f4xx_flash_ramfunc.c **** 
 119:/home/rdu/Workspace/project_templates/mcu/stm32_ws/src/libraries/STM32F4xx_StdPeriph_Driver/src/stm32f4xx_flash_ramfunc.c **** /**
 120:/home/rdu/Workspace/project_templates/mcu/stm32_ws/src/libraries/STM32F4xx_StdPeriph_Driver/src/stm32f4xx_flash_ramfunc.c ****   * @brief Enable/Disable the flash sleep while System Run
 121:/home/rdu/Workspace/project_templates/mcu/stm32_ws/src/libraries/STM32F4xx_StdPeriph_Driver/src/stm32f4xx_flash_ramfunc.c ****   * @note  This mode is only available for STM32F411xx devices. 
 122:/home/rdu/Workspace/project_templates/mcu/stm32_ws/src/libraries/STM32F4xx_StdPeriph_Driver/src/stm32f4xx_flash_ramfunc.c ****   * @note  This mode could n't be set while executing with the flash itself. 
 123:/home/rdu/Workspace/project_templates/mcu/stm32_ws/src/libraries/STM32F4xx_StdPeriph_Driver/src/stm32f4xx_flash_ramfunc.c ****   *        It should be done with specific routine executed from RAM.     
 124:/home/rdu/Workspace/project_templates/mcu/stm32_ws/src/libraries/STM32F4xx_StdPeriph_Driver/src/stm32f4xx_flash_ramfunc.c ****   * @param  NewState: new state of the Smart Card mode.
 125:/home/rdu/Workspace/project_templates/mcu/stm32_ws/src/libraries/STM32F4xx_StdPeriph_Driver/src/stm32f4xx_flash_ramfunc.c ****   *          This parameter can be: ENABLE or DISABLE.  
 126:/home/rdu/Workspace/project_templates/mcu/stm32_ws/src/libraries/STM32F4xx_StdPeriph_Driver/src/stm32f4xx_flash_ramfunc.c ****   * @retval None
 127:/home/rdu/Workspace/project_templates/mcu/stm32_ws/src/libraries/STM32F4xx_StdPeriph_Driver/src/stm32f4xx_flash_ramfunc.c ****   */
 128:/home/rdu/Workspace/project_templates/mcu/stm32_ws/src/libraries/STM32F4xx_StdPeriph_Driver/src/stm32f4xx_flash_ramfunc.c **** __RAM_FUNC FLASH_FlashSleepModeCmd(FunctionalState NewState)
 129:/home/rdu/Workspace/project_templates/mcu/stm32_ws/src/libraries/STM32F4xx_StdPeriph_Driver/src/stm32f4xx_flash_ramfunc.c **** {
  79              		.loc 1 129 0
  80              		.cfi_startproc
  81              		@ args = 0, pretend = 0, frame = 8
  82              		@ frame_needed = 0, uses_anonymous_args = 0
  83              		@ link register save eliminated.
  84 0034 82B0     		sub	sp, sp, #8
  85              	.LCFI2:
  86              		.cfi_def_cfa_offset 8
  87 0036 0346     		mov	r3, r0
  88 0038 8DF80730 		strb	r3, [sp, #7]
 130:/home/rdu/Workspace/project_templates/mcu/stm32_ws/src/libraries/STM32F4xx_StdPeriph_Driver/src/stm32f4xx_flash_ramfunc.c ****   if (NewState != DISABLE)
  89              		.loc 1 130 0
  90 003c 9DF80730 		ldrb	r3, [sp, #7]	@ zero_extendqisi2
  91 0040 002B     		cmp	r3, #0
  92 0042 06D0     		beq	.L8
 131:/home/rdu/Workspace/project_templates/mcu/stm32_ws/src/libraries/STM32F4xx_StdPeriph_Driver/src/stm32f4xx_flash_ramfunc.c ****   {
 132:/home/rdu/Workspace/project_templates/mcu/stm32_ws/src/libraries/STM32F4xx_StdPeriph_Driver/src/stm32f4xx_flash_ramfunc.c ****     /* Enable the flash sleep while System Run */
 133:/home/rdu/Workspace/project_templates/mcu/stm32_ws/src/libraries/STM32F4xx_StdPeriph_Driver/src/stm32f4xx_flash_ramfunc.c ****     SET_BIT(PWR->CR, PWR_CR_FMSSR);
  93              		.loc 1 133 0
  94 0044 074B     		ldr	r3, .L11
  95 0046 1B68     		ldr	r3, [r3]
  96 0048 064A     		ldr	r2, .L11
  97 004a 43F48013 		orr	r3, r3, #1048576
  98 004e 1360     		str	r3, [r2]
 134:/home/rdu/Workspace/project_templates/mcu/stm32_ws/src/libraries/STM32F4xx_StdPeriph_Driver/src/stm32f4xx_flash_ramfunc.c ****   }
 135:/home/rdu/Workspace/project_templates/mcu/stm32_ws/src/libraries/STM32F4xx_StdPeriph_Driver/src/stm32f4xx_flash_ramfunc.c ****   else
 136:/home/rdu/Workspace/project_templates/mcu/stm32_ws/src/libraries/STM32F4xx_StdPeriph_Driver/src/stm32f4xx_flash_ramfunc.c ****   {
 137:/home/rdu/Workspace/project_templates/mcu/stm32_ws/src/libraries/STM32F4xx_StdPeriph_Driver/src/stm32f4xx_flash_ramfunc.c ****     /* Disable the flash sleep while System Run */
 138:/home/rdu/Workspace/project_templates/mcu/stm32_ws/src/libraries/STM32F4xx_StdPeriph_Driver/src/stm32f4xx_flash_ramfunc.c ****     CLEAR_BIT(PWR->CR, PWR_CR_FMSSR);
 139:/home/rdu/Workspace/project_templates/mcu/stm32_ws/src/libraries/STM32F4xx_StdPeriph_Driver/src/stm32f4xx_flash_ramfunc.c ****   }
 140:/home/rdu/Workspace/project_templates/mcu/stm32_ws/src/libraries/STM32F4xx_StdPeriph_Driver/src/stm32f4xx_flash_ramfunc.c **** }
  99              		.loc 1 140 0
 100 0050 05E0     		b	.L10
 101              	.L8:
 138:/home/rdu/Workspace/project_templates/mcu/stm32_ws/src/libraries/STM32F4xx_StdPeriph_Driver/src/stm32f4xx_flash_ramfunc.c ****   }
 102              		.loc 1 138 0
 103 0052 044B     		ldr	r3, .L11
 104 0054 1B68     		ldr	r3, [r3]
 105 0056 034A     		ldr	r2, .L11
 106 0058 23F48013 		bic	r3, r3, #1048576
 107 005c 1360     		str	r3, [r2]
 108              	.L10:
 109              		.loc 1 140 0
 110 005e 00BF     		nop
 111 0060 02B0     		add	sp, sp, #8
 112              	.LCFI3:
 113              		.cfi_def_cfa_offset 0
 114              		@ sp needed
 115 0062 7047     		bx	lr
 116              	.L12:
 117              		.align	2
 118              	.L11:
 119 0064 00700040 		.word	1073770496
 120              		.cfi_endproc
 121              	.LFE124:
 123              		.text
 124              	.Letext0:
 125              		.file 2 "/home/rdu/Software/gcc-arm-none-eabi-7-2017-q4-major/arm-none-eabi/include/machine/_defau
 126              		.file 3 "/home/rdu/Software/gcc-arm-none-eabi-7-2017-q4-major/arm-none-eabi/include/sys/_stdint.h"
 127              		.file 4 "/home/rdu/Workspace/project_templates/mcu/stm32_ws/src/libraries/CMSIS/CMSIS_STM32F4/Incl
 128              		.file 5 "/home/rdu/Workspace/project_templates/mcu/stm32_ws/src/libraries/CMSIS/CMSIS_STM32F4/Devi
 129              		.file 6 "/home/rdu/Workspace/project_templates/mcu/stm32_ws/src/libraries/CMSIS/CMSIS_STM32F4/Devi
DEFINED SYMBOLS
                            *ABS*:0000000000000000 stm32f4xx_flash_ramfunc.c
     /tmp/cc5ZFXfy.s:16     .RamFunc:0000000000000000 $t
     /tmp/cc5ZFXfy.s:23     .RamFunc:0000000000000000 FLASH_FlashInterfaceCmd
     /tmp/cc5ZFXfy.s:66     .RamFunc:0000000000000030 $d
     /tmp/cc5ZFXfy.s:70     .RamFunc:0000000000000034 $t
     /tmp/cc5ZFXfy.s:77     .RamFunc:0000000000000034 FLASH_FlashSleepModeCmd
     /tmp/cc5ZFXfy.s:119    .RamFunc:0000000000000064 $d

NO UNDEFINED SYMBOLS
