   1              		.cpu cortex-m4
   2              		.eabi_attribute 27, 1
   3              		.eabi_attribute 28, 1
   4              		.eabi_attribute 23, 1
   5              		.eabi_attribute 24, 1
   6              		.eabi_attribute 25, 1
   7              		.eabi_attribute 26, 1
   8              		.eabi_attribute 30, 6
   9              		.eabi_attribute 34, 1
  10              		.eabi_attribute 18, 4
  11              		.file	"system.c"
  12              		.text
  13              	.Ltext0:
  14              		.cfi_sections	.debug_frame
  15              		.section	.rodata
  16              		.align	2
  17              	.LC0:
  18 0000 53797374 		.ascii	"System\000"
  18      656D00
  19              		.section	.text.SetupSystemTask,"ax",%progbits
  20              		.align	1
  21              		.global	SetupSystemTask
  22              		.syntax unified
  23              		.thumb
  24              		.thumb_func
  25              		.fpu fpv4-sp-d16
  27              	SetupSystemTask:
  28              	.LFB5:
  29              		.file 1 "/home/rdu/Workspace/project_templates/mcu/stm32_ws/src/targets/racer_core/firmware/tasks/
   1:/home/rdu/Workspace/project_templates/mcu/stm32_ws/src/targets/racer_core/firmware/tasks/system.c **** /* 
   2:/home/rdu/Workspace/project_templates/mcu/stm32_ws/src/targets/racer_core/firmware/tasks/system.c ****  * system.c
   3:/home/rdu/Workspace/project_templates/mcu/stm32_ws/src/targets/racer_core/firmware/tasks/system.c ****  * 
   4:/home/rdu/Workspace/project_templates/mcu/stm32_ws/src/targets/racer_core/firmware/tasks/system.c ****  * Created on: Feb 18, 2018 14:42
   5:/home/rdu/Workspace/project_templates/mcu/stm32_ws/src/targets/racer_core/firmware/tasks/system.c ****  * Description: 
   6:/home/rdu/Workspace/project_templates/mcu/stm32_ws/src/targets/racer_core/firmware/tasks/system.c ****  * 
   7:/home/rdu/Workspace/project_templates/mcu/stm32_ws/src/targets/racer_core/firmware/tasks/system.c ****  * Copyright (c) 2018 Ruixiang Du (rdu)
   8:/home/rdu/Workspace/project_templates/mcu/stm32_ws/src/targets/racer_core/firmware/tasks/system.c ****  */
   9:/home/rdu/Workspace/project_templates/mcu/stm32_ws/src/targets/racer_core/firmware/tasks/system.c **** 
  10:/home/rdu/Workspace/project_templates/mcu/stm32_ws/src/targets/racer_core/firmware/tasks/system.c **** #include "system.h"
  11:/home/rdu/Workspace/project_templates/mcu/stm32_ws/src/targets/racer_core/firmware/tasks/system.c **** #include "racerio.h"
  12:/home/rdu/Workspace/project_templates/mcu/stm32_ws/src/targets/racer_core/firmware/tasks/system.c **** 
  13:/home/rdu/Workspace/project_templates/mcu/stm32_ws/src/targets/racer_core/firmware/tasks/system.c **** static void vTaskSystem(void *p);
  14:/home/rdu/Workspace/project_templates/mcu/stm32_ws/src/targets/racer_core/firmware/tasks/system.c **** 
  15:/home/rdu/Workspace/project_templates/mcu/stm32_ws/src/targets/racer_core/firmware/tasks/system.c **** void SetupSystemTask()
  16:/home/rdu/Workspace/project_templates/mcu/stm32_ws/src/targets/racer_core/firmware/tasks/system.c **** {
  30              		.loc 1 16 0
  31              		.cfi_startproc
  32              		@ args = 0, pretend = 0, frame = 0
  33              		@ frame_needed = 0, uses_anonymous_args = 0
  34 0000 00B5     		push	{lr}
  35              	.LCFI0:
  36              		.cfi_def_cfa_offset 4
  37              		.cfi_offset 14, -4
  38 0002 83B0     		sub	sp, sp, #12
  39              	.LCFI1:
  40              		.cfi_def_cfa_offset 16
  17:/home/rdu/Workspace/project_templates/mcu/stm32_ws/src/targets/racer_core/firmware/tasks/system.c ****     xTaskCreate(vTaskSystem, (const char *)"System", 128, NULL, TASK_PRIORITY_MID, NULL);
  41              		.loc 1 17 0
  42 0004 0023     		movs	r3, #0
  43 0006 0193     		str	r3, [sp, #4]
  44 0008 0223     		movs	r3, #2
  45 000a 0093     		str	r3, [sp]
  46 000c 0023     		movs	r3, #0
  47 000e 8022     		movs	r2, #128
  48 0010 0349     		ldr	r1, .L2
  49 0012 0448     		ldr	r0, .L2+4
  50 0014 FFF7FEFF 		bl	xTaskCreate
  18:/home/rdu/Workspace/project_templates/mcu/stm32_ws/src/targets/racer_core/firmware/tasks/system.c **** }
  51              		.loc 1 18 0
  52 0018 00BF     		nop
  53 001a 03B0     		add	sp, sp, #12
  54              	.LCFI2:
  55              		.cfi_def_cfa_offset 4
  56              		@ sp needed
  57 001c 5DF804FB 		ldr	pc, [sp], #4
  58              	.L3:
  59              		.align	2
  60              	.L2:
  61 0020 00000000 		.word	.LC0
  62 0024 00000000 		.word	vTaskSystem
  63              		.cfi_endproc
  64              	.LFE5:
  66              		.section	.text.vTaskSystem,"ax",%progbits
  67              		.align	1
  68              		.syntax unified
  69              		.thumb
  70              		.thumb_func
  71              		.fpu fpv4-sp-d16
  73              	vTaskSystem:
  74              	.LFB6:
  19:/home/rdu/Workspace/project_templates/mcu/stm32_ws/src/targets/racer_core/firmware/tasks/system.c **** 
  20:/home/rdu/Workspace/project_templates/mcu/stm32_ws/src/targets/racer_core/firmware/tasks/system.c **** void vTaskSystem(void *p)
  21:/home/rdu/Workspace/project_templates/mcu/stm32_ws/src/targets/racer_core/firmware/tasks/system.c **** {
  75              		.loc 1 21 0
  76              		.cfi_startproc
  77              		@ args = 0, pretend = 0, frame = 16
  78              		@ frame_needed = 0, uses_anonymous_args = 0
  79 0000 00B5     		push	{lr}
  80              	.LCFI3:
  81              		.cfi_def_cfa_offset 4
  82              		.cfi_offset 14, -4
  83 0002 85B0     		sub	sp, sp, #20
  84              	.LCFI4:
  85              		.cfi_def_cfa_offset 24
  86 0004 0190     		str	r0, [sp, #4]
  22:/home/rdu/Workspace/project_templates/mcu/stm32_ws/src/targets/racer_core/firmware/tasks/system.c ****     uint8_t data[8];
  23:/home/rdu/Workspace/project_templates/mcu/stm32_ws/src/targets/racer_core/firmware/tasks/system.c ****     data[0] = 'a';
  87              		.loc 1 23 0
  88 0006 6123     		movs	r3, #97
  89 0008 8DF80830 		strb	r3, [sp, #8]
  24:/home/rdu/Workspace/project_templates/mcu/stm32_ws/src/targets/racer_core/firmware/tasks/system.c ****     data[1] = 'b';
  90              		.loc 1 24 0
  91 000c 6223     		movs	r3, #98
  92 000e 8DF80930 		strb	r3, [sp, #9]
  25:/home/rdu/Workspace/project_templates/mcu/stm32_ws/src/targets/racer_core/firmware/tasks/system.c ****     data[2] = 'c';
  93              		.loc 1 25 0
  94 0012 6323     		movs	r3, #99
  95 0014 8DF80A30 		strb	r3, [sp, #10]
  96              	.L5:
  26:/home/rdu/Workspace/project_templates/mcu/stm32_ws/src/targets/racer_core/firmware/tasks/system.c ****     for (;;)
  27:/home/rdu/Workspace/project_templates/mcu/stm32_ws/src/targets/racer_core/firmware/tasks/system.c ****     {
  28:/home/rdu/Workspace/project_templates/mcu/stm32_ws/src/targets/racer_core/firmware/tasks/system.c ****         RACERIO_ToggleLED(BLUE);
  97              		.loc 1 28 0 discriminator 1
  98 0018 0120     		movs	r0, #1
  99 001a FFF7FEFF 		bl	RACERIO_ToggleLED
  29:/home/rdu/Workspace/project_templates/mcu/stm32_ws/src/targets/racer_core/firmware/tasks/system.c **** 
  30:/home/rdu/Workspace/project_templates/mcu/stm32_ws/src/targets/racer_core/firmware/tasks/system.c ****         RACERIO_CAN_TxCANFrame(0x11, true, data, 3);
 100              		.loc 1 30 0 discriminator 1
 101 001e 02AA     		add	r2, sp, #8
 102 0020 0323     		movs	r3, #3
 103 0022 0121     		movs	r1, #1
 104 0024 1120     		movs	r0, #17
 105 0026 FFF7FEFF 		bl	RACERIO_CAN_TxCANFrame
  31:/home/rdu/Workspace/project_templates/mcu/stm32_ws/src/targets/racer_core/firmware/tasks/system.c ****         // JLinkRTTPrintf(0, "CAN msg sent\n", 0);
  32:/home/rdu/Workspace/project_templates/mcu/stm32_ws/src/targets/racer_core/firmware/tasks/system.c **** 
  33:/home/rdu/Workspace/project_templates/mcu/stm32_ws/src/targets/racer_core/firmware/tasks/system.c ****         // JLinkWriteString(0, "sytem running\n");
  34:/home/rdu/Workspace/project_templates/mcu/stm32_ws/src/targets/racer_core/firmware/tasks/system.c ****         vTaskDelay(500 / portTICK_RATE_MS);
 106              		.loc 1 34 0 discriminator 1
 107 002a 4FF4FA70 		mov	r0, #500
 108 002e FFF7FEFF 		bl	vTaskDelay
  28:/home/rdu/Workspace/project_templates/mcu/stm32_ws/src/targets/racer_core/firmware/tasks/system.c **** 
 109              		.loc 1 28 0 discriminator 1
 110 0032 F1E7     		b	.L5
 111              		.cfi_endproc
 112              	.LFE6:
 114              		.text
 115              	.Letext0:
 116              		.file 2 "/home/rdu/Software/gcc-arm-none-eabi-7-2017-q4-major/arm-none-eabi/include/machine/_defau
 117              		.file 3 "/home/rdu/Software/gcc-arm-none-eabi-7-2017-q4-major/arm-none-eabi/include/sys/_stdint.h"
 118              		.file 4 "/home/rdu/Workspace/project_templates/mcu/stm32_ws/src/libraries/FreeRTOS/Source/portable
 119              		.file 5 "/home/rdu/Workspace/project_templates/mcu/stm32_ws/src/modules/rtt/SEGGER_RTT.h"
 120              		.file 6 "/home/rdu/Workspace/project_templates/mcu/stm32_ws/src/targets/racer_core/firmware/config
 121              		.file 7 "/home/rdu/Workspace/project_templates/mcu/stm32_ws/src/targets/racer_core/firmware/driver
DEFINED SYMBOLS
                            *ABS*:0000000000000000 system.c
     /tmp/ccpvJtDy.s:16     .rodata:0000000000000000 $d
     /tmp/ccpvJtDy.s:20     .text.SetupSystemTask:0000000000000000 $t
     /tmp/ccpvJtDy.s:27     .text.SetupSystemTask:0000000000000000 SetupSystemTask
     /tmp/ccpvJtDy.s:61     .text.SetupSystemTask:0000000000000020 $d
     /tmp/ccpvJtDy.s:73     .text.vTaskSystem:0000000000000000 vTaskSystem
     /tmp/ccpvJtDy.s:67     .text.vTaskSystem:0000000000000000 $t

UNDEFINED SYMBOLS
xTaskCreate
RACERIO_ToggleLED
RACERIO_CAN_TxCANFrame
vTaskDelay
